#  log(Observed catch)- log(Expected catch)
# Species,Quarter,Year, Age_0, Age_1, Age_2, Age_3, Age_4, Age_5, Age_6, Age_7, Age_8
21,1,1974     ,0.3496,-0.0338,-1.0379,-0.1287,-0.1811,0.5740,-0.0506,-0.5231
21,1,1975     ,1.3764,-0.0747,-1.3145,-1.5346,-0.3987,-0.3979,0.1487,-0.4154
21,1,1976     ,-1.5926,0.7718,0.2848,0.2071,-0.4751,-2.9083,-1.8373,-1.2452
21,1,1977     ,1.5014,0.7836,3.3849,2.1587,1.9698,1.6687,2.1085,1.3186
21,1,1978,-99.9,-99.9,-99.9,-99.9,-99.9,-99.9,-99.9,-99.9
21,1,1979,-99.9,-99.9,-99.9,-99.9,-99.9,-99.9,-99.9,-99.9
21,1,1980     ,1.0812,-0.2249,0.8544,0.2924,0.8681,-2.4823,-99.9,-99.9
21,1,1981     ,0.2261,-0.9287,-2.1182,-2.7492,-2.6897,-0.8171,-99.9,-99.9
21,1,1982     ,-0.4400,0.6214,1.8064,1.1754,0.7739,0.3094,0.8122,0.6986
21,1,1983     ,-0.9244,-0.2514,-0.6707,0.0879,-0.2767,-0.9369,-1.5974,-1.8376
21,1,1984     ,-0.0688,-0.6231,-0.0910,-0.0875,0.1632,0.1761,-0.1893,0.4452
21,1,1985     ,1.5121,-1.1965,0.3272,0.4939,0.5545,0.2271,1.3439,0.9332
21,1,1986     ,0.1299,0.2459,0.7446,0.7636,0.8096,1.1914,0.9006,1.8428
21,1,1987     ,1.4433,0.0622,0.5884,0.8017,0.7962,0.3798,0.0746,0.5035
21,1,1988     ,0.2055,-0.7494,0.0900,0.7413,1.2106,1.0258,1.1055,0.7529
21,1,1989     ,-1.1147,0.3314,0.0664,0.3480,0.3373,0.2335,0.2841,-0.3757
21,1,1990     ,1.2121,-0.2213,-0.3148,0.0030,0.3905,-0.3640,-0.0216,-0.1168
21,1,1991     ,-1.4736,0.1652,-0.1025,0.1404,0.3089,0.0809,0.1900,-0.3537
21,1,1992     ,-1.8085,0.7383,-0.3596,-0.1687,0.1075,0.1896,-0.3577,-0.4081
21,1,1993     ,1.5139,0.2093,-0.4753,-0.5886,-0.5490,-0.8975,-0.5668,-0.5085
21,1,1994     ,-0.2193,-0.4920,-0.8796,0.0522,-1.0576,-0.6718,-0.3293,-0.3866
21,1,1995     ,-0.8270,-1.3910,-0.0726,-0.6978,-0.4742,-1.3356,-1.2417,-1.3280
21,1,1996     ,2.0608,-0.3810,0.7327,0.2473,0.5565,0.7445,-0.2005,-0.7527
21,1,1997     ,-1.8879,-1.0451,-0.0441,0.5054,-0.0122,0.0815,-0.4396,0.5939
21,1,1998     ,2.7913,-0.3779,-0.0609,-0.5573,-0.8087,0.5503,-0.0909,0.3542
21,1,1999     ,1.0319,-0.2831,0.1290,0.3765,-0.2155,0.0594,-0.0972,-1.5279
21,1,2000     ,0.2058,-0.3468,-0.7343,-0.0625,-0.4573,-1.1010,-1.4995,-2.1153
21,1,2001     ,1.8165,0.2845,0.5463,0.3729,0.3446,0.3393,-0.0929,-1.0441
21,1,2002     ,0.6010,1.2687,0.1042,0.1369,-0.6626,0.0951,-0.0933,-0.3962
21,1,2003     ,1.8328,-0.6086,-0.0589,0.3022,0.3461,0.0677,0.4251,0.2334
21,1,2004     ,-0.7562,0.7872,-0.1151,0.4371,0.1897,0.5603,0.7293,-0.3498
21,1,2005     ,1.1649,1.1075,0.0062,0.2009,0.1440,0.2014,0.0012,-0.5565
21,1,2006     ,1.4176,0.7696,0.5240,0.4366,0.1656,0.0040,-0.1577,0.0380
21,1,2007     ,0.7393,0.9183,0.3186,0.3219,0.1999,0.1584,0.5252,0.5247
21,1,2008     ,0.5268,1.5001,-0.1000,-0.2159,0.3055,-0.8732,-0.3675,-1.6035
21,1,2009     ,0.9234,0.3602,0.4378,0.7894,0.6473,-0.5834,0.8932,0.3690
21,1,2010     ,0.8669,1.0243,0.6683,0.7398,-0.0064,-0.8947,0.5804,-0.0462
21,1,2011     ,0.2991,1.1958,0.3489,0.2071,0.9847,0.9831,0.6542,1.4410
21,1,2012     ,1.0921,0.2123,0.9655,-0.3165,-0.6911,-0.0464,-0.5563,-0.5907
21,1,2013     ,-0.1432,0.4623,0.0098,0.7147,-0.5306,0.1942,0.7532,0.7836
21,1,2014     ,-3.0839,0.3888,-0.1666,0.1556,0.1208,-0.3884,-0.0713,-0.1707
21,1,2015     ,0.0573,0.2472,-0.1035,0.1750,0.3685,0.8326,0.1535,0.4477
21,1,2016     ,0.4387,-0.4377,-0.5254,-0.5494,-0.8473,-0.1866,-0.3251,-0.4326
21,1,2017     ,0.6044,-0.4963,-0.4921,-0.3393,-0.6930,-0.9995,-0.9876,-1.0354
21,1,2018     ,0.5481,0.0720,-0.6701,-0.5402,-0.5765,-1.0560,-0.3821,-0.3009
21,1,2019     ,0.7358,0.2997,-0.3733,-0.9925,-0.8818,-0.5407,-0.5832,-1.3348
21,1,2020     ,-0.3005,0.1219,-0.9709,-1.4541,-1.2909,-0.8470,0.0918,0.1573
21,1,2021     ,-2.0184,0.4755,-0.3985,-0.8238,-0.9053,-0.5670,-0.6143,-0.8754
21,1,2022,-99.9,-0.1128,0.0653,0.0132,-0.5344,0.3387,0.3197,-0.3491
# Species,Quarter,Year, Age_0, Age_1, Age_2, Age_3, Age_4, Age_5, Age_6, Age_7, Age_8
21,2,1974     ,-1.4947,-0.0795,0.1127,0.2579,0.6089,0.0511,0.8917,-1.3347
21,2,1975     ,-0.1695,0.6473,0.7483,0.8603,1.2597,0.5710,1.2162,1.1266
21,2,1976     ,-0.5390,1.5127,0.5320,0.8577,0.7717,0.0557,1.0296,0.4178
21,2,1977     ,1.7784,1.3268,0.4168,-0.0803,1.3986,1.3622,-99.9,1.5333
21,2,1978,-99.9,-99.9,-99.9,-99.9,-99.9,-99.9,-99.9,-99.9
21,2,1979,-99.9,-99.9,-99.9,-99.9,-99.9,-99.9,-99.9,-99.9
21,2,1980     ,-0.4537,-1.7404,-0.4416,0.0787,-0.1628,-1.9854,-0.6034,-99.9
21,2,1981     ,0.7406,-1.9128,-3.0975,-99.9,-99.9,0.1376,-99.9,-99.9
21,2,1982     ,-1.8168,-2.0025,-1.0309,-0.8535,-1.6328,-99.9,-99.9,-99.9
21,2,1983     ,-0.7049,-0.1752,-0.3188,-0.1522,0.3945,0.8749,1.0495,1.1716
21,2,1984     ,-0.3842,0.2822,0.3868,0.5914,0.8842,0.4095,1.1809,-0.5601
21,2,1985     ,-1.9060,-0.2695,0.7736,0.7445,0.6893,0.8016,0.8955,0.7781
21,2,1986     ,-0.7417,0.5429,-0.2419,0.0367,0.2571,-0.1722,0.4228,0.1954
21,2,1987     ,-0.5337,-0.4369,-0.1881,0.2193,0.2992,0.4046,0.1825,0.5059
21,2,1988     ,0.4565,-0.6711,-0.6446,-0.1210,0.0265,-0.1279,-0.1141,-0.1615
21,2,1989     ,-1.7009,-0.3959,-0.2742,0.2387,-0.1401,0.0865,-0.1314,-0.5948
21,2,1990     ,0.2029,-0.0360,-0.6657,-0.4195,-0.1629,-0.2501,-0.0161,-0.3435
21,2,1991     ,0.6572,0.8690,-0.0802,-0.1179,0.1159,0.1270,-0.7492,-0.1287
21,2,1992     ,0.4111,0.2635,-0.1330,-0.0693,-0.1750,-0.0831,0.1010,-0.1652
21,2,1993     ,0.2595,-0.2312,-0.2109,-0.0270,0.0462,0.0616,0.0242,-0.2593
21,2,1994     ,-0.6909,0.7021,0.1623,-0.0338,-0.0040,-0.1849,-0.3569,-0.3856
21,2,1995     ,-0.0658,-0.2793,-0.4864,-0.4444,0.0294,-0.6596,-0.4186,-0.5134
21,2,1996     ,0.8393,0.3340,0.6185,-0.3028,-0.3872,-0.2471,-1.7811,-99.9
21,2,1997     ,-0.1714,0.6520,0.2431,0.1138,-0.1864,0.2209,0.4520,-1.0806
21,2,1998     ,0.3794,0.2505,-0.4596,-0.8455,-1.7576,-1.7398,-1.3712,-1.6201
21,2,1999     ,1.4312,0.9432,0.0029,-0.4339,-1.0055,-1.1920,-1.0958,-1.5476
21,2,2000     ,0.8320,0.9331,0.1819,0.0298,-0.3658,-0.7570,-1.3917,-2.0280
21,2,2001     ,0.5841,0.1481,0.9341,0.0250,-0.0896,0.1003,0.0360,-1.4410
21,2,2002     ,-0.1027,0.2290,-0.2193,0.4212,-0.7468,-0.7516,-0.6309,-0.8212
21,2,2003     ,-0.1978,-0.4553,-0.3394,-0.1440,0.4282,-0.1230,0.1370,-0.1376
21,2,2004     ,-0.3502,0.3540,-0.3506,-0.2995,-0.4091,0.2364,-0.3973,-0.8780
21,2,2005     ,0.2012,0.3583,0.2097,0.1535,-0.1635,0.0642,0.4559,-0.4140
21,2,2006     ,-0.8383,0.0791,0.3839,0.6142,0.2396,0.2410,0.1437,0.4097
21,2,2007     ,-1.1622,0.1177,0.8375,0.9196,0.2292,0.7390,0.3833,-0.2034
21,2,2008     ,0.0570,1.0406,0.3573,0.6912,0.5333,-0.0648,0.6032,-0.3819
21,2,2009     ,-1.2946,1.3902,0.4330,-0.4021,-0.0654,-0.2390,-1.2566,-0.3114
21,2,2010     ,0.6073,0.9746,0.6146,-0.0404,-0.9310,-0.2717,-0.5039,0.0868
21,2,2011     ,-2.4726,0.5337,0.6147,0.4794,-0.1208,-0.3425,-0.1748,-0.0200
21,2,2012     ,0.0596,0.4129,0.2701,0.5681,0.1222,-0.1436,-0.0144,-0.3544
21,2,2013     ,0.4423,0.3662,-0.0707,-0.0293,0.2884,0.1031,-0.0432,0.3882
21,2,2014     ,-0.4118,0.6407,0.4321,0.6368,-0.2923,0.9290,0.6467,0.1649
21,2,2015     ,0.1922,-0.6540,-0.5154,-0.4118,-0.0734,-0.0450,1.0825,0.9051
21,2,2016     ,-0.4448,-0.5892,0.0520,-0.0789,-0.4113,0.5525,0.6005,1.3677
21,2,2017     ,-1.6924,-1.5930,0.4433,0.7222,0.1029,0.0055,0.6906,0.6584
21,2,2018     ,-0.7937,0.1791,-0.1667,0.3727,0.6183,0.4366,0.3914,0.5906
21,2,2019     ,-0.2711,0.4145,0.2923,-0.1799,0.0066,0.7139,0.8389,0.2384
21,2,2020     ,-0.5327,1.1587,0.7782,0.5815,-0.0902,0.2715,0.6822,0.0966
21,2,2021     ,-1.3806,1.2825,0.8368,0.7439,0.5539,0.3260,0.2459,0.7079
21,2,2022     ,-0.9591,2.1152,0.6174,0.0322,-0.6492,-0.8313,-0.3339,-0.5473
# Species,Quarter,Year, Age_0, Age_1, Age_2, Age_3, Age_4, Age_5, Age_6, Age_7, Age_8
21,3,1974     ,-1.2967,0.2081,1.0174,0.9375,1.2879,1.6854,1.7006,0.8394,0.5983
21,3,1975     ,-1.9896,-0.0621,-0.1049,0.5058,0.7626,0.6475,0.6139,0.9344,0.3451
21,3,1976     ,-0.9685,-1.0644,1.2954,0.6067,1.2293,1.2060,0.1986,1.4739,0.3920
21,3,1977     ,0.3792,0.0703,-1.6571,-2.0487,-1.9702,-1.5378,-1.9222,-99.9,-99.9
21,3,1978,-99.9,-99.9,-99.9,-99.9,-99.9,-99.9,-99.9,-99.9,-99.9
21,3,1979,-99.9,-99.9,-99.9,-99.9,-99.9,-99.9,-99.9,-99.9,-99.9
21,3,1980     ,0.6590,0.9200,-2.2659,-1.1863,-1.1009,-99.9,-99.9,0.3775,-99.9
21,3,1981     ,2.2715,1.5475,-0.7277,-0.1017,-0.9101,-0.6289,-0.4217,-1.2584,0.0475
21,3,1982     ,1.9388,1.1138,-0.3495,-1.3990,-0.5116,-1.9242,-1.9903,-99.9,-99.9
21,3,1983     ,1.5496,1.1566,-0.7599,-0.8234,-0.7626,-0.2557,0.1381,-0.0965,0.3784
21,3,1984     ,0.5230,-0.3693,-0.5823,-0.4198,-0.2775,-0.4120,0.3124,0.8030,0.6075
21,3,1985     ,-0.5823,0.4306,-0.1642,0.0587,-0.1730,-0.2066,-0.3421,0.4108,-0.0786
21,3,1986     ,-0.7974,0.5043,-0.2895,-0.1311,-0.3304,-0.2992,-0.1006,-0.7105,-0.4339
21,3,1987     ,-0.8919,-0.9184,-0.6408,-0.3643,-0.3106,0.0276,0.0328,0.0734,-0.3984
21,3,1988     ,-0.2152,1.6923,-0.2773,-0.4889,-0.3920,-0.1640,0.0274,-0.0879,0.3267
21,3,1989     ,0.2859,1.7508,-0.1631,-0.0398,0.0889,0.3633,0.4450,0.3439,0.4817
21,3,1990     ,-0.6470,1.3864,-0.5037,-0.2519,0.2124,0.3619,0.2787,0.4154,0.4376
21,3,1991     ,-0.1727,1.0965,0.2584,-0.1917,-0.0707,0.2191,0.1903,-0.1505,-0.1676
21,3,1992     ,0.8204,1.0026,-0.6541,-0.4162,-0.3378,0.0652,0.4022,0.3416,0.1640
21,3,1993     ,0.3604,-1.6188,-0.4725,-0.6209,-0.2607,-0.1486,0.2175,0.1907,0.1686
21,3,1994     ,-0.1022,-0.0055,0.1301,-0.0664,-0.1365,-0.0437,0.0056,-0.0304,0.2982
21,3,1995     ,0.3844,-0.5958,-0.1961,0.0685,-0.0427,-0.1299,0.2190,0.1463,0.2873
21,3,1996     ,-1.0810,-4.0336,-0.2393,0.1121,0.1507,0.3534,-0.0685,0.0843,-0.2982
21,3,1997     ,-1.5336,-1.7900,-0.5522,-0.5592,0.3822,0.7426,0.2425,-0.1787,-0.7314
21,3,1998     ,-1.6409,0.3283,0.5019,-0.0663,-0.2368,-0.0980,-0.1549,-0.8626,-1.2664
21,3,1999     ,0.0508,-1.7045,0.3390,0.6544,-0.2075,-0.3889,-0.0173,-0.2383,-0.4095
21,3,2000     ,-0.0090,0.4508,0.5283,0.3264,0.2651,-0.4047,-0.3237,-0.2131,-0.4017
21,3,2001     ,-0.5450,0.2509,-0.1141,0.0115,-0.2030,0.0507,-0.1153,-0.1113,-0.0833
21,3,2002     ,-0.1356,-0.7055,-0.4390,-0.1510,-0.2497,-0.4512,-0.0686,-0.1774,-0.1226
21,3,2003     ,-1.1483,-0.5046,-0.3194,0.0035,-0.0623,-0.2255,-0.4569,-0.0209,-0.5628
21,3,2004     ,-0.6157,-0.2211,-0.7009,-0.4182,0.1725,-0.0113,0.0013,0.2343,0.0079
21,3,2005     ,0.3094,0.0413,-1.0325,-0.4319,-0.5160,0.1124,0.2151,0.2704,0.3116
21,3,2006     ,0.4396,-0.3040,-0.3888,-0.2655,0.0308,-0.1704,0.4642,0.4085,0.2178
21,3,2007     ,-0.8223,0.0733,-0.2864,0.0087,0.0262,0.1485,0.1783,0.5093,0.0735
21,3,2008     ,0.6643,-0.0392,0.1843,0.3676,-0.0526,-0.3239,0.0263,0.0607,0.3077
21,3,2009     ,0.7047,0.8027,-0.2906,-0.5360,0.1107,-0.5467,-0.4242,0.4246,0.3617
21,3,2010     ,0.3745,0.0841,-0.3513,-0.5461,-0.3492,0.0043,-0.4037,-0.1774,-0.0394
21,3,2011     ,1.0460,-1.2632,0.3304,0.0073,-0.3317,-0.5352,-0.1964,-0.2950,-0.5307
21,3,2012     ,0.0008,-0.1087,-0.1599,0.2821,-0.0183,-0.0802,0.0227,0.4112,0.1665
21,3,2013     ,-0.7796,0.7617,-0.2918,-0.0014,0.0981,0.0198,0.1715,0.3526,0.1722
21,3,2014     ,-0.0350,-0.0003,0.0253,0.1625,0.4624,0.1343,0.0706,0.2805,0.3004
21,3,2015     ,-0.2527,-1.2032,-0.7753,-0.4679,0.0455,0.2719,0.6103,0.6154,0.4521
21,3,2016     ,1.1473,-0.2430,-0.2278,-0.0316,0.0119,0.2846,0.6476,0.9258,0.6211
21,3,2017     ,0.5906,-0.2800,-0.3967,0.5475,0.5301,0.1021,0.5177,0.8912,0.6466
21,3,2018     ,0.9899,-0.6659,-0.9113,-0.1603,0.7293,0.5114,0.6605,0.9386,1.0226
21,3,2019     ,-0.4932,-0.4896,-0.6316,0.0828,0.2798,0.5485,0.9102,0.8087,0.7179
21,3,2020     ,0.9734,-1.1106,0.4966,0.2774,-0.0352,-0.2699,0.6607,0.9212,0.6783
21,3,2021     ,0.2006,-0.1436,0.2909,0.4137,0.2329,0.2675,0.4928,0.8448,0.9536
21,3,2022     ,-0.7609,-1.3216,-0.1237,0.6696,0.3314,0.0512,0.2835,0.6701,0.5477
# Species,Quarter,Year, Age_0, Age_1, Age_2, Age_3, Age_4, Age_5, Age_6, Age_7, Age_8
21,4,1974     ,-0.5085,0.0921,-0.5168,-0.6453,-0.7722,-1.0387,-2.0633,-1.3051,-99.9
21,4,1975     ,-1.5039,-0.2963,0.1719,-0.2720,-0.9885,-1.1152,-0.7858,-1.3197,-2.3945
21,4,1976     ,-0.9814,-0.4739,0.8437,0.7969,-0.6704,-0.7099,-0.2573,-2.3269,-1.7348
21,4,1977     ,1.2545,-0.2616,-0.9888,-1.5282,-1.3619,-2.0330,-99.9,-99.9,-99.9
21,4,1978,-99.9,-99.9,-99.9,-99.9,-99.9,-99.9,-99.9,-99.9,-99.9
21,4,1979,-99.9,-99.9,-99.9,-99.9,-99.9,-99.9,-99.9,-99.9,-99.9
21,4,1980     ,1.3413,-0.3576,1.9768,1.7401,1.3502,1.5900,-0.3121,0.0155,-0.7000
21,4,1981     ,0.4515,0.0254,1.2690,1.1180,1.2853,1.4057,1.7104,1.8371,1.1569
21,4,1982     ,1.1176,1.0522,0.3642,1.2487,1.0846,0.3579,0.1657,1.0558,-0.1257
21,4,1983     ,0.8176,0.2330,0.3997,0.4072,0.6228,0.4681,0.0501,-0.3821,0.1721
21,4,1984     ,0.2713,0.1552,-0.5202,-0.5177,-0.5779,-0.1182,-0.1018,-0.8824,-0.1994
21,4,1985     ,-2.9720,-0.7113,0.0403,-0.3648,-0.4556,-0.7197,-0.3943,-0.0843,-0.7181
21,4,1986     ,-2.9340,0.7331,-0.3126,0.0301,-0.2020,-0.5458,-0.2224,-0.0000,0.4127
21,4,1987     ,1.6919,0.7392,0.3560,-0.0728,-0.0390,-0.3354,-0.0103,-0.5737,-0.6036
21,4,1988     ,0.1669,0.5833,-0.0567,0.1444,-0.1385,-0.0931,-0.4150,-0.7222,-1.4673
21,4,1989     ,0.2144,-0.1461,-0.0847,-0.0865,0.4276,0.4345,0.4222,0.2005,0.0277
21,4,1990     ,-0.1059,0.9472,0.2277,0.0286,-0.0036,0.2004,-0.2325,-0.0860,-0.5330
21,4,1991     ,0.3859,0.8000,0.0819,0.0318,-0.1974,-0.0914,0.1908,-0.3134,-0.5144
21,4,1992     ,0.2430,0.0689,0.4754,-0.2891,-0.2325,-0.2637,0.0294,0.3150,-0.4570
21,4,1993     ,0.4539,-0.2217,0.0004,0.4736,-0.2500,-0.1295,-0.1278,-0.1386,0.2665
21,4,1994     ,-0.2134,-0.9895,-0.2916,-0.1104,0.7099,-0.3302,0.1366,-0.2570,-0.3693
21,4,1995     ,0.5005,0.0872,0.1459,0.1933,0.0596,0.3749,-0.0440,0.0793,0.1023
21,4,1996     ,1.1682,-0.6158,0.2083,0.2269,-0.0712,0.0136,-0.3570,-0.4890,0.1570
21,4,1997     ,-0.3492,-0.5719,0.3660,0.6387,-0.0871,-0.4847,-0.0237,-0.2487,0.3812
21,4,1998     ,-0.7276,-0.4970,0.4391,0.4770,0.0780,-0.3233,-0.3737,-1.1074,-1.0702
21,4,1999     ,-1.2351,-0.3400,0.5790,0.8409,0.3883,-0.1793,-0.6486,-0.3441,-1.7980
21,4,2000     ,-0.2787,-0.0366,0.5066,-0.0297,0.3369,0.2900,0.0628,-0.0786,-1.1296
21,4,2001     ,-0.3187,-0.1636,-0.5132,0.7545,0.2685,-0.7329,-1.2589,-1.2851,-3.5206
21,4,2002     ,-0.2750,0.0803,0.1422,0.4434,0.6388,-0.2085,0.1393,-0.0578,0.1655
21,4,2003     ,0.0865,0.9050,-0.0524,-0.0313,-0.1108,0.0088,-0.3059,-0.4102,-1.1552
21,4,2004     ,0.3457,0.3847,-1.0284,-0.0233,0.0349,0.0648,0.4436,0.3091,-0.0970
21,4,2005     ,0.3693,1.3507,-0.7560,-1.0023,-0.5341,-0.1754,0.1495,0.3868,0.3492
21,4,2006     ,-0.2542,0.1638,0.1042,-0.1876,-0.3277,-0.1444,0.2321,0.2779,0.2342
21,4,2007     ,0.2570,0.5161,-0.6676,-0.1949,0.0614,-0.1782,0.1317,0.7668,0.4877
21,4,2008     ,-0.1621,0.6025,-0.4335,-0.5425,-0.3319,0.2309,0.4836,0.1636,0.9215
21,4,2009     ,-0.1483,0.3191,0.2230,-0.5649,-0.0394,-0.3269,0.2014,0.2323,0.6319
21,4,2010     ,-0.0835,0.8576,0.2038,-0.0724,-0.3914,-0.2878,-0.0239,-0.0742,-0.0105
21,4,2011     ,0.6916,1.1278,-0.6501,0.0580,0.1482,-0.1107,-0.4477,-0.1043,0.2655
21,4,2012     ,0.2988,0.8451,0.1059,-0.3500,-0.0542,-0.3172,-0.1175,0.5282,0.2132
21,4,2013     ,-1.7974,0.6147,-0.4007,-0.2785,-0.2993,0.2577,0.6740,0.2114,1.0049
21,4,2014     ,-0.4272,-0.0309,-0.5294,-0.2100,0.0271,0.3061,0.3434,0.5650,0.6254
21,4,2015     ,0.6265,-0.3705,0.0127,-0.6248,-0.4347,-0.0590,0.4322,0.9791,0.8814
21,4,2016     ,0.6888,-1.7647,-0.4605,0.2768,-0.0922,0.2156,0.6745,0.9808,0.9245
21,4,2017     ,0.6803,1.0476,-0.4279,0.3405,0.5200,0.1781,0.3012,0.6401,0.6223
21,4,2018     ,0.0007,-0.0974,-0.4621,-0.1608,0.2425,0.5082,0.2844,0.4512,0.7924
21,4,2019     ,0.1546,0.1247,-0.9064,0.0708,0.1700,-0.0517,0.5110,0.3857,0.8464
21,4,2020     ,1.4268,0.0023,-0.0588,-0.1116,0.0111,0.0014,-0.0593,0.4741,-0.0310
21,4,2021     ,0.3774,-0.3649,-0.9874,-0.3803,0.3348,0.0128,-0.1668,0.3096,0.2319
21,4,2022     ,0.0406,0.8169,-0.8261,-0.2309,-0.2810,0.2605,0.2901,0.1936,0.2663
# Species,Quarter,Year, Age_0, Age_1, Age_2, Age_3, Age_4
23,1,1974,-99.9,-99.9,-99.9,-99.9
23,1,1975,-99.9,-99.9,-99.9,-99.9
23,1,1976,-99.9,-99.9,-99.9,-99.9
23,1,1977,-99.9,-99.9,-99.9,-99.9
23,1,1978,-99.9,-99.9,-99.9,-99.9
23,1,1979,-99.9,-99.9,-99.9,-99.9
23,1,1980,-99.9,-99.9,-99.9,-99.9
23,1,1981,-99.9,-99.9,-99.9,-99.9
23,1,1982,-99.9,-99.9,-99.9,-99.9
23,1,1983,-99.9,-99.9,-99.9,-99.9
23,1,1984,-99.9,-99.9,-99.9,-99.9
23,1,1985,-99.9,-99.9,-99.9,-99.9
23,1,1986,-99.9,-99.9,-99.9,-99.9
23,1,1987,-99.9,-99.9,-99.9,-99.9
23,1,1988,-99.9,-99.9,-99.9,-99.9
23,1,1989,-99.9,-99.9,-99.9,-99.9
23,1,1990,-99.9,-99.9,-99.9,-99.9
23,1,1991,-99.9,-99.9,-99.9,-99.9
23,1,1992,-99.9,-99.9,-99.9,-99.9
23,1,1993,-99.9,-99.9,-99.9,-99.9
23,1,1994,-99.9,-99.9,-99.9,-99.9
23,1,1995,-99.9,-99.9,-99.9,-99.9
23,1,1996,-99.9,-99.9,-99.9,-99.9
23,1,1997,-99.9,-99.9,-99.9,-99.9
23,1,1998,-99.9,-99.9,-99.9,-99.9
23,1,1999,-99.9,-99.9,-99.9,-99.9
23,1,2000,-99.9,-99.9,-99.9,-99.9
23,1,2001,-99.9,-99.9,-99.9,-99.9
23,1,2002,-99.9,-99.9,-99.9,-99.9
23,1,2003,-99.9,-99.9,-99.9,-99.9
23,1,2004,-99.9,-99.9,-99.9,-99.9
23,1,2005,-99.9,-99.9,-99.9,-99.9
23,1,2006,-99.9,-99.9,-99.9,-99.9
23,1,2007,-99.9,-99.9,-99.9,-99.9
23,1,2008,-99.9,-99.9,-99.9,-99.9
23,1,2009,-99.9,-99.9,-99.9,-99.9
23,1,2010,-99.9,-99.9,-99.9,-99.9
23,1,2011,-99.9,-99.9,-99.9,-99.9
23,1,2012,-99.9,-99.9,-99.9,-99.9
23,1,2013,-99.9,-99.9,-99.9,-99.9
23,1,2014,-99.9,-99.9,-99.9,-99.9
23,1,2015,-99.9,-99.9,-99.9,-99.9
23,1,2016,-99.9,-99.9,-99.9,-99.9
23,1,2017,-99.9,-99.9,-99.9,-99.9
23,1,2018,-99.9,-99.9,-99.9,-99.9
23,1,2019,-99.9,-99.9,-99.9,-99.9
23,1,2020,-99.9,-99.9,-99.9,-99.9
23,1,2021,-99.9,-99.9,-99.9,-99.9
23,1,2022,-99.9,-99.9,-99.9,-99.9
# Species,Quarter,Year, Age_0, Age_1, Age_2, Age_3, Age_4
23,2,1974     ,0.5428,0.1139,-0.0412,0.6845
23,2,1975     ,-0.0448,-0.4429,0.3854,0.4089
23,2,1976     ,0.3800,0.0511,-0.3293,-0.3331
23,2,1977     ,-0.0499,0.1615,0.5267,0.5856
23,2,1978     ,0.0516,0.2581,-0.0689,-0.3666
23,2,1979     ,-0.6108,-0.0413,0.3347,0.9418
23,2,1980     ,0.0626,0.2303,-0.1734,-0.2870
23,2,1981     ,0.0133,-0.0960,0.0210,0.1184
23,2,1982     ,-0.3815,0.1158,0.0380,0.9529
23,2,1983     ,-0.7464,0.4938,0.1312,-0.2427
23,2,1984     ,0.2389,-0.3176,0.3760,-0.1298
23,2,1985     ,-1.1538,0.2632,0.7634,-2.4853
23,2,1986     ,-0.0825,0.8104,-0.3096,-2.1853
23,2,1987     ,-0.1765,0.1213,0.2135,-1.3478
23,2,1988     ,-1.2282,0.7161,0.3117,1.0830
23,2,1989     ,0.7797,0.4388,-0.1700,0.1551
23,2,1990     ,-0.1811,-0.1013,0.4720,-0.9189
23,2,1991     ,-0.3885,0.4599,-0.5741,0.2232
23,2,1992     ,0.5680,-0.0705,-0.2594,0.1581
23,2,1993     ,-0.4623,-0.0736,0.3160,0.9827
23,2,1994     ,0.0873,0.0104,-0.4307,0.6820
23,2,1995     ,0.3286,-0.2686,0.1550,-1.3146
23,2,1996     ,0.0111,-0.3831,0.0198,0.1023
23,2,1997     ,0.0994,-0.2023,0.1745,0.0932
23,2,1998     ,0.1340,-0.0694,0.2693,-0.3343
23,2,1999     ,0.6391,-0.1460,-0.2898,-0.4954
23,2,2000     ,0.2815,-0.4376,-0.0903,-0.2210
23,2,2001     ,0.1034,-0.3084,-0.2921,0.3191
23,2,2002     ,0.5094,-0.1849,-0.2864,0.4409
23,2,2003     ,0.1409,-0.4538,0.0323,0.9778
23,2,2004     ,0.5717,-0.2296,-0.0251,0.4416
23,2,2005     ,-0.0109,-0.3969,0.1120,0.0576
23,2,2006     ,0.1721,-0.3994,-0.5183,0.3449
23,2,2007     ,-0.0372,-0.1099,-0.3482,0.2950
23,2,2008     ,0.0451,-0.2627,-0.3798,0.2025
23,2,2009     ,-0.2098,-0.0692,-0.2967,-0.5653
23,2,2010     ,0.1822,-0.1045,0.0292,0.0042
23,2,2011     ,-0.5667,0.5202,0.4454,-0.1164
23,2,2012     ,-0.5079,0.1347,0.4910,0.1251
23,2,2013     ,-0.1044,0.5518,0.4392,-0.3857
23,2,2014     ,0.2053,-0.0627,-0.2207,-0.4481
23,2,2015     ,0.2162,-0.2888,-0.0956,0.2603
23,2,2016     ,-0.6252,0.1880,0.3325,0.4125
23,2,2017     ,0.1964,0.2456,0.0359,-1.4986
23,2,2018     ,-0.5049,0.0979,0.1701,-1.1098
23,2,2019     ,0.2135,-0.0760,-0.1849,-1.0026
23,2,2020     ,0.2363,-0.3630,0.2972,-0.1124
23,2,2021     ,0.5203,-0.1018,0.0139,0.3389
23,2,2022     ,0.2332,-0.4547,0.0028,1.0038
# Species,Quarter,Year, Age_0, Age_1, Age_2, Age_3, Age_4
23,3,1974     ,-1.4078,-0.4388,-3.5695,-99.9,-3.6954
23,3,1975     ,-1.2568,-0.9082,1.3962,-0.1283,1.0691
23,3,1976,-99.9,-1.4033,0.7369,0.8267,0.1476
23,3,1977     ,2.2459,-1.9467,-2.6988,-3.6509,-1.8440
23,3,1978     ,3.7041,-0.5444,-0.9050,-0.0823,0.2641
23,3,1979     ,0.3650,0.7483,0.2392,-0.4342,0.9916
23,3,1980     ,-1.9067,0.5601,0.1297,0.5654,-1.6452
23,3,1981     ,2.7078,-1.0302,0.6847,-0.4107,-0.7118
23,3,1982     ,2.5187,-0.7652,-0.1315,0.1229,-0.6004
23,3,1983     ,2.2319,-0.3710,0.6525,2.2168,-2.8339
23,3,1984,-99.9,1.1110,-0.6515,0.1233,0.4298
23,3,1985     ,0.6944,-0.1662,0.4027,3.3542,0.3200
23,3,1986     ,-0.7081,0.1439,-0.0255,0.1739,-0.3278
23,3,1987     ,0.2008,1.3350,0.7741,0.3031,-0.6665
23,3,1988,-99.9,-99.9,-0.5259,0.6865,-0.1084
23,3,1989     ,-6.7660,-0.9102,-1.1061,-1.6860,-1.3734
23,3,1990     ,-1.0365,-0.2751,-0.8505,-0.2035,-1.6267
23,3,1991     ,2.2131,1.5976,-0.1519,-0.3533,-99.9
23,3,1992     ,-0.7823,0.2678,-0.7994,0.4349,-0.2099
23,3,1993     ,1.0363,-0.1277,-0.3453,0.4114,0.9837
23,3,1994,-99.9,0.5911,0.4496,0.1271,1.2782
23,3,1995     ,-2.3001,0.3383,0.9205,1.0842,0.1997
23,3,1996     ,1.4130,1.2150,0.8786,0.3064,2.4618
23,3,1997     ,-3.1105,1.3384,-0.0952,-0.1141,0.3788
23,3,1998     ,-2.9007,-0.5327,-0.0862,0.3452,-0.0955
23,3,1999     ,-0.7233,-0.0869,-0.8111,0.1602,1.2202
23,3,2000     ,1.5917,0.4255,-0.2594,1.0773,0.9111
23,3,2001     ,3.1980,-0.1225,-0.0324,-0.0208,1.7293
23,3,2002     ,-2.6240,-0.8379,-1.1426,-0.6746,1.3361
23,3,2003     ,0.9813,0.0562,1.2461,0.0951,0.8238
23,3,2004     ,0.3957,0.7761,1.0454,1.0607,1.3053
23,3,2005     ,-0.1386,0.6332,1.1272,1.9657,2.4067
23,3,2006     ,-1.2271,0.4967,0.8312,1.2502,2.8070
23,3,2007,-99.9,-99.9,-99.9,-99.9,-99.9
23,3,2008,-99.9,-99.9,-99.9,-99.9,-99.9
23,3,2009     ,0.1759,1.0193,0.4117,0.2479,-1.2273
23,3,2010     ,0.3944,0.0962,-0.2481,-0.5926,-0.2713
23,3,2011,-99.9,-99.9,-99.9,-99.9,-99.9
23,3,2012,-99.9,-99.9,-99.9,-99.9,-99.9
23,3,2013     ,-2.3695,0.4396,0.9506,1.2576,-0.6577
23,3,2014     ,1.9649,-1.1455,-0.2023,0.1081,0.0114
23,3,2015,-99.9,-99.9,-99.9,-99.9,-99.9
23,3,2016,-99.9,-99.9,-99.9,-99.9,-99.9
23,3,2017     ,-2.0126,-0.3306,-0.5280,-0.6625,-0.6397
23,3,2018     ,0.7180,0.0997,0.9461,0.8551,-0.9373
23,3,2019     ,4.4583,0.5240,-0.4708,-1.2747,-2.9327
23,3,2020     ,0.7188,-1.4155,-1.3404,-0.8390,-0.8860
23,3,2021     ,-2.6729,-0.7974,-0.8849,-1.7561,-1.0084
23,3,2022,-99.9,-99.9,-99.9,-99.9,-99.9
# Species,Quarter,Year, Age_0, Age_1, Age_2, Age_3, Age_4
23,4,1974,-99.9,-99.9,-99.9,-99.9,-99.9
23,4,1975,-99.9,-99.9,-99.9,-99.9,-99.9
23,4,1976,-99.9,-99.9,-99.9,-99.9,-99.9
23,4,1977,-99.9,-99.9,-99.9,-99.9,-99.9
23,4,1978,-99.9,-99.9,-99.9,-99.9,-99.9
23,4,1979,-99.9,-99.9,-99.9,-99.9,-99.9
23,4,1980,-99.9,-99.9,-99.9,-99.9,-99.9
23,4,1981,-99.9,-99.9,-99.9,-99.9,-99.9
23,4,1982,-99.9,-99.9,-99.9,-99.9,-99.9
23,4,1983,-99.9,-99.9,-99.9,-99.9,-99.9
23,4,1984,-99.9,-99.9,-99.9,-99.9,-99.9
23,4,1985,-99.9,-99.9,-99.9,-99.9,-99.9
23,4,1986,-99.9,-99.9,-99.9,-99.9,-99.9
23,4,1987,-99.9,-99.9,-99.9,-99.9,-99.9
23,4,1988,-99.9,-99.9,-99.9,-99.9,-99.9
23,4,1989,-99.9,-99.9,-99.9,-99.9,-99.9
23,4,1990,-99.9,-99.9,-99.9,-99.9,-99.9
23,4,1991,-99.9,-99.9,-99.9,-99.9,-99.9
23,4,1992,-99.9,-99.9,-99.9,-99.9,-99.9
23,4,1993,-99.9,-99.9,-99.9,-99.9,-99.9
23,4,1994,-99.9,-99.9,-99.9,-99.9,-99.9
23,4,1995,-99.9,-99.9,-99.9,-99.9,-99.9
23,4,1996,-99.9,-99.9,-99.9,-99.9,-99.9
23,4,1997,-99.9,-99.9,-99.9,-99.9,-99.9
23,4,1998,-99.9,-99.9,-99.9,-99.9,-99.9
23,4,1999,-99.9,-99.9,-99.9,-99.9,-99.9
23,4,2000,-99.9,-99.9,-99.9,-99.9,-99.9
23,4,2001,-99.9,-99.9,-99.9,-99.9,-99.9
23,4,2002,-99.9,-99.9,-99.9,-99.9,-99.9
23,4,2003,-99.9,-99.9,-99.9,-99.9,-99.9
23,4,2004,-99.9,-99.9,-99.9,-99.9,-99.9
23,4,2005,-99.9,-99.9,-99.9,-99.9,-99.9
23,4,2006,-99.9,-99.9,-99.9,-99.9,-99.9
23,4,2007,-99.9,-99.9,-99.9,-99.9,-99.9
23,4,2008,-99.9,-99.9,-99.9,-99.9,-99.9
23,4,2009,-99.9,-99.9,-99.9,-99.9,-99.9
23,4,2010,-99.9,-99.9,-99.9,-99.9,-99.9
23,4,2011,-99.9,-99.9,-99.9,-99.9,-99.9
23,4,2012,-99.9,-99.9,-99.9,-99.9,-99.9
23,4,2013,-99.9,-99.9,-99.9,-99.9,-99.9
23,4,2014,-99.9,-99.9,-99.9,-99.9,-99.9
23,4,2015,-99.9,-99.9,-99.9,-99.9,-99.9
23,4,2016,-99.9,-99.9,-99.9,-99.9,-99.9
23,4,2017,-99.9,-99.9,-99.9,-99.9,-99.9
23,4,2018,-99.9,-99.9,-99.9,-99.9,-99.9
23,4,2019,-99.9,-99.9,-99.9,-99.9,-99.9
23,4,2020,-99.9,-99.9,-99.9,-99.9,-99.9
23,4,2021,-99.9,-99.9,-99.9,-99.9,-99.9
23,4,2022,-99.9,-99.9,-99.9,-99.9,-99.9
# Species,Quarter,Year, Age_0, Age_1, Age_2, Age_3
24,1,1974     ,0.0683,-0.5510,-1.5293
24,1,1975     ,-0.3934,0.3693,0.7942
24,1,1976     ,-0.2544,-0.7351,0.8409
24,1,1977     ,0.8887,-0.0764,0.0833
24,1,1978     ,0.3900,0.0785,0.2044
24,1,1979     ,0.2588,0.3969,0.6597
24,1,1980     ,-0.0069,-0.3607,0.0977
24,1,1981     ,0.4656,0.1965,-0.0167
24,1,1982     ,-0.0001,0.0482,1.0650
24,1,1983     ,-0.2304,-0.3506,-0.5515
24,1,1984     ,-0.2076,0.0598,0.7232
24,1,1985     ,0.1089,0.3729,1.2942
24,1,1986     ,-0.6750,1.5740,1.8197
24,1,1987     ,0.4096,0.4727,-0.1413
24,1,1988     ,0.0098,0.9317,1.0363
24,1,1989     ,0.4330,-0.9030,-1.7980
24,1,1990     ,0.4115,0.1524,0.4242
24,1,1991     ,-0.2249,1.1305,0.8699
24,1,1992     ,0.5539,0.9750,1.7838
24,1,1993     ,0.2346,-0.6559,-1.5722
24,1,1994     ,0.7118,0.5966,0.0686
24,1,1995     ,0.7814,0.1554,-1.0503
24,1,1996     ,-0.2199,-0.0437,-0.6547
24,1,1997     ,-0.7248,0.2421,-0.1413
24,1,1998     ,0.0610,0.2487,0.4314
24,1,1999     ,-1.1801,-0.2064,-0.4243
24,1,2000     ,-0.6151,-0.3491,-1.9128
24,1,2001     ,0.3955,1.0969,0.6400
24,1,2002     ,0.1699,-0.2381,-2.0384
24,1,2003     ,1.3640,1.6845,2.5782
24,1,2004     ,1.1778,2.2456,2.4929
24,1,2005,-99.9,-99.9,-99.9
24,1,2006     ,0.2903,2.1225,2.1932
24,1,2007,-99.9,-99.9,-99.9
24,1,2008     ,-0.6807,0.6346,-2.5768
24,1,2009     ,1.0583,-1.5767,-99.9
24,1,2010,-99.9,-99.9,-99.9
24,1,2011,-99.9,-99.9,-99.9
24,1,2012     ,-0.6988,-0.9802,-1.5549
24,1,2013     ,-2.0021,-3.3247,-2.7632
24,1,2014     ,-0.1280,0.8968,0.2892
24,1,2015     ,-0.0375,0.0529,-0.3111
24,1,2016     ,-0.5078,-0.2760,0.3317
24,1,2017     ,0.8277,-2.1277,-3.3941
24,1,2018     ,-2.5155,-0.0014,-0.1849
24,1,2019     ,-0.3043,0.0128,0.5364
24,1,2020     ,1.1129,1.7933,0.8619
24,1,2021     ,-0.4032,1.7806,1.3138
24,1,2022     ,-2.5477,0.7019,0.0782
# Species,Quarter,Year, Age_0, Age_1, Age_2, Age_3
24,2,1974     ,0.1778,-0.3644,-0.7632
24,2,1975     ,0.8475,-0.3155,-0.6091
24,2,1976     ,0.7539,0.1679,0.9555
24,2,1977     ,0.4904,-0.2977,-0.9001
24,2,1978     ,0.0253,0.0637,1.3705
24,2,1979     ,0.3635,-0.1981,-0.7445
24,2,1980     ,-0.1121,-0.0334,-0.1112
24,2,1981     ,0.2958,-0.0391,0.4846
24,2,1982     ,0.0779,0.4034,-0.6827
24,2,1983     ,-0.4836,0.4111,-0.4259
24,2,1984     ,0.1752,0.7152,1.9350
24,2,1985     ,-0.2466,-0.9825,-0.6830
24,2,1986     ,-0.5395,-0.1812,-0.9244
24,2,1987     ,0.0580,-0.6508,-99.9
24,2,1988     ,-0.4312,-0.6387,-99.9
24,2,1989     ,0.0230,0.8170,-1.4177
24,2,1990     ,0.9217,0.8613,0.8022
24,2,1991     ,-0.5350,0.6766,-0.2672
24,2,1992     ,0.2285,0.3508,0.3667
24,2,1993     ,-0.0718,-0.2720,0.3079
24,2,1994     ,-0.4161,0.5905,-0.1714
24,2,1995     ,0.5537,0.8835,1.0132
24,2,1996     ,0.3397,-0.7264,0.6661
24,2,1997     ,-2.1322,-0.0179,0.5660
24,2,1998     ,0.3445,0.0876,-0.2424
24,2,1999     ,-0.2138,0.9973,0.1369
24,2,2000     ,-0.9532,0.4228,1.2807
24,2,2001     ,0.3823,0.4760,1.9172
24,2,2002     ,0.3672,-1.3637,-2.9140
24,2,2003     ,-0.2528,-0.3513,1.1587
24,2,2004     ,-1.8576,-0.5871,0.4553
24,2,2005,-99.9,-99.9,-99.9
24,2,2006     ,-0.7988,0.3992,1.6768
24,2,2007,-99.9,-99.9,-99.9
24,2,2008     ,-0.0291,0.4355,-2.8899
24,2,2009     ,-0.9901,0.3777,0.3447
24,2,2010     ,0.6437,1.4128,-0.0726
24,2,2011     ,-0.7542,-0.8244,-1.7554
24,2,2012     ,-0.1472,-0.3206,-0.9452
24,2,2013     ,1.1089,-0.1777,-0.7158
24,2,2014     ,-0.6206,-0.5237,-0.4037
24,2,2015     ,0.3173,-0.2678,-1.2616
24,2,2016     ,0.4250,-0.4655,0.6306
24,2,2017     ,0.5096,-0.2123,-0.3202
24,2,2018     ,0.4392,-0.2135,0.0894
24,2,2019     ,0.3905,1.7641,0.8972
24,2,2020     ,-0.3924,0.1994,1.4652
24,2,2021     ,0.2571,0.2064,0.3581
24,2,2022     ,0.4885,-0.6934,0.0438
# Species,Quarter,Year, Age_0, Age_1, Age_2, Age_3
24,3,1974     ,0.0082,-0.0755,0.4931,2.1598
24,3,1975     ,0.3477,0.2468,-0.6799,-1.3440
24,3,1976     ,-0.9983,-0.1887,-0.2037,-1.3389
24,3,1977     ,-1.0665,-0.1688,0.1364,1.5640
24,3,1978     ,-0.1784,0.0711,-0.1585,0.2527
24,3,1979     ,0.9434,-0.0324,0.5104,0.6155
24,3,1980     ,-1.7033,0.3543,0.6637,0.2529
24,3,1981     ,-1.8529,-0.1313,0.0189,-0.2002
24,3,1982     ,-0.9563,0.1520,0.4957,1.1393
24,3,1983     ,0.3606,0.0808,0.3688,1.0686
24,3,1984     ,-5.0448,0.4415,0.8136,-0.6304
24,3,1985     ,-3.0340,-0.2920,0.5508,0.7656
24,3,1986,-99.9,0.3384,0.4828,0.6158
24,3,1987     ,-1.6498,-0.1524,0.0471,-2.3919
24,3,1988     ,2.1901,-0.4766,0.0799,-99.9
24,3,1989     ,0.5707,0.2426,1.0471,-0.9777
24,3,1990     ,-2.0676,-0.3439,-0.6849,0.4061
24,3,1991     ,0.9943,-0.3130,-0.3479,0.6790
24,3,1992     ,2.4067,0.3544,0.1455,-1.9591
24,3,1993     ,-0.2089,-0.3527,0.0404,0.0371
24,3,1994     ,0.8831,-0.0647,0.5513,1.4673
24,3,1995     ,2.5087,0.1298,-1.3509,-0.7257
24,3,1996     ,1.6695,0.2491,0.3529,1.2521
24,3,1997     ,1.4731,0.5864,0.4815,1.0429
24,3,1998     ,0.8106,0.2850,-0.4098,-2.1035
24,3,1999     ,-1.0227,0.4820,0.9046,-0.2263
24,3,2000     ,1.0897,-0.0826,0.1348,1.0276
24,3,2001     ,0.8025,-0.4576,-2.3241,-2.0641
24,3,2002     ,2.7648,0.2427,0.6025,-0.6765
24,3,2003     ,0.4446,-0.3427,-0.3867,0.3421
24,3,2004     ,1.2774,-0.3979,-0.4410,0.2395
24,3,2005,-99.9,-99.9,-99.9,-99.9
24,3,2006     ,-0.1283,-1.1485,-0.2051,0.0775
24,3,2007,-99.9,-99.9,-99.9,-99.9
24,3,2008,-99.9,-0.1278,0.3856,-99.9
24,3,2009     ,1.2562,0.6372,1.8651,0.3849
24,3,2010,-99.9,-0.1964,0.2699,-0.5767
24,3,2011,-99.9,1.5759,0.6595,0.8826
24,3,2012     ,-1.6236,-0.8988,-0.8885,-1.5711
24,3,2013     ,-0.1055,0.1658,0.0769,0.4924
24,3,2014     ,1.2539,-0.0198,-0.4796,-0.7578
24,3,2015     ,0.0118,0.1896,0.6993,-2.0005
24,3,2016     ,-0.9844,-0.1016,-0.7679,0.0090
24,3,2017     ,0.1627,-0.0085,0.3627,1.4727
24,3,2018     ,-0.5059,-0.7818,-0.6915,0.4330
24,3,2019     ,0.5143,0.3531,-0.2631,-1.4631
24,3,2020     ,-0.1497,0.0563,-0.7815,0.3687
24,3,2021     ,-1.7763,-0.4410,-0.8767,-0.8611
24,3,2022     ,0.2525,-0.1555,-0.5456,-0.3321
# Species,Quarter,Year, Age_0, Age_1, Age_2, Age_3
24,4,1974     ,-0.4773,0.2057,0.4708,-0.5001
24,4,1975     ,0.3445,-0.6652,0.4466,0.5071
24,4,1976     ,-0.0070,-0.3827,0.0117,1.0397
24,4,1977     ,-0.1977,0.0335,-0.5812,-0.4063
24,4,1978     ,-1.2225,-0.2435,-0.4664,-1.0809
24,4,1979     ,-1.6068,-0.4912,-0.4214,-0.5867
24,4,1980     ,-0.8477,-0.0475,0.0254,-0.4528
24,4,1981     ,1.8791,-0.1049,-0.4431,-1.5619
24,4,1982     ,-1.4399,-0.3602,-1.0540,-99.9
24,4,1983     ,-0.2724,0.1071,-0.2324,0.7362
24,4,1984     ,0.2350,0.3706,0.8352,-99.9
24,4,1985     ,-0.7346,0.9045,0.0823,-99.9
24,4,1986     ,1.1806,1.0025,-0.7009,-99.9
24,4,1987     ,-0.7346,0.4051,1.0704,0.7254
24,4,1988     ,1.1892,0.9039,0.9845,-99.9
24,4,1989     ,1.5485,0.4556,0.4825,0.2606
24,4,1990     ,-0.5998,0.0659,-0.5755,0.2827
24,4,1991     ,0.1176,-0.4521,0.1244,0.7708
24,4,1992     ,0.0428,0.2894,0.2132,-1.0991
24,4,1993     ,-0.1340,-0.1629,0.0318,-1.8160
24,4,1994     ,0.3248,0.2492,-0.0367,-99.9
24,4,1995     ,0.9412,0.5210,-0.7410,-0.6232
24,4,1996     ,0.4656,-0.1045,-0.3730,-3.4427
24,4,1997     ,0.1712,0.2142,0.2383,0.0108
24,4,1998     ,-0.3591,0.6245,-0.5431,0.0618
24,4,1999     ,-0.1540,-0.2084,0.5356,-0.5160
24,4,2000     ,0.0571,1.2445,0.4110,-0.1132
24,4,2001     ,0.8014,0.3761,0.6718,-2.2906
24,4,2002     ,0.1622,0.1163,1.2381,-0.4067
24,4,2003     ,-3.5237,-1.8973,0.0542,0.9175
24,4,2004     ,0.6792,-0.0722,-0.0341,-1.4420
24,4,2005,-99.9,-99.9,-99.9,-99.9
24,4,2006     ,1.5047,0.6681,-0.3617,-2.4153
24,4,2007,-99.9,-99.9,-99.9,-99.9
24,4,2008     ,2.3830,0.4359,-1.1013,-99.9
24,4,2009     ,-2.3441,-1.0812,-1.4807,-3.1854
24,4,2010,-99.9,-0.9251,-0.3569,-4.9973
24,4,2011     ,-1.1163,0.4394,0.1894,-4.8869
24,4,2012     ,1.9810,2.5458,2.6225,-0.2723
24,4,2013     ,0.1511,0.3260,0.5972,0.7182
24,4,2014     ,1.1050,0.6310,-0.7944,-99.9
24,4,2015     ,-1.0865,-0.2829,-0.8849,-1.2581
24,4,2016     ,0.6796,-0.5412,-0.3418,-99.9
24,4,2017     ,-1.3729,0.0822,-0.1384,-0.6794
24,4,2018     ,0.8060,-0.2507,0.3791,-99.9
24,4,2019     ,0.8670,0.1398,-0.5371,-99.9
24,4,2020     ,-0.6541,0.1187,-0.8303,-0.6771
24,4,2021     ,-0.2351,-0.4056,-0.2822,-0.9296
24,4,2022     ,0.1089,0.1814,0.1082,-0.0686
# Species,Quarter,Year, Age_0, Age_1, Age_2, Age_3
25,1,1974     ,0.4595,-0.0920,-0.5633
25,1,1975     ,-0.5738,0.3084,1.0921
25,1,1976     ,-0.4325,0.5748,1.7945
25,1,1977     ,1.1866,0.3487,0.4792
25,1,1978     ,1.5189,0.5332,2.2356
25,1,1979     ,0.4599,0.9893,2.4636
25,1,1980     ,-0.0986,-0.7100,-1.1900
25,1,1981     ,0.2725,0.8458,-0.0700
25,1,1982     ,-0.2949,1.1707,0.8415
25,1,1983     ,1.5241,-0.7381,-1.7445
25,1,1984     ,1.3132,0.9384,-1.5847
25,1,1985     ,0.8043,0.1033,-1.3927
25,1,1986     ,-0.3822,0.3350,0.9222
25,1,1987     ,1.0883,0.4925,-2.3832
25,1,1988     ,-0.3578,0.1606,0.7436
25,1,1989     ,2.4906,1.8272,1.4922
25,1,1990     ,-0.1369,0.0046,-0.4031
25,1,1991,-99.9,-99.9,-99.9
25,1,1992,-99.9,-99.9,-99.9
25,1,1993     ,0.2491,0.2477,0.5028
25,1,1994     ,0.8101,1.6488,2.1133
25,1,1995     ,-0.4810,0.1648,1.0197
25,1,1996     ,2.0639,1.6310,1.3593
25,1,1997     ,1.8692,0.5147,0.5807
25,1,1998     ,0.1540,-0.0170,0.8140
25,1,1999     ,0.8947,1.1881,2.7631
25,1,2000     ,1.0477,1.1038,2.2780
25,1,2001     ,0.5567,1.2589,2.2869
25,1,2002     ,-1.5065,-0.1211,-0.1028
25,1,2003     ,0.7967,0.8064,1.9535
25,1,2004     ,-0.0933,-2.8150,-0.3229
25,1,2005     ,1.2812,-0.6542,0.1212
25,1,2006     ,0.5326,0.8440,0.7330
25,1,2007     ,-1.1335,-1.1371,0.3298
25,1,2008     ,0.1607,-0.5380,-0.4817
25,1,2009     ,0.4063,-0.6723,-0.0203
25,1,2010     ,-1.2628,1.0134,1.5766
25,1,2011     ,-0.6420,0.9957,0.8120
25,1,2012     ,-2.0943,-1.2557,-0.7309
25,1,2013     ,-1.6698,-0.1848,-0.4805
25,1,2014     ,-0.6413,-4.4334,-1.4241
25,1,2015     ,0.1264,-0.2632,-0.4852
25,1,2016     ,-1.4150,-0.5531,-0.0589
25,1,2017     ,-0.4279,-2.3948,-2.0338
25,1,2018     ,-0.6385,-0.2684,0.9233
25,1,2019     ,-1.7655,-0.1309,0.5641
25,1,2020     ,-1.7236,-4.2319,-4.8736
25,1,2021     ,-3.1674,-2.7512,-3.3821
25,1,2022     ,-1.2062,-2.5455,-3.7359
# Species,Quarter,Year, Age_0, Age_1, Age_2, Age_3
25,2,1974,-99.9,-99.9,-99.9
25,2,1975,-99.9,-99.9,-99.9
25,2,1976,-99.9,-99.9,-99.9
25,2,1977,-99.9,-99.9,-99.9
25,2,1978,-99.9,-99.9,-99.9
25,2,1979,-99.9,-99.9,-99.9
25,2,1980,-99.9,-99.9,-99.9
25,2,1981,-99.9,-99.9,-99.9
25,2,1982,-99.9,-99.9,-99.9
25,2,1983,-99.9,-99.9,-99.9
25,2,1984,-99.9,-99.9,-99.9
25,2,1985,-99.9,-99.9,-99.9
25,2,1986,-99.9,-99.9,-99.9
25,2,1987,-99.9,-99.9,-99.9
25,2,1988,-99.9,-99.9,-99.9
25,2,1989,-99.9,-99.9,-99.9
25,2,1990,-99.9,-99.9,-99.9
25,2,1991,-99.9,-99.9,-99.9
25,2,1992,-99.9,-99.9,-99.9
25,2,1993,-99.9,-99.9,-99.9
25,2,1994,-99.9,-99.9,-99.9
25,2,1995,-99.9,-99.9,-99.9
25,2,1996,-99.9,-99.9,-99.9
25,2,1997,-99.9,-99.9,-99.9
25,2,1998,-99.9,-99.9,-99.9
25,2,1999,-99.9,-99.9,-99.9
25,2,2000,-99.9,-99.9,-99.9
25,2,2001,-99.9,-99.9,-99.9
25,2,2002,-99.9,-99.9,-99.9
25,2,2003,-99.9,-99.9,-99.9
25,2,2004,-99.9,-99.9,-99.9
25,2,2005,-99.9,-99.9,-99.9
25,2,2006,-99.9,-99.9,-99.9
25,2,2007,-99.9,-99.9,-99.9
25,2,2008,-99.9,-99.9,-99.9
25,2,2009,-99.9,-99.9,-99.9
25,2,2010,-99.9,-99.9,-99.9
25,2,2011,-99.9,-99.9,-99.9
25,2,2012,-99.9,-99.9,-99.9
25,2,2013,-99.9,-99.9,-99.9
25,2,2014,-99.9,-99.9,-99.9
25,2,2015,-99.9,-99.9,-99.9
25,2,2016,-99.9,-99.9,-99.9
25,2,2017,-99.9,-99.9,-99.9
25,2,2018,-99.9,-99.9,-99.9
25,2,2019,-99.9,-99.9,-99.9
25,2,2020,-99.9,-99.9,-99.9
25,2,2021,-99.9,-99.9,-99.9
25,2,2022,-99.9,-99.9,-99.9
# Species,Quarter,Year, Age_0, Age_1, Age_2, Age_3
25,3,1974,-99.9,-0.2911,0.4178,1.0772
25,3,1975,-99.9,-0.0462,0.0523,-0.2333
25,3,1976,-99.9,-0.0865,-0.0871,-0.3031
25,3,1977,-99.9,-0.0505,-0.1229,-0.0113
25,3,1978,-99.9,0.4300,-1.2086,-0.5799
25,3,1979,-99.9,0.3709,-1.4561,0.3585
25,3,1980,-99.9,-0.5058,0.1810,0.7395
25,3,1981,-99.9,0.0651,-0.3629,-0.8689
25,3,1982,-99.9,0.6428,-1.0779,-0.6470
25,3,1983,-99.9,-0.2531,-0.1742,-0.3648
25,3,1984,-99.9,0.6624,0.0311,-2.6454
25,3,1985,-99.9,0.0527,0.8297,-0.1489
25,3,1986,-99.9,-1.5436,0.6559,1.7321
25,3,1987,-99.9,0.4480,0.6951,-1.2901
25,3,1988,-99.9,0.0722,0.9914,0.3869
25,3,1989,-99.9,0.5012,3.0161,-1.7059
25,3,1990,-99.9,-0.2249,1.3539,1.8526
25,3,1991,-99.9,-0.5992,1.7434,-1.0121
25,3,1992,-99.9,1.0219,0.8313,1.7533
25,3,1993,-99.9,-0.7670,1.1275,0.7348
25,3,1994,-99.9,1.8831,-0.1908,0.8186
25,3,1995,-99.9,0.9912,-0.1605,0.8213
25,3,1996,-99.9,-2.0379,-0.6350,0.6151
25,3,1997,-99.9,-0.0066,-0.9943,0.7060
25,3,1998,-99.9,-0.1159,0.2147,1.0958
25,3,1999,-99.9,1.1109,-0.2354,0.4354
25,3,2000,-99.9,0.6757,-0.0071,-0.0162
25,3,2001,-99.9,0.1907,-1.4063,-2.8373
25,3,2002,-99.9,0.3234,-0.4616,0.4582
25,3,2003,-99.9,-0.0256,-0.4166,0.3946
25,3,2004,-99.9,-0.2688,-0.3186,0.2715
25,3,2005,-99.9,0.2272,-0.7259,0.6793
25,3,2006,-99.9,-0.8101,-0.9031,1.0613
25,3,2007,-99.9,-0.8820,-1.2897,-0.6165
25,3,2008,-99.9,-1.8758,0.3238,1.6101
25,3,2009,-99.9,-0.0489,-0.8906,-0.6145
25,3,2010,-99.9,-1.0354,-1.2438,-0.4005
25,3,2011,-99.9,-0.8808,-0.3885,-0.2415
25,3,2012,-99.9,-0.3064,-0.7224,-0.8115
25,3,2013,-99.9,-0.5087,-0.8865,-0.9606
25,3,2014,-99.9,1.0304,0.7502,1.0121
25,3,2015,-99.9,0.0326,-0.6769,-0.6700
25,3,2016,-99.9,0.1627,-0.0243,-0.3889
25,3,2017,-99.9,0.3075,-0.2578,0.1227
25,3,2018,-99.9,0.1277,0.3987,1.1156
25,3,2019,-99.9,0.2280,0.3185,-0.0261
25,3,2020,-99.9,0.0947,-0.1544,-0.2013
25,3,2021,-99.9,0.1005,-0.3320,-0.0992
25,3,2022,-99.9,1.5259,1.0631,0.9483
# Species,Quarter,Year, Age_0, Age_1, Age_2, Age_3
25,4,1974,-99.9,-0.0261,-0.3959,-1.3316
25,4,1975,-99.9,0.1827,-0.1254,-0.3094
25,4,1976,-99.9,-0.0835,-0.1233,-0.7138
25,4,1977,-99.9,-0.2460,0.0118,-0.2176
25,4,1978,-99.9,-0.0806,0.0523,-0.3544
25,4,1979,-99.9,-0.2615,-0.2224,-0.3779
25,4,1980,-99.9,-0.0333,0.4757,0.8400
25,4,1981,-99.9,-0.4141,0.7862,-0.2141
25,4,1982,-99.9,1.0748,-0.2346,-0.7761
25,4,1983,-99.9,-0.1262,0.0054,-0.4716
25,4,1984,-99.9,0.4008,-0.2566,-1.9846
25,4,1985,-99.9,0.0142,0.3985,-0.8470
25,4,1986,-99.9,-0.8527,0.9641,1.7691
25,4,1987,-99.9,0.7983,1.4310,-2.4989
25,4,1988,-99.9,-1.0027,-0.1964,-0.7075
25,4,1989,-99.9,-1.9689,-0.6170,-4.7191
25,4,1990,-99.9,0.4024,1.6840,1.9228
25,4,1991,-99.9,0.6409,0.6227,-0.7889
25,4,1992,-99.9,-0.5326,-1.4270,-0.7467
25,4,1993,-99.9,0.5023,0.2562,-0.9961
25,4,1994,-99.9,0.7183,0.8791,1.0523
25,4,1995,-99.9,0.7752,0.2735,1.4866
25,4,1996,-99.9,-0.1204,0.7034,1.9244
25,4,1997,-99.9,1.1866,1.1954,0.9122
25,4,1998,-99.9,0.3234,0.6857,1.6341
25,4,1999,-99.9,-0.1873,-0.6914,0.0098
25,4,2000,-99.9,-1.1438,-1.1731,-0.1788
25,4,2001,-99.9,0.5527,0.6317,1.6067
25,4,2002,-99.9,0.6342,0.1024,0.1025
25,4,2003,-99.9,1.1568,0.5379,1.7026
25,4,2004,-99.9,0.5395,-0.9145,0.1199
25,4,2005,-99.9,0.3332,-1.2266,-0.6324
25,4,2006,-99.9,-1.4349,-0.7085,1.1907
25,4,2007,-99.9,0.6735,1.1559,0.8078
25,4,2008,-99.9,0.2395,0.1494,1.4028
25,4,2009,-99.9,0.9983,-0.0265,0.4060
25,4,2010,-99.9,0.1392,0.3182,2.6394
25,4,2011,-99.9,0.5758,0.7446,0.9270
25,4,2012,-99.9,0.7662,0.3673,0.0299
25,4,2013,-99.9,0.2407,-0.0358,-0.2447
25,4,2014,-99.9,0.5799,-0.1671,0.4400
25,4,2015,-99.9,0.5086,-0.9768,-0.2647
25,4,2016,-99.9,-1.0764,-0.4601,-0.1693
25,4,2017,-99.9,-0.2434,-1.4341,0.0629
25,4,2018,-99.9,-0.6353,-0.0255,1.6576
25,4,2019,-99.9,-0.6239,-0.7831,-0.3295
25,4,2020,-99.9,-0.5172,-1.9334,-1.1598
25,4,2021,-99.9,-1.1782,-1.2924,-0.5509
25,4,2022,-99.9,-1.3538,-0.0975,0.5414
# Species,Quarter,Year, Age_0, Age_1, Age_2, Age_3, Age_4, Age_5, Age_6, Age_7, Age_8, Age_9, Age_10
16,9,1974,-99.9,0.2725,0.0508,-0.1887,-0.0176,0.0470,0.0855,-0.0016,0.0337,0.3865,0.3309
16,9,1975,-99.9,-0.1824,-0.0978,-0.0897,0.0190,0.1635,0.0109,0.0299,0.0488,0.0425,-0.2433
16,9,1976,-99.9,0.5291,0.2961,-0.0892,-0.0249,-0.0664,0.0086,-0.1117,-0.3714,-0.4947,-0.6791
16,9,1977,-99.9,0.5380,0.2453,-0.2330,-0.1921,-0.0121,0.1313,-0.1135,-0.0072,1.0349,-0.0697
16,9,1978,-99.9,-1.4131,0.1830,-0.2507,-0.1248,0.2909,0.0142,0.1084,-0.3173,-0.3595,-0.3232
16,9,1979,-99.9,1.1177,-0.1531,0.0857,-0.1789,0.1531,-0.0140,0.0564,0.2528,-0.3565,-0.6297
16,9,1980,-99.9,1.2668,-0.0733,0.0636,-0.0873,0.0106,-0.0736,0.3127,0.1933,0.1512,-0.7118
16,9,1981,-99.9,0.1483,0.0951,0.0652,-0.0222,-0.1310,-0.0170,0.0048,-0.0185,-0.2519,-0.5323
16,9,1982,-99.9,-0.1642,-0.2239,0.1477,0.0004,0.0250,0.0155,0.1491,-0.0176,0.0464,-0.6493
16,9,1983,-99.9,-0.7308,-0.0779,0.1214,-0.0429,-0.0268,0.0265,-0.2785,0.3848,-0.2018,-0.1451
16,9,1984,-99.9,0.8559,-0.0319,0.0497,-0.0024,-0.0242,0.0409,-0.0102,0.0030,0.1306,0.0778
16,9,1985,-99.9,-0.1456,0.0935,0.0188,0.0042,-0.0221,-0.0774,-0.0844,0.0938,-0.4110,0.0276
16,9,1986,-99.9,0.7696,-0.2462,0.0036,0.1063,0.0894,0.0358,-0.0834,0.0980,-0.1682,-0.0474
16,9,1987,-99.9,-1.0018,0.1492,-0.0686,0.0309,-0.0659,0.0577,0.0151,0.0424,-0.2751,0.0196
16,9,1988,-99.9,-0.9718,-0.0349,0.1811,0.1418,-0.0833,0.0298,-0.3574,-0.2256,-0.4614,-0.2576
16,9,1989,-99.9,0.3202,-0.1934,0.1057,0.0295,0.1086,-0.0471,-0.0574,-0.0804,-0.4171,-0.4161
16,9,1990,-99.9,-0.4357,0.2925,0.0524,0.0655,-0.1787,-0.0549,-0.3126,-0.4970,-0.1405,-0.6209
16,9,1991,-99.9,-0.2516,-0.2146,0.0061,0.1131,0.0386,-0.0831,0.5051,-0.0799,-0.4432,-1.1622
16,9,1992,-99.9,0.0388,-0.0178,0.0063,0.1404,0.1141,-0.0250,-0.3338,0.1019,-0.5833,-0.2574
16,9,1993,-99.9,0.0185,0.1265,-0.0688,0.0477,-0.1817,0.0549,0.1372,0.1072,1.5750,1.2008
16,9,1994,-99.9,1.6537,-0.0170,-0.0203,0.0235,0.0328,-0.0703,0.0591,0.0544,0.6071,1.0838
16,9,1995,-99.9,0.1881,0.3181,-0.0543,-0.1114,-0.1327,0.0554,-0.2646,-0.0565,0.3364,-0.0390
16,9,1996,-99.9,-0.7915,-0.0841,-0.0956,-0.2356,-0.0467,0.2201,0.4427,0.2131,1.5213,-0.6962
16,9,1997,-99.9,0.1661,-0.1364,-0.0269,-0.0274,0.0802,0.1662,0.3558,0.3597,0.0789,0.0085
16,9,1998,-99.9,-0.3240,0.2368,0.0443,-0.0067,-0.0032,0.1285,-0.1012,-0.1065,0.6377,-0.8285
16,9,1999,-99.9,0.0904,-0.4678,0.2639,0.1707,0.0487,0.0130,0.5132,0.1573,0.5394,-1.0778
16,9,2000,-99.9,-0.1679,-0.2250,0.1438,0.1078,0.2655,0.0853,-0.2773,0.0235,0.2611,-1.7192
16,9,2001,-99.9,-0.7142,0.1819,0.0259,0.2364,-0.0570,-0.1163,0.0283,-0.4005,0.9588,-1.2718
16,9,2002,-99.9,0.4241,-0.0827,0.0242,0.2219,0.1248,-0.2093,-0.2390,0.0727,0.5563,-1.9182
16,9,2003,-99.9,-0.5301,-0.0385,0.0279,0.1683,-0.0627,-0.0337,-0.5444,-0.0601,0.2150,-1.9461
16,9,2004,-99.9,0.2374,-0.1195,0.2643,0.1302,-0.1042,-0.1152,-0.0658,-0.7736,0.5667,-2.4634
16,9,2005,-99.9,-0.3258,-0.2145,0.0888,0.0998,0.0941,-0.0645,-0.2426,0.2088,0.3033,-2.0498
16,9,2006,-99.9,-0.0401,0.7452,-0.0299,-0.2747,-0.1323,0.0181,-0.2068,-0.0601,0.5206,-2.9560
16,9,2007,-99.9,0.5670,0.2531,-0.0261,0.1850,-0.0032,-0.2513,-0.4244,-0.0279,0.7447,-1.6726
16,9,2008,-99.9,0.0810,-0.0182,-0.0657,-0.2921,-0.0514,0.2909,-0.1097,0.1363,0.5985,-1.7138
16,9,2009,-99.9,-0.1477,0.1415,-0.0984,-0.0811,-0.0688,0.0677,-0.0243,-0.2554,1.5998,-0.1220
16,9,2010,-99.9,-0.2495,0.0986,0.0686,-0.0785,-0.0279,-0.0355,-0.1019,0.0136,0.6010,-0.9090
16,9,2011,-99.9,-0.1627,-0.1158,-0.1045,-0.0348,0.0058,0.1617,-0.1539,0.3884,0.9220,-1.0670
16,9,2012,-99.9,0.4754,0.0405,-0.1191,0.0010,-0.0854,0.1088,0.0185,-0.2389,0.3909,-0.6531
16,9,2013,-99.9,-0.3299,-0.0096,-0.0154,0.0186,-0.0010,-0.1126,0.2240,-0.1790,0.5336,-1.4327
16,9,2014,-99.9,0.0247,-0.1136,0.1081,0.0866,-0.0539,-0.0935,-0.3974,0.3206,-0.2332,-1.4368
16,9,2015,-99.9,-0.2589,0.1592,-0.0947,-0.0689,-0.0414,0.0957,0.0748,-0.2742,0.6692,-1.4867
16,9,2016,-99.9,-0.2128,-0.1014,0.1157,0.1011,-0.0454,-0.1514,-0.1545,-0.1488,0.5118,-0.8295
16,9,2017,-99.9,0.2112,-0.1069,-0.1087,0.1413,0.0853,-0.1601,-0.3290,-0.0550,1.0112,-0.4510
16,9,2018,-99.9,-0.3969,0.0415,0.0117,-0.1680,-0.1655,-0.0405,0.1937,0.0472,0.9284,-0.1810
16,9,2019,-99.9,-0.2233,-0.2712,0.1126,-0.0545,0.1151,-0.1260,0.4157,0.2863,2.0318,-1.4046
16,9,2020,-99.9,0.6758,0.1796,-0.0179,-0.1582,0.0926,0.1923,-0.2017,-0.1588,0.5193,-0.7049
16,9,2021,-99.9,0.1302,-0.2345,-0.1997,0.2108,0.0032,0.0847,0.6783,-0.2182,1.4807,-1.1358
16,9,2022,-99.9,-0.2031,-0.0582,-0.1693,-0.0842,0.2032,-0.1445,0.3591,0.3987,1.4814,0.0956
# Species,Quarter,Year, Age_0, Age_1, Age_2, Age_3, Age_4, Age_5, Age_6
17,9,1974     ,-1.2337,0.5970,0.2726,-0.0360,-0.1334,-0.9492,-0.1035
17,9,1975     ,-0.9637,0.0297,0.0733,-0.2491,-0.1889,0.1286,0.9638
17,9,1976     ,-0.5238,-0.3219,0.3595,-0.0996,-0.2258,0.0718,0.2331
17,9,1977     ,-0.1966,0.4754,-0.0165,-0.2462,-0.4389,0.0289,0.5472
17,9,1978     ,0.6118,-0.2163,-0.1592,0.1700,0.0064,-0.2350,0.6713
17,9,1979     ,0.2809,0.0106,0.1042,-0.0858,0.0516,-0.1772,-0.1733
17,9,1980     ,0.9289,-0.5975,0.0103,0.2396,0.0050,0.5686,-0.0521
17,9,1981     ,1.3676,-0.1817,-0.0622,0.0680,0.0571,-0.1415,0.0081
17,9,1982     ,0.0314,0.1602,-0.1138,0.2442,-0.0371,-0.0862,-0.4662
17,9,1983     ,1.1139,0.1050,0.1247,0.1741,0.2274,-0.1021,-0.5951
17,9,1984     ,-0.0949,-0.0877,0.1297,0.2161,0.1879,0.5384,-0.1936
17,9,1985     ,-0.3393,0.0739,-0.3773,0.2023,0.2771,0.4328,0.5065
17,9,1986     ,-0.3655,0.1770,-0.1211,0.0972,0.3265,0.1325,-0.1609
17,9,1987     ,-0.9823,-0.4733,0.0557,0.2177,0.4936,0.2287,0.1117
17,9,1988     ,0.3188,0.3443,-0.0475,-0.0783,0.0996,0.1633,-0.4217
17,9,1989     ,-0.4743,-0.1410,-0.2390,0.0804,0.1109,0.3148,0.0289
17,9,1990     ,0.6773,0.1310,0.3410,-0.2102,-0.0000,0.1347,-0.8210
17,9,1991     ,2.1090,-0.2198,0.2022,0.0638,-0.2777,0.3259,-0.1681
17,9,1992     ,0.4311,0.1714,0.0108,-0.1885,0.0471,-0.5069,-0.2727
17,9,1993     ,1.2278,-0.1603,-0.1218,0.1234,-0.1319,0.2639,-0.8822
17,9,1994     ,0.3382,-0.1595,-0.2756,-0.0504,0.1735,0.1377,0.0880
17,9,1995     ,2.8905,-0.1048,-0.1087,0.0998,-0.0392,0.1965,-0.1365
17,9,1996     ,0.3810,-0.1695,-0.1085,0.0863,0.0988,0.0967,-0.3060
17,9,1997     ,-1.4114,-0.1820,-0.0140,0.0970,0.0409,0.1667,-0.6358
17,9,1998     ,-0.4370,0.1038,-0.1414,-0.1011,0.0439,0.1806,-0.2252
17,9,1999     ,-0.7804,0.0940,-0.0009,-0.0774,0.0650,-0.0201,-0.4040
17,9,2000     ,-4.0524,-0.6626,0.0408,0.2136,0.1570,0.4296,0.1149
17,9,2001     ,-1.2471,-0.4477,-0.1026,-0.0632,0.1523,0.4821,0.1224
17,9,2002     ,1.6669,-0.2563,-0.1258,0.2859,0.1287,0.0159,-0.4281
17,9,2003     ,0.4360,0.7351,0.2799,-0.2439,-0.1947,-0.3377,-1.1930
17,9,2004     ,-0.0510,0.3943,-0.1650,-0.3109,0.0248,0.2372,-0.1538
17,9,2005     ,-0.6702,0.3196,0.2772,-0.3498,-0.2188,0.1947,-0.0582
17,9,2006     ,-0.8351,0.4560,0.0563,-0.0696,-0.3456,0.1448,0.0708
17,9,2007     ,-1.4943,0.3342,0.0704,0.0527,-0.1577,-0.2833,0.0919
17,9,2008     ,-0.5369,0.3375,0.1217,-0.0746,0.0477,-0.1690,-0.0395
17,9,2009     ,0.3911,0.4413,-0.2241,-0.2072,-0.0160,0.2996,0.6336
17,9,2010     ,-0.8711,-0.0356,-0.0891,-0.2322,-0.1081,0.2271,0.9447
17,9,2011     ,-0.3407,-0.1558,0.2737,0.0400,-0.3354,-0.2412,0.3334
17,9,2012     ,-0.1622,0.8189,-0.2282,-0.4414,-0.2016,-0.2871,0.1076
17,9,2013     ,-0.3894,0.2604,-0.3065,-0.1622,0.0180,0.3472,-0.1576
17,9,2014     ,-0.0840,-0.0011,-0.1728,-0.0840,0.0235,0.3527,0.0465
17,9,2015     ,-0.0606,0.2145,0.2843,-0.1747,-0.3550,0.1718,-0.1962
17,9,2016     ,0.6426,-0.2231,-0.0432,0.1770,-0.1081,0.2050,-0.1087
17,9,2017     ,1.7722,-0.2450,-0.0967,-0.0745,0.1820,0.0232,-0.0783
17,9,2018     ,0.9282,-0.2523,0.1637,0.0652,0.0995,-0.0696,-0.6621
17,9,2019     ,-1.1202,-0.1042,-0.0313,0.2247,0.0804,-0.1378,-0.5253
17,9,2020     ,1.0484,-0.3874,0.0658,0.4827,0.1475,-0.0630,-0.9879
17,9,2021     ,2.7419,-0.3472,0.0862,0.0318,0.2627,0.2172,-0.5270
17,9,2022     ,-2.4622,-0.6567,0.0132,0.2778,0.4233,0.5377,-0.3011
# Species,Quarter,Year, Age_0, Age_1, Age_2, Age_3, Age_4, Age_5, Age_6, Age_7, Age_8, Age_9, Age_10
18,9,1974     ,-0.8405,0.7039,0.1732,-0.1121,-0.0089,-0.2297,0.1002,0.2554,-0.2914,-0.0854,-0.1212
18,9,1975     ,-0.9967,0.1655,0.1832,-0.2270,-0.0054,-0.1131,0.1925,0.1530,-0.2290,0.4793,0.2672
18,9,1976     ,0.2630,0.3690,-0.1471,0.0955,-0.3262,0.2493,0.1642,-0.0338,-0.8408,-0.2860,-0.2168
18,9,1977     ,-0.5741,0.6659,0.0909,-0.2413,-0.0566,0.1856,-0.0749,0.0741,0.6652,-0.5485,-0.6843
18,9,1978     ,-0.3804,-0.0283,0.1902,-0.3430,0.0729,-0.1068,0.2497,0.0207,0.2942,1.3646,-0.1451
18,9,1979     ,0.0409,-0.4703,0.2309,0.0114,-0.2364,0.1211,-0.1606,0.0596,-0.2098,-0.0497,-0.1178
18,9,1980     ,0.8380,-0.6017,0.1580,0.0799,0.0723,-0.2340,0.1745,-0.2320,0.1634,-0.4681,0.2464
18,9,1981     ,1.1812,-0.1631,-0.2524,0.3458,0.0281,-0.1373,-0.2997,0.2783,-0.6960,0.7036,-0.5753
18,9,1982     ,0.8164,0.0153,-0.3293,0.2376,0.1832,-0.2998,-0.1437,0.7718,-0.0349,-0.8884,-0.5889
18,9,1983     ,-0.0531,-0.1418,-0.1088,-0.0245,0.3141,0.1325,-0.0953,-0.2634,0.6188,-0.4447,0.0364
18,9,1984     ,-0.2741,-0.2931,-0.1699,0.0805,0.1601,0.3849,0.0594,0.0673,-0.3422,0.4069,-0.3357
18,9,1985     ,0.7441,0.4037,-0.3023,0.0857,0.2274,0.0401,0.5659,0.1132,-0.0538,-0.1081,0.4026
18,9,1986     ,-1.1372,-0.0471,0.0307,0.2242,0.2633,0.0762,-0.1189,0.2058,-0.1157,0.2702,0.8284
18,9,1987     ,-0.5883,-0.3411,0.2905,-0.0983,0.1421,-0.0754,0.3802,0.5948,0.6433,0.6201,1.0815
18,9,1988     ,-0.0993,-0.2813,-0.0747,0.1981,-0.0016,0.2658,0.1991,0.0315,0.4962,0.8317,0.3652
18,9,1989     ,-0.4636,0.2037,-0.2419,0.1785,-0.0007,-0.0353,0.4232,0.4385,0.0298,0.8423,1.0677
18,9,1990     ,-1.3359,0.1754,0.4037,-0.2064,0.2321,-0.1990,0.0735,0.2168,0.4644,0.1031,-0.0093
18,9,1991     ,0.4104,0.0375,0.0502,0.0459,-0.3447,0.2351,-0.0328,0.6947,0.6361,1.0698,0.3394
18,9,1992     ,0.9062,-0.1132,0.1092,0.0982,0.1047,-0.1414,0.6519,0.3639,1.1072,0.8143,1.4914
18,9,1993     ,0.9373,-0.0184,-0.0779,0.0575,-0.1345,-0.0600,0.2513,0.4984,0.2092,1.5196,1.1340
18,9,1994     ,-0.6952,-0.2898,-0.1725,-0.1189,0.0989,-0.0248,0.1826,0.8655,0.6060,0.8307,0.9436
18,9,1995     ,1.3314,-0.1497,-0.2830,0.0791,0.0064,0.1005,0.0664,0.0676,1.1140,0.1129,0.1272
18,9,1996     ,0.8430,-1.1962,-0.2587,-0.1628,0.0536,-0.0521,0.4026,1.1678,0.1295,1.1602,-0.2496
18,9,1997     ,0.2595,0.1850,-0.4772,0.0718,-0.1225,0.2859,0.1590,0.3218,0.2642,-0.1534,0.2037
18,9,1998     ,0.0591,0.1521,0.0399,-0.4412,0.3868,-0.0067,0.0345,-0.0889,-0.1107,0.3874,0.1303
18,9,1999     ,-1.3146,0.1238,-0.0729,-0.0800,-0.2090,0.3989,0.1562,0.1469,0.0719,-0.9033,-0.4668
18,9,2000     ,-0.8808,-0.3661,0.5641,0.2040,0.0276,-0.1993,0.3152,-0.0176,-0.5886,-1.0643,-1.1940
18,9,2001     ,-0.1784,-0.1184,-0.1364,-0.0090,-0.1347,-0.2008,0.1872,-0.1744,0.4413,-0.4619,-0.2501
18,9,2002     ,2.4545,0.7836,-0.4408,-0.2777,-0.4712,-0.3280,-0.0943,0.1912,0.0992,1.7857,-0.3467
18,9,2003     ,1.2682,0.1810,-0.0593,-0.4595,-0.0696,-0.2421,0.0047,-0.3502,0.0589,-0.2093,0.8711
18,9,2004     ,0.6868,0.9654,0.1497,-0.6379,-0.2315,0.3177,-0.2677,-0.6827,-1.1420,-0.5635,-0.4609
18,9,2005     ,-0.5197,0.7054,0.3359,-0.3048,-0.5864,0.1827,0.6891,-0.7042,-0.5903,-1.1837,-1.1776
18,9,2006     ,-0.4663,0.1742,0.3288,-0.1025,-0.3221,0.0013,0.2107,0.3626,-1.1154,-0.9974,-1.3853
18,9,2007     ,-0.4799,-0.0018,0.1424,0.0684,-0.0741,0.0117,0.2750,0.3310,0.0286,-0.6677,-1.2078
18,9,2008     ,0.4185,0.9309,0.4165,-0.0706,-0.2181,-0.0992,0.1796,0.0150,0.1816,0.2674,-1.7131
18,9,2009     ,0.8883,0.5486,-0.1172,-0.0644,0.5527,-0.1427,-0.1661,-0.0247,-0.5749,-0.8647,-0.4335
18,9,2010     ,0.6427,-0.1206,0.0930,0.1008,-0.0572,0.4831,-0.2160,-0.3736,-0.7570,-0.4678,-1.0886
18,9,2011     ,2.1535,-0.2497,-0.3113,0.1643,-0.1076,0.0916,0.8421,-0.1613,-0.7006,-0.6336,-1.2957
18,9,2012     ,0.2277,0.5253,-0.4808,-0.0777,-0.0294,0.0748,0.1874,0.5909,-0.4927,0.5461,-0.5074
18,9,2013     ,0.4731,0.9997,0.1824,-0.4280,0.5462,-0.1479,0.0676,-0.2634,0.6326,-1.0595,-2.0221
18,9,2014     ,-1.1509,0.2289,0.5056,-0.0988,0.1401,0.4148,-0.5248,-0.3080,-0.8343,0.0326,-2.1706
18,9,2015     ,0.0063,-1.0044,0.1183,0.2478,-0.7242,0.3048,0.3227,-0.1305,-0.5175,-0.0918,-0.1466
18,9,2016     ,-1.0146,-0.3961,-0.4326,0.0439,0.1433,-0.3974,-0.7269,0.6477,-0.2671,-0.2823,-0.9117
18,9,2017     ,0.2602,-0.4575,0.1220,-0.2629,-0.1608,-0.1496,-0.8080,-0.0967,-0.2837,1.4310,-2.0041
18,9,2018     ,-0.2445,-0.5163,-0.2751,0.0231,-0.0056,-0.5115,-0.2185,0.2881,-0.4939,0.2170,-1.6055
18,9,2019     ,-1.7974,-0.2383,-0.2695,-0.0587,-0.2068,0.3274,-0.2829,0.1187,-1.0056,-0.8269,-0.8849
18,9,2020     ,-2.3672,-0.6468,-0.1456,0.0613,0.1666,-0.0039,0.4238,-0.4239,0.2765,0.9023,-0.7739
18,9,2021     ,0.8365,-0.8053,-0.3333,-0.3890,0.2160,0.6715,-0.2939,0.7980,-0.7234,-0.3326,-2.5855
18,9,2022     ,-1.1753,-0.7843,-0.1435,0.4704,-0.0162,0.3891,-0.0832,-0.3474,-0.0534,1.5949,-4.5157
# Species,Quarter,Year, Age_0, Age_1, Age_2, Age_3, Age_4, Age_5, Age_6, Age_7, Age_8, Age_9, Age_10
19,9,1974,-99.9,-99.9,-99.9,1.1316,0.2104,-0.1831,-0.0068,0.1133,-0.1319,0.0713,-0.0897
19,9,1975,-99.9,-99.9,-99.9,0.4435,0.0855,-0.3085,-0.1518,0.1380,0.2462,-0.1029,0.1485
19,9,1976,-99.9,-99.9,-99.9,1.0306,0.3757,0.0692,-0.0529,-0.1417,-0.1264,-0.2040,-0.0764
19,9,1977,-99.9,-99.9,-99.9,-0.4840,-0.3260,-0.1533,0.0286,0.0462,0.3275,-0.0202,-0.1144
19,9,1978,-99.9,-99.9,-99.9,0.7719,0.1719,0.0590,-0.1822,-0.1979,0.1115,0.0149,0.2136
19,9,1979,-99.9,-99.9,-99.9,-0.3287,-0.2297,-0.0621,-0.0164,0.2174,-0.0451,-0.1005,-0.1049
19,9,1980,-99.9,-99.9,-99.9,-0.2172,-0.7014,-0.0167,0.0868,0.1168,-0.0890,0.0181,0.1861
19,9,1981,-99.9,-99.9,-99.9,-0.6177,-0.8301,-0.3990,-0.0208,0.1796,0.4206,0.0043,0.6985
19,9,1982,-99.9,-99.9,-99.9,-0.1715,-0.2039,0.0077,0.2110,0.0731,0.0038,-0.3250,0.0646
19,9,1983,-99.9,-99.9,-99.9,-0.5285,-0.8141,-0.0945,0.0507,0.4254,0.1361,-0.0724,-0.3938
19,9,1984,-99.9,-99.9,-99.9,0.8644,0.0606,0.0149,0.4546,-0.0680,0.1788,-0.4177,-0.6291
19,9,1985,-99.9,-99.9,-99.9,1.1878,0.6822,0.1658,-0.0287,-0.1678,-0.1015,-0.2782,-0.1605
19,9,1986,-99.9,-99.9,-99.9,-0.6070,0.8156,0.1800,0.0184,0.0070,-0.2452,-0.0460,0.0332
19,9,1987,-99.9,-99.9,-99.9,-0.4493,0.3272,0.1354,-0.2467,-0.0546,0.2848,0.1294,0.1900
19,9,1988,-99.9,-99.9,-99.9,-0.4074,-0.4857,0.2415,-0.2788,0.0091,0.2133,0.4094,-0.1239
19,9,1989,-99.9,-99.9,-99.9,-0.1918,-0.1004,0.0110,0.2072,-0.1715,0.0691,0.0770,-0.1432
19,9,1990,-99.9,-99.9,-99.9,0.5893,0.0293,0.0596,0.0999,-0.1685,0.0962,-0.0645,-0.1352
19,9,1991,-99.9,-99.9,-99.9,0.5639,0.4833,0.0660,-0.1185,-0.0483,-0.3611,0.0969,0.2539
19,9,1992,-99.9,-99.9,-99.9,0.6242,0.6941,0.5562,-0.0038,-0.3064,-0.2690,-0.4526,0.0204
19,9,1993,-99.9,-99.9,-99.9,0.9515,-0.1333,-0.1987,-0.3122,-0.0863,0.3258,0.3578,0.2784
19,9,1994,-99.9,-99.9,-99.9,0.7997,0.6621,0.1076,-0.0917,-0.2882,-0.3679,0.1097,0.5117
19,9,1995,-99.9,-99.9,-99.9,-0.1825,0.1949,-0.1884,-0.5987,0.3268,0.0133,0.5708,0.3923
19,9,1996,-99.9,-99.9,-99.9,-0.1149,-0.3523,-0.0933,0.0699,0.2261,-0.1243,-0.3197,0.2764
19,9,1997,-99.9,-99.9,-99.9,0.0979,0.0648,0.0358,-0.2230,0.1305,0.2449,-0.1606,0.1461
19,9,1998,-99.9,-99.9,-99.9,0.4677,0.0452,0.0952,-0.0283,-0.0577,0.0420,0.1973,-0.2361
19,9,1999,-99.9,-99.9,-99.9,-0.5768,-0.2112,-0.0855,-0.1808,-0.0094,0.5022,0.0851,0.1192
19,9,2000,-99.9,-99.9,-99.9,0.0378,-0.3784,-0.0431,0.1439,-0.0573,-0.0245,0.1542,-0.2164
19,9,2001,-99.9,-99.9,-99.9,0.3166,0.4531,0.3437,-0.1909,-0.1550,0.3370,0.0920,-0.6977
19,9,2002,-99.9,-99.9,-99.9,-0.3404,-0.0700,0.0918,0.0769,-0.2264,-0.1403,0.2423,-0.0208
19,9,2003,-99.9,-99.9,-99.9,0.4202,-0.2491,-0.3445,-0.0412,0.0821,0.0667,0.1681,0.2909
19,9,2004,-99.9,-99.9,-99.9,0.3108,0.0981,-0.3197,0.3025,-0.2318,-0.0430,0.7750,-0.2298
19,9,2005,-99.9,-99.9,-99.9,-0.3991,-0.2405,-0.0445,0.3318,0.1251,0.0264,-0.3059,-0.1855
19,9,2006,-99.9,-99.9,-99.9,0.8021,0.0710,-0.2956,0.0796,0.1778,0.1178,0.1236,-0.2735
19,9,2007,-99.9,-99.9,-99.9,1.1064,0.1545,0.0486,0.0380,0.1453,0.1194,-0.3881,-0.3805
19,9,2008,-99.9,-99.9,-99.9,-0.0782,0.4554,0.0039,-0.0841,-0.0372,-0.1053,0.2353,0.1206
19,9,2009,-99.9,-99.9,-99.9,-0.1539,0.1293,0.0058,-0.1179,0.0585,0.1378,-0.3247,-0.0855
19,9,2010,-99.9,-99.9,-99.9,-0.5841,-0.4024,0.0029,-0.0882,-0.1504,0.2299,0.1543,-0.0789
19,9,2011,-99.9,-99.9,-99.9,0.4891,0.0325,0.0019,-0.1887,-0.0917,-0.1275,-0.2249,0.5417
19,9,2012,-99.9,-99.9,-99.9,0.2363,0.0943,0.0835,-0.0636,-0.0178,-0.1153,-0.2918,0.1601
19,9,2013,-99.9,-99.9,-99.9,-0.2793,0.6087,-0.3678,0.0641,-0.0170,0.3375,-0.1679,0.0934
19,9,2014,-99.9,-99.9,-99.9,-0.5958,-0.1348,0.1857,-0.0901,0.0570,0.0317,-0.2269,0.0198
19,9,2015,-99.9,-99.9,-99.9,-0.0715,-0.4035,0.1407,0.1616,-0.1916,-0.2169,0.1665,-0.1565
19,9,2016,-99.9,-99.9,-99.9,-0.5903,0.0104,0.1045,-0.1040,-0.2006,0.2846,-0.2703,0.3069
19,9,2017,-99.9,-99.9,-99.9,-1.1145,-0.3089,-0.2177,0.1225,0.3483,-0.0644,0.1011,-0.2567
19,9,2018,-99.9,-99.9,-99.9,-1.1971,-0.3577,0.0906,0.2244,-0.1598,0.1633,-0.0823,0.0183
19,9,2019,-99.9,-99.9,-99.9,-0.2133,-0.4673,-0.0817,0.1764,0.0306,-0.0553,0.0762,0.0079
19,9,2020,-99.9,-99.9,-99.9,-0.7288,0.2167,0.0233,0.1492,0.2718,-0.0641,-0.2963,-0.4018
19,9,2021,-99.9,-99.9,-99.9,0.3756,0.0074,-0.0628,-0.0459,0.1863,-0.1266,-0.2479,0.1079
19,9,2022,-99.9,-99.9,-99.9,-0.1831,0.0589,-0.0557,0.0800,0.1597,-0.0760,-0.0685,-0.1685
# Species,Quarter,Year, Age_0, Age_1, Age_2, Age_3, Age_4, Age_5, Age_6, Age_7, Age_8, Age_9, Age_10
20,9,1974,-99.9,-0.2138,-0.1799,-0.0771,-0.1035,-0.0348,0.0920,0.0442,0.0462,0.0549,0.0484
20,9,1975,-99.9,0.3635,-0.2286,-0.0854,-0.1293,-0.0131,0.0866,0.0388,0.0459,0.0479,-0.0155
20,9,1976,-99.9,0.3256,0.3285,-0.1492,-0.1443,-0.0371,0.1107,0.0375,0.0454,0.0525,-0.0446
20,9,1977,-99.9,-0.3552,0.2560,0.3707,-0.2503,-0.0899,0.0479,0.0226,0.0056,0.0136,-0.0948
20,9,1978,-99.9,0.1731,-0.4321,0.2919,0.2656,-0.2083,-0.0164,-0.0521,-0.0221,-0.0392,-0.1522
20,9,1979,-99.9,-0.3670,0.1471,-0.3383,0.2567,0.3855,-0.0558,-0.0355,-0.0151,0.0149,-0.2097
20,9,1980,-99.9,1.1270,1.0699,0.1955,0.3728,-0.0886,-0.4788,-0.0314,0.0509,-0.0730,-0.4493
20,9,1981,-99.9,0.5810,0.6454,0.2532,-0.5702,-0.0339,-0.2012,-0.4876,0.2165,0.1603,0.2060
20,9,1982,-99.9,0.1226,0.3869,0.3342,-0.0241,-0.5742,-0.0078,-0.3947,-0.3108,0.3064,0.2197
20,9,1983,-99.9,0.0948,0.7670,0.2831,0.1892,-0.0556,-0.4002,-0.0676,-0.2694,-0.3510,0.2170
20,9,1984,-99.9,-0.0165,-0.0018,0.4918,0.0684,-0.0566,-0.0614,-0.1367,-0.0777,-0.3096,-0.1566
20,9,1985,-99.9,0.6400,-0.9754,-0.5411,0.1054,-0.0702,-0.0860,-0.2012,0.2496,0.1679,0.1794
20,9,1986,-99.9,-0.0513,0.4980,-0.5841,-0.2996,0.1208,0.0517,-0.1209,-0.1559,0.3083,0.1771
20,9,1987,-99.9,-0.6810,0.1894,0.5756,-0.3754,-0.0834,-0.1143,-0.1873,-0.2305,-0.0823,0.1372
20,9,1988,-99.9,0.2123,-0.1923,0.0263,0.2004,-0.0403,0.0799,-0.2046,-0.0949,-0.3606,-0.0720
20,9,1989,-99.9,-0.0589,0.4326,0.1065,-0.0237,0.1326,-0.0167,0.0215,-0.2526,-0.1364,-0.2343
20,9,1990,-99.9,0.3777,0.3889,0.3523,-0.0559,-0.0082,-0.0429,-0.0500,0.1583,-0.2232,-0.5589
20,9,1991,-99.9,-0.3851,-0.0394,-0.0701,0.0142,-0.1515,-0.0991,-0.2644,0.3539,0.2444,-0.2352
20,9,1992,-99.9,-0.2671,-0.1959,0.0788,-0.0095,-0.1267,-0.1740,-0.1278,-0.3275,0.6505,-0.1545
20,9,1993,-99.9,-0.1597,-0.1050,-0.0187,0.0449,0.0232,-0.0799,-0.0519,0.0826,-0.0956,-0.0058
20,9,1994,-99.9,-0.2159,-0.3205,-0.0249,-0.0950,-0.0410,0.0488,-0.1348,0.0495,0.3302,-0.2433
20,9,1995,-99.9,-0.5844,0.0477,-0.0557,-0.0789,-0.1232,-0.0189,0.1676,-0.0615,0.2105,-0.0628
20,9,1996,-99.9,0.2013,-0.1958,0.0864,0.0167,0.0217,-0.1396,0.0563,0.0142,0.0814,-0.1173
20,9,1997,-99.9,0.4218,0.0195,-0.0830,0.1811,0.1163,0.0731,-0.0196,-0.0829,0.1169,-0.3021
20,9,1998,-99.9,0.1199,0.1129,-0.0095,0.0440,0.2156,0.1270,0.0540,0.1415,-0.1131,-0.3533
20,9,1999,-99.9,-0.2291,-0.2547,-0.1818,-0.0817,0.1046,0.1283,0.0973,0.1801,0.2159,-0.1521
20,9,2000,-99.9,-0.2028,-0.3736,0.0696,0.1857,0.1147,0.1363,-0.0831,0.0138,-0.0047,-0.1412
20,9,2001,-99.9,-0.7429,-0.5035,-0.2059,0.0429,0.1259,0.1568,0.1491,-0.0298,0.0592,0.0648
20,9,2002,-99.9,0.0156,-0.9781,-0.0264,0.0701,0.0778,0.1340,-0.0457,0.0877,-0.0030,-0.0125
20,9,2003,-99.9,-0.4192,-0.3343,-0.8483,-0.1348,0.0746,0.2424,0.0358,0.1741,0.3306,0.0932
20,9,2004,-99.9,-0.6241,0.4585,0.4134,-0.0895,0.1320,0.0118,-0.1733,-0.1616,-0.1583,-0.2127
20,9,2005,-99.9,-0.2096,-0.0031,0.5867,0.0681,0.1165,0.0021,-0.1635,-0.0172,-0.1735,-0.2981
20,9,2006,-99.9,0.6739,0.1226,-0.2531,0.3082,-0.1183,0.3110,-0.0798,-0.0681,0.0074,-0.1439
20,9,2007,-99.9,-0.1450,-0.3838,-0.3745,-0.2059,0.1641,-0.0039,0.1728,0.1024,0.2320,0.0546
20,9,2008,-99.9,-0.2777,-0.5775,-0.1538,-0.1447,0.1003,-0.1065,-0.1834,0.4934,0.1175,0.0750
20,9,2009,-99.9,-0.6727,-0.7334,-0.1143,0.2235,0.0497,0.2151,-0.1192,-0.1433,0.4083,-0.2440
20,9,2010,-99.9,0.2730,-0.4592,-0.3008,0.2911,0.2690,0.1661,-0.0092,-0.2298,-0.0786,0.1110
20,9,2011,-99.9,-0.2601,-0.4655,-0.1715,0.0350,0.1987,0.2475,0.2066,0.2505,-0.3828,-0.0350
20,9,2012,-99.9,-0.0517,-0.1482,-0.3544,0.0321,0.0812,0.1992,0.0706,0.2046,0.2994,-0.3327
20,9,2013,-99.9,0.0787,0.0224,-0.1181,0.0046,0.0382,0.1343,-0.1191,-0.0763,0.3560,-0.0366
20,9,2014,-99.9,0.0386,-0.2653,0.1998,0.2108,0.1534,0.1515,0.1760,0.0647,-0.1871,-0.3284
20,9,2015,-99.9,0.8034,-0.0224,-0.2351,-0.0305,0.0073,0.1436,0.0778,0.3403,0.0740,-0.1615
20,9,2016,-99.9,1.0652,0.3506,0.1003,0.1867,0.0017,-0.0011,0.0399,0.1256,0.0820,-0.4192
20,9,2017,-99.9,0.0940,0.2135,0.4230,0.1466,-0.0216,-0.1239,-0.1875,0.1037,0.0946,-0.1245
20,9,2018,-99.9,0.4512,0.6556,0.0726,0.1182,-0.1418,-0.1195,-0.1014,-0.0004,0.3173,0.0276
20,9,2019,-99.9,0.7399,0.5075,0.5187,-0.1707,-0.0633,-0.0375,-0.1503,-0.0462,0.0812,-0.0218
20,9,2020,-99.9,0.2114,0.2412,-0.0074,-0.1696,-0.0822,-0.2668,-0.0751,0.2022,0.2807,0.4002
20,9,2021,-99.9,-0.7147,0.6459,0.1196,0.0811,-0.0592,-0.0135,-0.1808,0.0469,0.3050,-0.0179
20,9,2022,-99.9,-1.3978,0.1287,-0.2406,-0.2882,-0.1501,-0.1523,0.1141,0.1310,0.4307,0.5137
# Species,Quarter,Year, Age_0, Age_1, Age_2, Age_3, Age_4
22,9,1974     ,1.9216,0.1499,-0.2143,0.1331,0.3456
22,9,1975     ,1.2563,-0.0938,-0.1400,1.0835,-0.3302
22,9,1976     ,0.7259,-0.0368,-0.0429,0.0352,0.3867
22,9,1977     ,0.5009,0.0952,-0.1184,0.0909,-0.4679
22,9,1978     ,1.1713,-0.1327,-0.0576,0.6638,0.4377
22,9,1979     ,3.5708,-0.3544,0.2799,-0.2474,-1.0443
22,9,1980     ,1.2000,-0.3510,0.3146,-0.3464,0.4256
22,9,1981     ,1.4966,-0.3131,0.1877,0.1047,-0.3860
22,9,1982     ,0.9490,-0.5807,0.4187,0.1770,-0.5755
22,9,1983     ,1.1646,-0.3019,0.2483,-0.6571,-2.0863
22,9,1984     ,-3.2510,0.3278,-0.1542,-0.2583,-2.7549
22,9,1985     ,-1.9974,-0.4338,0.1533,0.6390,1.5518
22,9,1986     ,-0.4731,0.0138,0.5121,-1.7645,-5.0533
22,9,1987     ,-4.7252,-0.3806,0.5561,0.1797,-0.4330
22,9,1988     ,0.3367,-0.0869,0.4703,-0.3386,-1.3322
22,9,1989     ,-0.5186,0.4882,0.1656,0.4940,-4.8818
22,9,1990     ,0.6165,0.1014,-0.2961,0.9880,-0.3698
22,9,1991     ,1.4578,0.3167,-0.2782,-0.1241,1.2026
22,9,1992     ,-0.1992,-0.1303,-0.0378,0.3680,0.8822
22,9,1993     ,1.7113,0.2901,-0.3635,-0.2433,3.0033
22,9,1994     ,-5.9209,0.0641,-0.0729,1.3415,1.3692
22,9,1995     ,-1.5905,0.4814,-0.1988,-0.1235,-0.5091
22,9,1996     ,-0.0138,0.2455,-0.1580,0.0857,1.5440
22,9,1997     ,-1.7377,0.3238,-0.2374,0.9679,1.8240
22,9,1998     ,2.3122,-0.1438,0.2397,1.0435,-0.2334
22,9,1999     ,1.5745,-0.1346,0.2559,-0.2668,1.4891
22,9,2000     ,-2.6071,-0.0709,0.1298,0.2848,-0.2741
22,9,2001     ,2.3178,0.4173,-0.3846,-0.8681,0.6114
22,9,2002     ,-3.1880,-0.0862,-0.2638,-0.1952,0.6515
22,9,2003     ,1.8986,0.0490,-0.3168,-0.7096,1.4238
22,9,2004     ,0.5449,0.0103,-0.1061,-0.9603,0.2544
22,9,2005     ,0.0033,0.1996,-0.3653,-0.4292,0.4383
22,9,2006     ,-8.5294,0.4815,-0.1908,-0.3826,0.8634
22,9,2007     ,-7.8282,0.8914,-0.6175,-1.1541,-1.1956
22,9,2008     ,-6.6870,0.0061,-0.3189,-0.4310,-0.4104
22,9,2009     ,6.2713,0.6159,-0.5403,-2.0136,-1.3234
22,9,2010     ,1.7581,-0.3550,0.0372,0.6954,0.4991
22,9,2011     ,6.1428,-0.2740,0.1228,-0.8676,-0.7096
22,9,2012     ,3.8352,-1.2617,0.7981,0.9687,1.4264
22,9,2013     ,3.9735,-0.4070,0.4722,-0.2436,-1.5490
22,9,2014     ,4.3539,-0.2553,0.0897,0.8507,-0.9376
22,9,2015     ,-7.3748,0.0824,0.0746,0.0904,1.1780
22,9,2016     ,-1.1650,0.0900,-0.0001,-0.5232,1.3811
22,9,2017     ,5.0467,-0.0890,0.3655,-0.8710,-0.5482
22,9,2018     ,-5.7475,-0.1468,0.1923,1.9895,1.8077
22,9,2019     ,-2.7111,0.1738,0.2161,0.0751,0.2366
22,9,2020     ,1.9350,0.4307,-0.3291,0.5968,-0.0685
22,9,2021     ,3.1429,-0.2399,-0.0749,0.4833,1.9690
22,9,2022     ,3.1747,-0.0211,-0.0905,-0.5745,0.9370
# Species,Quarter,Year, Age_0, Age_1, Age_2, Age_3, Age_4, Age_5, Age_6, Age_7, Age_8, Age_9, Age_10
26,9,1974,-99.9,-0.0365,-0.1127,-0.0227,-0.0128,0.1686,-0.0492,-0.0300,0.0435,0.0051,0.0232
26,9,1975,-99.9,0.3553,-0.0143,-0.0524,-0.1096,-0.0124,0.0746,0.0375,0.0331,-0.0313,0.0305
26,9,1976,-99.9,0.5038,0.0429,-0.0283,-0.0591,-0.2183,-0.0497,0.1579,0.1123,0.0216,0.0560
26,9,1977,-99.9,0.3806,0.0644,0.0614,0.0001,0.2436,-0.0446,0.0367,-0.0633,0.0266,-0.1156
26,9,1978,-99.9,0.5377,0.0661,0.0116,0.0212,0.0139,0.0493,0.2865,0.0121,-0.2586,-0.1223
26,9,1979,-99.9,0.3517,0.1434,-0.0227,-0.0813,0.0108,0.1308,0.0279,0.0772,-0.0263,-0.0907
26,9,1980,-99.9,0.0100,-0.0277,0.2257,0.0328,-0.0978,0.0619,0.1076,-0.2188,0.0714,-0.0958
26,9,1981,-99.9,-0.4113,0.0633,0.0535,-0.0597,-0.0987,-0.0890,0.1561,0.0706,-0.2824,0.2205
26,9,1982,-99.9,-0.1523,-0.0375,0.1806,-0.0110,-0.1753,-0.2065,0.0846,0.0313,-0.0957,0.1552
26,9,1983,-99.9,-0.1795,0.0299,-0.0001,0.0972,-0.1203,-0.1599,-0.0941,0.0835,0.0126,0.1736
26,9,1984,-99.9,0.0149,-0.0119,0.0180,0.0628,-0.1048,-0.0539,-0.0514,0.0318,0.1523,0.0769
26,9,1985,-99.9,0.1081,-0.0910,-0.1187,0.2224,0.0226,-0.1599,0.0881,-0.0110,-0.0294,0.2497
26,9,1986,-99.9,0.0334,0.0690,-0.0972,-0.0218,0.0458,0.2916,-0.1345,-0.0257,0.0383,0.2789
26,9,1987,-99.9,-0.3549,0.1656,0.0308,0.0095,0.2684,0.0462,0.3966,-0.2911,-0.1399,0.2061
26,9,1988,-99.9,-0.4469,0.0332,0.0143,-0.0324,0.0598,0.1239,0.0205,0.1825,-0.0386,0.4237
26,9,1989,-99.9,-0.5039,-0.0220,0.0321,0.0372,0.0799,0.0119,0.1010,-0.1284,-0.0765,0.4241
26,9,1990,-99.9,-0.0540,-0.1986,-0.0508,0.0320,0.1776,0.0522,0.0598,-0.1240,-0.2016,0.2593
26,9,1991,-99.9,0.0765,-0.1628,-0.0821,-0.0663,-0.0023,0.0237,0.2805,-0.0375,-0.0880,0.0670
26,9,1992,-99.9,-0.0814,-0.4124,-0.2339,-0.1110,0.0858,0.0305,0.1111,0.0815,0.0205,0.3109
26,9,1993,-99.9,0.0522,-0.4566,-0.3172,-0.1490,0.1266,0.0066,0.2270,-0.2054,0.0622,0.2909
26,9,1994,-99.9,-0.3230,-0.4039,-0.2158,-0.1336,-0.0345,0.1170,0.3962,0.0417,-0.3507,0.2253
26,9,1995,-99.9,-0.0196,-0.4429,-0.0902,0.0274,0.0806,0.1733,0.6314,-0.1330,-0.2926,-0.4937
26,9,1996,-99.9,-0.2408,0.1577,-0.1552,-0.0510,-0.1420,-0.1229,0.4656,0.2041,-0.2843,-0.1928
26,9,1997,-99.9,-1.2473,0.4890,0.4512,-0.1447,0.1036,-0.0386,0.2230,0.1145,0.0907,-0.2651
26,9,1998,-99.9,-0.3515,-0.2153,0.5924,0.4833,0.0784,-0.0758,0.0997,-0.1608,-0.0105,-0.1335
26,9,1999,-99.9,-0.0722,-0.4193,-0.1346,0.3499,-0.0214,0.4385,0.2146,-0.0617,-0.1400,0.0056
26,9,2000,-99.9,-0.0732,-0.2079,-0.3705,0.3520,0.0711,0.1834,0.3673,-0.0152,-0.1793,0.0165
26,9,2001,-99.9,-0.8886,0.2119,0.4300,0.4244,0.4224,-0.2176,0.0270,-0.2566,-0.3575,0.0298
26,9,2002,-99.9,0.3296,0.0814,-0.1619,-0.0985,0.1888,0.0198,0.3607,-0.0720,-0.0343,-0.0429
26,9,2003,-99.9,0.0482,0.2142,0.1656,-0.0262,0.1317,0.2460,0.5725,-0.2815,-0.5867,-0.3985
26,9,2004,-99.9,0.8797,0.5733,0.2277,0.3044,-0.1368,0.1194,0.1917,-0.1800,-0.7775,-0.6598
26,9,2005,-99.9,0.3806,0.4044,0.0819,-0.0359,0.1524,0.0593,0.2396,0.0303,-0.4249,-0.7289
26,9,2006,-99.9,1.1524,0.4508,0.2912,0.0472,-0.2409,-0.3085,0.0068,-0.1877,-0.2364,-0.2217
26,9,2007,-99.9,-0.6227,0.3242,0.0723,-0.3621,-0.1555,-0.1376,-0.0664,0.1806,0.2813,-0.0004
26,9,2008,-99.9,0.3488,0.3060,0.0037,-0.0501,-0.1542,-0.1512,0.6109,0.0429,-0.7006,-0.2471
26,9,2009,-99.9,0.3885,0.0633,-0.2143,-0.2783,-0.2403,-0.1613,-0.1019,0.0553,-0.8544,1.2073
26,9,2010,-99.9,0.4038,0.2120,-0.1313,-0.0512,-0.2158,-0.0301,0.4314,-0.0980,-0.3467,-0.2106
26,9,2011,-99.9,-0.3127,-0.4053,-0.2970,-0.0480,-0.0596,-0.1685,-0.0230,0.3503,-0.4734,1.1791
26,9,2012,-99.9,-0.3443,0.1348,0.0631,0.0176,-0.0274,0.0552,0.0285,-0.2913,-0.0512,-0.0602
26,9,2013,-99.9,0.0540,-0.2016,0.0654,-0.0054,0.0150,0.2470,0.3981,-0.1321,-0.1067,-0.4361
26,9,2014,-99.9,0.7785,-0.1689,-0.0188,0.0324,0.1309,0.0068,0.3282,0.0961,-0.1936,-0.6276
26,9,2015,-99.9,0.0232,0.1094,-0.0614,-0.0994,-0.0753,0.0433,0.2857,0.2345,-0.3477,-0.3485
26,9,2016,-99.9,-0.2417,-0.1057,-0.2092,-0.0339,0.1096,0.0935,0.4087,0.2121,-0.0227,-0.7049
26,9,2017,-99.9,0.1302,0.0281,0.0714,0.0327,0.1806,0.2065,0.3428,0.0196,-0.3264,-1.0170
26,9,2018,-99.9,-0.2637,0.1846,0.0685,0.0265,-0.0972,0.0651,0.3816,-0.0671,-0.0902,-0.9008
26,9,2019,-99.9,-0.0927,0.0139,0.2200,-0.0165,-0.0411,-0.0313,0.3814,0.2578,-0.2835,-0.7842
26,9,2020,-99.9,0.0523,-0.3016,-0.0591,0.1095,-0.2324,-0.1340,0.4259,0.2506,0.2687,-0.4444
26,9,2021,-99.9,0.2351,-0.1360,0.0917,0.1020,0.1535,-0.1798,0.1744,0.1524,0.1257,-0.6347
26,9,2022,-99.9,-0.2837,0.0309,0.0518,0.0146,-0.0147,0.0142,0.4581,0.4365,-0.2819,-0.6734
# Species,Quarter,Year, Age_0, Age_1, Age_2, Age_3, Age_4, Age_5, Age_6, Age_7, Age_8, Age_9, Age_10
27,9,1974,-99.9,-0.6643,-0.1618,0.0431,0.0684,-0.0292,0.0795,0.1320,-0.1135,-0.0093,-0.1221
27,9,1975,-99.9,1.0779,0.3557,-0.1003,0.0838,-0.0360,0.0156,-0.0459,0.0345,0.0882,-0.0678
27,9,1976,-99.9,1.7157,-0.6607,0.0553,-0.1006,0.1216,-0.0856,0.1506,0.1199,-0.1961,0.0834
27,9,1977,-99.9,2.1003,0.4475,0.0473,0.1276,0.1596,-0.1811,-0.3843,0.1198,-0.1350,0.1710
27,9,1978,-99.9,-1.2892,0.1283,-0.0779,-0.2501,-0.1190,-0.0084,0.2965,0.4708,-0.2180,-0.0535
27,9,1979,-99.9,-1.1469,0.0448,0.1057,0.0189,-0.0563,-0.1414,-0.0910,0.0404,0.0409,0.0096
27,9,1980,-99.9,0.8337,-0.6390,-0.0810,-0.0703,0.1051,-0.1150,0.2484,0.1611,-0.2920,0.0962
27,9,1981,-99.9,0.3885,0.2633,-0.1901,-0.0086,0.0428,0.0914,0.2423,-0.1834,0.0283,-0.0795
27,9,1982,-99.9,2.1672,-0.0031,0.0573,-0.1995,0.0944,0.0593,-0.0309,0.1614,-0.2124,0.0507
27,9,1983,-99.9,0.2783,0.3737,-0.0322,0.0524,-0.3074,-0.0897,0.0201,-0.0241,0.2441,0.0349
27,9,1984,-99.9,0.0817,0.1234,-0.0118,-0.0397,-0.0247,0.4535,0.1154,-0.2311,-0.2735,-0.1016
27,9,1985,-99.9,-0.2004,0.2028,0.0191,0.0333,0.1122,-0.1276,0.0853,-0.1180,-0.1443,0.0361
27,9,1986,-99.9,0.0648,-0.6284,-0.2525,-0.1890,-0.0419,0.2453,0.1830,-0.1140,0.0355,0.4488
27,9,1987,-99.9,-0.3512,0.2089,-0.0976,-0.0419,-0.0320,-0.0195,0.0194,-0.0268,0.3005,0.0492
27,9,1988,-99.9,-4.5881,0.1782,0.1332,0.1907,0.1177,0.1091,0.0439,-0.0897,-0.1159,-0.3645
27,9,1989,-99.9,-0.4594,-0.3918,0.0905,0.2103,0.0282,-0.0358,0.0476,-0.2049,-0.1297,-0.1817
27,9,1990,-99.9,-1.4229,-0.3050,-0.0341,0.0697,-0.0443,0.1532,-0.0623,0.0036,-0.2236,-0.1081
27,9,1991,-99.9,-2.5234,-0.9913,-0.0356,-0.0524,0.2063,-0.3721,0.0673,0.0110,-0.0467,0.0400
27,9,1992,-99.9,-1.9596,-0.6382,-0.1171,-0.0521,-0.0870,-0.0371,0.1739,-0.1782,0.0272,0.1764
27,9,1993,-99.9,-3.3733,-0.2664,-0.1666,-0.1137,0.3817,0.1147,0.1012,-0.2517,-0.1344,0.0260
27,9,1994,-99.9,-0.5005,-0.6232,-0.1088,0.0187,0.0138,0.2164,0.0583,-0.5002,0.0575,0.1698
27,9,1995,-99.9,0.9645,0.2769,-0.1180,0.1838,0.0391,-0.0633,0.0047,0.1323,-0.2462,-0.1843
27,9,1996,-99.9,-2.2515,-0.1480,-0.0856,0.0957,-0.2863,0.0722,0.0049,-0.3845,-0.1058,0.1798
27,9,1997,-99.9,-1.2582,-0.6667,0.0049,-0.0916,-0.0430,0.0975,0.0061,0.2395,-0.4695,-0.0250
27,9,1998,-99.9,-2.4008,0.1126,-0.0663,0.0584,-0.0582,-0.1620,-0.0752,0.2677,0.1013,-0.3098
27,9,1999,-99.9,-1.9191,-0.2744,0.1959,-0.0062,0.1047,-0.0989,-0.2505,-0.1090,0.2370,-0.0992
27,9,2000,-99.9,-0.2061,-0.1954,0.0958,0.1300,-0.2016,-0.0061,0.2497,-0.0498,-0.2430,0.1401
27,9,2001,-99.9,-0.4207,0.1884,0.0273,0.2910,0.1480,0.0012,-0.0888,0.0406,-0.1352,-0.0511
27,9,2002,-99.9,0.7447,0.7310,0.2799,0.0460,0.1908,0.0237,0.0525,0.2469,-0.4187,-0.2906
27,9,2003,-99.9,0.3026,0.2531,0.3763,-0.0152,0.0245,0.2369,-0.1552,0.1971,-0.6286,0.3412
27,9,2004,-99.9,-0.0785,0.6835,0.2768,0.1588,-0.0629,-0.2162,-0.4480,-0.4341,0.8158,0.2810
27,9,2005,-99.9,1.1989,0.4549,0.2814,0.0734,-0.0943,-0.0414,0.1244,-0.2797,-0.0866,0.4003
27,9,2006,-99.9,1.0980,0.7133,0.2883,-0.0853,-0.0533,-0.1608,-0.0168,0.1865,0.0312,0.1017
27,9,2007,-99.9,-0.1100,0.4662,0.2174,0.0722,0.0153,-0.0244,-0.1457,-0.2276,0.3803,0.1128
27,9,2008,-99.9,1.1139,-0.0694,0.1064,-0.0173,0.0150,-0.0278,0.0749,-0.0372,0.0993,0.1318
27,9,2009,-99.9,1.0702,0.4645,-0.1145,-0.0030,-0.1268,-0.0344,0.1084,-0.0493,0.0138,0.4328
27,9,2010,-99.9,0.5905,0.4985,0.1858,-0.1420,-0.0987,-0.1271,0.0024,-0.0726,0.2033,0.2688
27,9,2011,-99.9,-0.0548,-0.1522,0.3381,0.0279,0.0589,0.0220,0.1201,-0.0077,-0.3804,0.0683
27,9,2012,-99.9,0.0629,-0.3427,-0.0839,-0.0922,-0.1816,-0.1375,0.1743,0.0886,0.0836,0.3850
27,9,2013,-99.9,1.0277,-0.0129,-0.1517,0.0352,-0.0116,-0.0544,0.2733,0.2768,-0.0994,-0.0172
27,9,2014,-99.9,1.1221,-0.0278,-0.2572,-0.1433,0.0436,0.0029,0.6116,-0.0212,-0.0952,0.1265
27,9,2015,-99.9,1.7755,-0.0541,0.0307,-0.1344,0.0577,0.1426,0.1058,0.0422,0.1512,-0.2713
27,9,2016,-99.9,1.4144,-0.4004,-0.1796,-0.1842,0.0088,0.0874,0.3556,-0.1251,-0.3277,0.1998
27,9,2017,-99.9,1.1263,-0.2186,-0.1160,-0.1149,-0.1667,0.0375,0.0124,0.2033,-0.0508,-0.1434
27,9,2018,-99.9,0.7069,0.0171,-0.3625,-0.0923,0.0709,0.1832,0.1356,-0.0198,-0.0837,-0.2206
27,9,2019,-99.9,0.9996,-0.0332,-0.2518,-0.2568,-0.1876,0.1256,0.0617,0.2855,0.3783,-0.5319
27,9,2020,-99.9,1.5092,0.1097,-0.2629,-0.0468,-0.1846,-0.0852,-0.0424,-0.0682,-0.2604,0.5166
27,9,2021,-99.9,1.2909,0.2023,-0.1275,0.0855,-0.0008,0.0132,-0.0356,0.0776,-0.0040,-0.4044
27,9,2022,-99.9,0.4429,0.3681,-0.0468,-0.1483,-0.0488,-0.0026,0.6370,0.0381,0.0619,-0.6819