# F status quo
#  
 0.009517 0.043415 0.078484 0.072209 0.071509 0.053931 0.034245 0.017693 0.003692 0.003692
 0.009517 0.043415 0.078484 0.072209 0.071509 0.053931 0.034245 0.017693 0.003692 0.003692
 0.000000 0.009517 0.043415 0.078484 0.072209 0.071509 0.053931 0.034245 0.017693 0.003692 0.003692
 0.000000 0.009517 0.043415 0.078484 0.072209 0.071509 0.053931 0.034245 0.017693 0.003692 0.003692
# A.radiata 
 0.002932 0.008557 0.014997 0.018134 0.017414 0.017414
 0.002932 0.008557 0.014997 0.018134 0.017414 0.017414
 0.000384 0.002932 0.008557 0.014997 0.018134 0.017414 0.017414
 0.000384 0.002932 0.008557 0.014997 0.018134 0.017414 0.017414
#  
 0.004188 0.019188 0.035662 0.043020 0.043597 0.038902 0.044670 0.044670 0.044670 0.044670
 0.004188 0.019188 0.035662 0.043020 0.043597 0.038902 0.044670 0.044670 0.044670 0.044670
 0.000785 0.004188 0.019188 0.035662 0.043020 0.043597 0.038902 0.044670 0.044670 0.044670 0.044670
 0.000785 0.004188 0.019188 0.035662 0.043020 0.043597 0.038902 0.044670 0.044670 0.044670 0.044670
# G.gurnards
 0.000000 0.000000 0.017654 0.044102 0.056948 0.056990 0.052594 0.046415 0.046415 0.046415
 0.000000 0.000000 0.017654 0.044102 0.056948 0.056990 0.052594 0.046415 0.046415 0.046415
 0.000000 0.000000 0.000000 0.017654 0.044102 0.056948 0.056990 0.052594 0.046415 0.046415 0.046415
 0.000000 0.000000 0.000000 0.017654 0.044102 0.056948 0.056990 0.052594 0.046415 0.046415 0.046415
#  
 0.003356 0.013112 0.030490 0.046384 0.064893 0.079783 0.104110 0.104110 0.104110 0.104110
 0.003356 0.013112 0.030490 0.046384 0.064893 0.079783 0.104110 0.104110 0.104110 0.104110
 0.000000 0.003356 0.013112 0.030490 0.046384 0.064893 0.079783 0.104110 0.104110 0.104110 0.104110
 0.000000 0.003356 0.013112 0.030490 0.046384 0.064893 0.079783 0.104110 0.104110 0.104110 0.104110
# W.horse.ma
 0.003428 0.008901 0.014737 0.020125 0.029867 0.029867 0.029867 0.029867
 0.006961 0.018074 0.029924 0.040865 0.060645 0.060645 0.060645 0.060645
 0.034967 0.018179 0.047200 0.078146 0.106718 0.158374 0.158374 0.158374 0.158374
 0.025919 0.012892 0.033474 0.055420 0.075683 0.112316 0.112316 0.112316 0.112316
# c
 0.002112 0.003802 0.004257 0.004257
 0.422406 0.760499 0.851334 0.851334
 0.000016 0.008448 0.015210 0.017027 0.017027
 0.000000 0.002112 0.003802 0.004257 0.004257
# N.horse.ma
 0.000000 0.000000 0.000000 0.000000
 0.023111 0.041878 0.054504 0.054504
 0.000000 0.000000 0.000000 0.000000 0.000000
 0.000000 0.000000 0.000000 0.000000 0.000000
# c
 0.002289 0.006723 0.008635
 0.017158 0.050393 0.066284
 0.000939 0.080069 0.235171 0.177347
 0.009200 0.172408 0.506380 0.506380
# Grey.seal 
 0.003599 0.024592 0.042847
 0.000000 0.000000 0.000000
 0.000000 0.058987 0.091944 0.081597
 0.000000 0.055608 0.172452 0.172452
#  
 0.008416 0.026285 0.033276 0.039150 0.038328 0.031028 0.018011 0.018011 0.018011 0.018011
 0.008416 0.026285 0.033276 0.039150 0.038328 0.031028 0.018011 0.018011 0.018011 0.018011
 0.000000 0.008416 0.026285 0.033276 0.039150 0.038328 0.031028 0.018011 0.018011 0.018011 0.018011
 0.000000 0.008416 0.026285 0.033276 0.039150 0.038328 0.031028 0.018011 0.018011 0.018011 0.018011
# H.porpoise
 0.002044 0.022300 0.049172 0.059943 0.061023 0.056617 0.051158 0.051158 0.051158 0.051158
 0.002044 0.022300 0.049172 0.059943 0.061023 0.056617 0.051158 0.051158 0.051158 0.051158
 0.000000 0.002044 0.022300 0.049172 0.059943 0.061023 0.056617 0.051158 0.051158 0.051158 0.051158
 0.000000 0.002044 0.022300 0.049172 0.059943 0.061023 0.056617 0.051158 0.051158 0.051158 0.051158
