 

Year         Recruits          SSB            TSB          Yield           mean-F
              (1000)        (tonnes)       (tonnes)       (tonnes)        age 2-4
1974          5129957         187047         408746         252714          0.742
1975          3135973         174958         418331         241132          0.775
1976          7638110         158287         445637         305329          0.866
1977          5004398         125631         427688         347182          0.829
1978          5075276         120128         507853         327061          0.974
1979          8022068         112995         468752         428086          0.786
1980          3398134         125349         515371         587443          0.882
1981          5881512         133064         548938         390754          0.901
1982          3366088         127224         444046         356376          1.021
1983          5625494         107253         401928         279032          1.017
1984          1851294          93400         356797         378275          0.916
1985          6422048          94503         358690         245642          0.903
1986          2871474          81856         306890         339692          0.963
1987          2051851          85419         360291         243840          0.937
1988          2989319          82169         276839         193767          0.942
1989          1524634          77093         230768         201155          0.962
1990          1732585          74221         222572         151592          0.908
1991          3010881          70132         179100         119678          0.882
1992          1593377          69375         194456         148985          0.798
1993          2903490          75881         222382         141383          0.916
1994          2292590          79060         216830         208173          0.859
1995          1801257          92829         258962         168055          0.843
1996          4100983         101911         251129         138777          0.910
1997           783736         101491         253780         155600          0.875
1998          1155677         107061         278518         184807          1.162
1999          1883418          76526         146119         107734          1.145
2000           762514          57487         129107          82922          1.113
2001           757795          56934         136115          61987          0.785
2002           601128          54987         105414          65036          1.041
2003           903816          42699          81716          34437          0.666
2004           822461          43348          82504          36471          0.739
2005          1496844          45562          91000          38104          0.738
2006           738788          47595         101314          37577          0.770
2007           711630          55095         119369          54641          0.606
2008           817066          61042         110439          51795          0.680
2009          1064691          62170         108149          54026          0.675
2010           556306          59243         110347          49106          0.622
2011           719877          63361         117615          40687          0.497
2012           988323          68026         113093          40764          0.475
2013          1027948          73081         122955          40757          0.449
2014           610319          78285         139474          45192          0.440
2015           407790          87865         149676          49900          0.458
2016           765825          85694         134320          50310          0.452
2017           287707          87465         129776          46369          0.492
2018           484603          79001         120947          47904          0.705
2019           654370          64759          95169          35390          0.575
2020           476960          56720          91596          23607          0.413
2021           708274          62276         107301          18228          0.248
2022          1155856          66404         116121          21128          0.259
2023                           79321

A.radiata 

Year         Recruits          SSB            TSB          Yield           mean-F
              (1000)        (tonnes)       (tonnes)       (tonnes)        age 2-5
1974         26350578         265825         348443         319955          1.066
1975         20148549         243941         401675         275667          1.076
1976         24874856         304474         435522         325609          0.997
1977         37530971         325654         480670         289306          0.744
1978         20807110         407276         645323         188049          0.477
1979         17689301         439363         751726         244055          0.545
1980          6899106         437940         647600         223016          0.513
1981          6647999         400586         499449         192209          0.537
1982          5682993         305594         378790         140246          0.468
1983          9626528         245798         336890         161686          0.623
1984          6709128         186774         308686         145646          0.709
1985         13355454         186777         282987         100207          0.536
1986         12934694         196621         393323         161469          0.688
1987          9840633         210649         357155         138906          0.631
1988         14157063         237511         344819         133010          0.588
1989          7574133         240748         385727         123530          0.510
1990          7131882         264117         363434         152969          0.571
1991          7501606         243974         349122         126467          0.389
1992          8971369         239719         331449         108738          0.431
1993          8499415         219591         312044         116871          0.502
1994          7814483         215844         315014         101628          0.467
1995          5537102         218909         314705         106220          0.380
1996          4624004         201422         273879          76090          0.343
1997          6256955         183571         243097          61475          0.304
1998         10413013         158831         226776          47405          0.266
1999         12199467         153666         245558          60836          0.347
2000         10053773         189019         340385          63908          0.289
2001          8749778         215253         329718          45177          0.186
2002          3781599         208154         278477          46412          0.179
2003          4016387         199897         236351          45646          0.262
2004          4758209         161198         200600          33564          0.204
2005          4990951         141148         189356          28873          0.188
2006          4040295         127667         178488          36746          0.245
2007          6660051         117356         150845          26968          0.225
2008          6120824         124287         175302          28251          0.213
2009          5817677         137052         181903          28362          0.191
2010          6740695         179856         230341          34441          0.189
2011          4009617         174072         230317          30673          0.169
2012          3109537         186375         221334          30224          0.181
2013          5609947         174865         202453          26639          0.153
2014          5690635         170385         223651          28373          0.158
2015          5384802         176536         230237          36255          0.200
2016          6466420         185831         236513          33371          0.181
2017          4238034         198688         241292          29348          0.146
2018          5676824         205954         247945          28438          0.135
2019         11974660         214507         265673          30510          0.140
2020          9608629         275368         382922          34996          0.118
2021          2975944         346822         456396          33193          0.092
2022          7705633         377977         433495          27891          0.059
2023                          402290

 

Year         Recruits          SSB            TSB          Yield           mean-F
              (1000)        (tonnes)       (tonnes)       (tonnes)        age 2-4
1974         41186802         376172         883747         396271          0.757
1975          3075743         329717        1594393         494728          0.929
1976          3126380         507752        1020806         402849          0.856
1977          5069064         379033         511589         240340          0.851
1978          9460850         170169         338458         146706          0.887
1979         19174918         135885         439348         149064          0.860
1980          4090189         188245         796504         202451          0.806
1981          6376202         317024         649504         226485          0.628
1982          3978517         370638         604510         256108          0.619
1983         13866129         284064         473441         253230          0.794
1984          2949401         226012         643469         247089          0.871
1985          3631610         255876         507257         247098          0.832
1986          8283088         244633         391922         223727          0.861
1987           992031         175505         452449         194995          0.931
1988           968791         182050         328236         179974          0.951
1989          1676138         142029         188650         127719          0.927
1990          4207548          76988         137708          86748          0.869
1991          4731983          63536         204489          97264          0.899
1992          6860938         100670         295184         135185          0.814
1993          2874523         161067         426681         180218          0.927
1994         10125469         200915         388983         169436          0.876
1995          3335705         193300         518914         168928          0.786
1996          3752250         248781         494182         204683          0.952
1997          1933057         233547         390325         170009          0.731
1998          1285521         197999         305399         161929          0.797
1999         17045267         144307         206759         123489          0.984
2000          3872992         110662         586617         126823          0.887
2001           664294         342923         640025         173366          0.712
2002           772725         382673         450774         155333          0.636
2003           622048         241928         271707          74350          0.359
2004           532104         163702         188566          72513          0.397
2005          3971857         117192         137746          64115          0.415
2006           868389          87450         202368          66967          0.660
2007           610401         128960         185406          67425          0.601
2008           459588         124123         149620          49900          0.403
2009          3343314          88279         106960          46492          0.369
2010           353422          81669         180886          41304          0.408
2011           167500         122026         164891          42868          0.379
2012           366452         132283         142890          42920          0.324
2013           304955         100015         112852          46685          0.286
2014          2588964          73323          86489          45915          0.458
2015           594862          59760         140314          41475          0.672
2016           937213          90358         136616          42943          0.529
2017           445563         107619         144784          40861          0.475
2018          1065840          92671         118049          39694          0.454
2019          4901679          79932         119779          36305          0.453
2020          4589273          93446         264363          38944          0.368
2021          1260534         193938         411860          44128          0.240
2022          2331554         319055         433023          56890          0.130
2023                          397067

G.gurnards

Year         Recruits          SSB            TSB          Yield           mean-F
              (1000)        (tonnes)       (tonnes)       (tonnes)        age 4-7
1974           274687         561742         871860         341457          0.462
1975           154852         490868         844834         308362          0.530
1976           201682         376164         758880         432832          0.584
1977           173456         301499         624196         242626          0.734
1978           413534         257518         474912         179361          0.423
1979           303737         253901         519097         144250          0.461
1980           281800         236659         512208         146784          0.526
1981           235669         229892         616394         150025          0.485
1982           289289         216754         636829         205438          0.523
1983           612169         221877         589441         205616          0.783
1984           320847         171590         448959         245308          0.631
1985           290819         144646         438235         280080          0.612
1986           169826         126978         509542         236972          0.759
1987           160218         134206         424271         195418          0.676
1988           197077         135337         382783         156418          0.773
1989           170619         112092         305413         126442          0.708
1990           199517         103609         273515         126902          0.612
1991           162209          95561         269650         133739          0.567
1992           470937          93671         286835         117430          0.531
1993           199385         104363         327391         135112          0.689
1994           299542         104181         346671         128816          0.506
1995           137727         128379         537704         143477          0.634
1996           273252         142777         478348         130551          0.576
1997           146893         172941         467556         121523          0.410
1998           328811         175160         408391         118480          0.426
1999           336553         181515         429830         120395          0.567
2000           245875         171815         433728          94676          0.418
2001           181566         181538         480206         104100          0.316
2002           294653         216610         563507         129849          0.426
2003           127921         206348         479094         121658          0.440
2004           154830         258740         531495         113792          0.314
2005           108680         243412         498319         119234          0.370
2006           109686         265590         485494         128711          0.348
2007           195937         248527         424752         106333          0.299
2008           103117         236437         399365         129887          0.442
2009           157189         225543         375613         114519          0.462
2010           149292         209649         387787         104723          0.469
2011           110703         163211         323713         102008          0.443
2012           130948         147099         305755          87049          0.418
2013           202858         147344         306216          87270          0.371
2014           192721         164023         319665          82172          0.384
2015           113038         167315         328851          81447          0.397
2016           101521         155919         348014          77671          0.379
2017            90574         174103         378667          94585          0.460
2018           107083         171335         338187          95446          0.444
2019           153211         181305         325079          96646          0.443
2020           182877         173456         304265          76820          0.329
2021           182888         169230         305313          50951          0.221
2022           182878         190405         363173          53805          0.211
2023                          217273

 

Year         Recruits          SSB            TSB          Yield           mean-F
              (1000)        (tonnes)       (tonnes)       (tonnes)        age 4-8
1974          4785654        4989614        5643028         604750          0.123
1975          4497268        4812423        5601166         780518          0.163
1976          3005127        4608155        5477084         826864          0.184
1977           767603        4445632        5219811         619776          0.144
1978          2545118        4341568        4853711         735619          0.181
1979          4757647        3832160        4227540         840578          0.224
1980          5328657        2768886        3332523         733063          0.236
1981          6544120        2532636        3348709         750656          0.245
1982          1757166        2538148        3505646         716385          0.244
1983          1270631        2703912        3499326         671927          0.209
1984          6259879        2721122        3131816         633027          0.215
1985          2870040        2609871        3209405         609877          0.191
1986          3393934        2689416        3413874         600246          0.179
1987          4836844        2716997        3306202         654429          0.197
1988          3129605        2707150        3424629         677317          0.215
1989          4095512        2577173        3322740         582714          0.183
1990          3058793        2736899        3374159         624046          0.198
1991          3344895        2855214        3478701         674986          0.237
1992          4063061        2810534        3311157         758475          0.276
1993          4559304        2674613        3223417         823385          0.314
1994          3834442        2584495        3158131         817922          0.341
1995          3452861        2583414        3172893         755210          0.324
1996          3416622        2450232        2967656         561267          0.239
1997          2797500        2471691        2972095         570291          0.234
1998          2862330        2457100        2867028         662343          0.266
1999          3261340        2392811        2789778         636297          0.273
2000          1960435        2253233        2643659         736472          0.326
2001          4249616        2092454        2427041         735748          0.368
2002          5762618        1800356        2189901         770238          0.441
2003          3641296        1798822        2394188         678030          0.424
2004          5005204        2143959        2614032         684412          0.449
2005          8108303        2073643        2653046         549854          0.321
2006          9673129        2326227        3230177         478373          0.261
2007          8371127        2830646        4120437         588318          0.294
2008          8305996        3396563        4783962         622041          0.262
2009          7514519        3994422        5265817         738620          0.239
2010         10924104        4534344        5537485         879073          0.221
2011         10637967        5264410        6475499         950185          0.207
2012          6637331        5429722        6905033         900343          0.182
2013          5173830        5780043        6860558         939365          0.182
2014          6072991        5882278        6676808        1403481          0.230
2015          2732927        5941114        6587873        1222450          0.213
2016          4979010        5615079        6212538        1102656          0.201
2017          3432529        4883873        5430134        1159211          0.222
2018          2982932        4391563        5110488        1022963          0.208
2019          4960212        4057139        4584676         839839          0.186
2020          5651313        3833416        4424421        1039503          0.238
2021          2893380        3625565        4360757        1081666          0.293
2022          4135477        3428157        4031642        1046951          0.319
2023                         3099665

W.horse.ma

Year         Recruits          SSB            TSB          Yield           mean-F
              (1000)        (tonnes)       (tonnes)       (tonnes)        age 2-6
1974          7946612         239976         286126         266013          0.676
1975          3394324         171246         219979         253937          1.085
1976          1879680          99113         120704         159255          0.616
1977          1418455          78217          92091          39314          0.141
1978          1221226          93426         108992              0          0.000
1979          3764507         125057         141327              0          0.000
1980          7672038         154489         190908          73450          0.104
1981         12736935         211541         285084         208745          0.156
1982         24207401         332842         452511         277070          0.131
1983         25054632         548779         769905         430216          0.270
1984         24063457         896214        1152471         460933          0.402
1985         44429679        1030200        1310000         659339          0.465
1986         55338847        1045913        1399552         752731          0.403
1987         35163214        1272382        1744772        1008725          0.401
1988         20285308        1703352        2089218        1140874          0.405
1989         15237335        1741651        2010491         910318          0.341
1990         14807036        1715975        1857944         739056          0.329
1991         16333109        1473372        1608902         685045          0.339
1992         24838185        1160615        1402314         764432          0.455
1993         27089537         828224        1215718         687902          0.617
1994         21007396         840378        1102513         597208          0.566
1995         19151800         803031        1061872         595417          0.612
1996         23616462         752888         981868         274372          0.235
1997         13579942         896832        1199660         264056          0.218
1998         11888376        1186437        1507677         380193          0.365
1999         38960385        1256579        1490639         369622          0.258
2000         22088549        1309143        1706325         421779          0.275
2001         66159942        1719565        2123406         363691          0.216
2002         21230162        2112531        2695416         390438          0.205
2003         13024064        2384206        3461497         487432          0.236
2004         16430012        2525985        3305462         589576          0.254
2005         11570264        2472575        2723457         665396          0.318
2006         14066868        1806538        2045924         513247          0.246
2007         19488563        1413286        1624960         406368          0.207
2008         18854389        1308470        1497279         258713          0.136
2009         23657622        1521664        1705675         168589          0.080
2010         20597988        1567706        2041198         186255          0.097
2011         14233133        2036393        2346958         224049          0.098
2012         14800938        2300488        2455669         434509          0.181
2013         30186834        2052040        2249048         511220          0.217
2014         35421507        1833434        2101275         518042          0.210
2015          9746923        1789496        2311624         494949          0.233
2016         12684115        2088379        2506949         563618          0.226
2017          6438381        1953999        2206714         490975          0.167
2018         13020028        1740363        2031413         591798          0.200
2019         11760475        1499038        1680124         432123          0.174
2020         13210210        1404079        1588312         427687          0.199
2021         10319626        1330932        1517889         374908          0.178
2022         15082149        1333209        1543210         445987          0.241
2023                         1245149

c

Year         Recruits          SSB            TSB          Yield           mean-F
              (1000)        (tonnes)       (tonnes)       (tonnes)        age 1-2
1974         62475403         139743         420346         220388          0.619
1975         80221760         168295         299003         196585          0.837
1976        159259480         101829         237157         110245          0.490
1977         93963830         118122         390148         271729          1.088
1978        115591693         104736         272354         133700          0.531
1979        129489139         127227         333157         202374          0.245
1980         56338400         196397         440296         303285          1.117
1981         50950055         107339         213401         152257          1.006
1982         77266575          59086         148149          87780          0.906
1983        104406147          48777         180759          81411          0.581
1984         49153617          79668         266262          97873          0.442
1985        279537872         122669         227497          89680          0.343
1986        386751546         137461         615748         380423          0.921
1987         64654713         205472         874182         406697          0.899
1988        234002684         253751         415683         372984          0.959
1989         96066074         124315         509469         492321          1.185
1990        205153069         116215         294669         220066          0.929
1991        130041651          93458         435040         376987          0.828
1992        193663231         137302         377102         178362          0.734
1993        255861482         131593         465511         247966          0.399
1994        232066643         212505         672477         499686          1.324
1995         90150555         130108         516438         407424          0.889
1996        788781629         135286         308461         286113          0.764
1997         61904918         150125        1438887         581619          0.599
1998        104459194         456009         683019         506445          0.804
1999        207599357         176689         358107         261940          0.628
2000        109047823         139834         511355         273480          1.059
2001        102768461         113782         324663         234252          0.719
2002         16923929         100682         301576         162661          1.185
2003         48920677          56525          98039          58422          0.584
2004         28614776          35951         131033          77882          1.260
2005         32903842          25367          83368          23887          0.449
2006         52579348          33799         105929          16483          0.153
2007         32380456          56513         173092          90990          0.445
2008         61633993          67824         147463          88489          1.064
2009        136655181          36155         170304          29845          0.192
2010         11794531          92964         399921          76706          0.283
2011          7792525         169930         233046          95914          0.476
2012         53315415          81893         101498          43055          0.115
2013         91405314          64050         181501          25480          0.357
2014        114085675          79778         292153         137976          1.007
2015          7654681          78957         342565         119697          0.435
2016        370760126         127653         173276          46908          0.294
2017         21478824         118197         927879         204511          0.516
2018         85539377         324351         458992         112208          0.234
2019        209451772         219486         411104         145579          0.433
2020         54867867         185028         658380         304897          0.538
2021         59149083         218442         383529         182528          0.446
2022        111142802         145118         284250         140040          0.644
2023                           99325

N.horse.ma

Year         Recruits          SSB            TSB          Yield           mean-F
              (1000)        (tonnes)       (tonnes)       (tonnes)        age 1-2
1974        392761994         304073         573707         118670          0.165
1975        172996121         280076         937204         162704          0.211
1976        345231706         426961         766461         316414          0.473
1977        668420348         274519         855532         314952          0.432
1978        325359998         349089        1479501         665810          0.636
1979        392085272         507431        1117412         481048          0.701
1980        163396308         338401        1014537         420808          0.603
1981        964064803         350464         668369         375286          0.613
1982         83875266         238583        1839417         537998          0.719
1983        636398198         639918         898339         455491          0.404
1984        219124595         340173        1407343         569182          0.483
1985       1183412988         571739        1031401         532829          0.829
1986        158621597         290033        2287722         465159          0.350
1987        137081051        1055953        1517093         415769          0.264
1988        438893618         634459         893886         518102          0.436
1989        223961814         332921        1100298         536102          0.586
1990        391187911         393617         838492         370075          0.877
1991        544720890         217214         913933         464214          0.540
1992        136149068         357905        1353268         673907          0.466
1993        468706859         520576         836955         281050          0.379
1994        669978939         320362        1150727         283238          0.350
1995        192702109         486369        1713166         496112          0.320
1996       1155171610         683708        1115181         452057          0.490
1997        162260208         390485        2400534         552475          0.279
1998        221829945         971341        1416738         485678          0.490
1999        380753917         442940         843254         471932          0.818
2000        482619607         207002         877453         370347          0.545
2001        569925257         292993        1156809         595721          0.945
2002         53314837         281932        1283586         645902          0.695
2003        194187559         365624         514898         232654          1.035
2004        109077869          89390         415903         264457          0.827
2005        234354347         110775         309202         143318          0.797
2006        153571076          85218         480000         267630          0.919
2007        305737613         122263         392472         114319          0.453
2008        164143846         149720         661105         245289          0.568
2009        745359642         224170         521929         304305          0.990
2010         63317619         133183        1328929         324785          0.327
2011         71770756         547034         749276         340287          0.343
2012        170592033         285603         407460          56692          0.087
2013        101276380         216062         496411         236658          0.934
2014        297808290         107801         282276          91156          0.485
2015         63499088         105681         586979         188928          0.490
2016        377771853         211348         347777          22561          0.055
2017         38340932         191561         799459         276566          0.542
2018         63378465         263524         367770         150533          0.752
2019        149836247          85441         190184          66204          0.497
2020         70839111          65471         312941         129666          0.536
2021        117984176         102527         233546          46720          0.213
2022        109946995         101702         303218          11760          0.036
2023                          153117

c

Year         Recruits          SSB            TSB          Yield           mean-F
              (1000)        (tonnes)       (tonnes)       (tonnes)        age 1-2
1974        110499980         226154         821711         732535          1.908
1975        124451570         246945         631475         508262          1.254
1976        109227104         278424         733470         472608          1.217
1977         54633548         299937         700444         383967          0.797
1978        110651613         303126         510051         253756          0.812
1979        117308289         244534         663126         339898          0.817
1980         33268618         362141         805736         534650          1.011
1981        126298654         266053         389989         431928          0.972
1982        101864779         195920         667821         390197          0.984
1983         64004215         338196         718468         475746          1.208
1984         30994540         231724         466576         376484          1.257
1985         19991537         131535         244832         227635          1.590
1986         39905055          56316         127565         180330          0.932
1987         10086773          77518         227087         148943          1.023
1988         37334370          85185         122727         109219          0.547
1989         33731956          72585         216767         166974          0.656
1990         48881611         129364         258534         138841          0.799
1991         77799545         130039         315149         189819          0.863
1992         33492695         182209         475375         302275          0.583
1993         28722227         247700         376684         181098          1.021
1994         86206850         102617         209531         183618          0.766
1995         30243274         151817         479114         231894          0.464
1996         71330310         287247         404808         156224          0.471
1997         14751795         195738         472858         156781          0.415
1998         29073823         247340         304903          73981          0.353
1999         58222630         116661         230664          92388          0.480
2000         13624445         148940         374973         185103          0.444
2001         15187357         200827         253871          64358          0.229
2002          9262444         103152         163286          77138          0.569
2003          3639249          57167          92877          24569          0.511
2004          4738245          33464          47910          13488          0.347
2005         14853225          20429          39333             41          0.000
2006         10084211          39546          99423          46529          0.459
2007         16239636          57318          97412           5799          0.000
2008         33243394          75128         140594          34844          0.188
2009         43223531         104154         237423          45821          0.160
2010          5180171         185278         358699         131191          0.517
2011          7331351         140570         161120           6840          0.028
2012         24713130          68036          97566          26946          0.044
2013          8054529          62587         162085          82179          0.461
2014         39575983          86073         118095          44189          0.420
2015         14977706          73482         231019          57351          0.372
2016         21890012         145483         205192          60203          0.625
2017          9721863          70208         156790          33941          0.244
2018         38885402          94683         133590          36152          0.416
2019         47916516          78701         233509          97555          0.499
2020         22747465         163062         353332         129545          0.603
2021         11953534         158090         248126          71943          0.622
2022         37182398          80339         127622          35718          0.339
2023                           85226

Grey.seal 

Year         Recruits          SSB            TSB          Yield           mean-F
              (1000)        (tonnes)       (tonnes)       (tonnes)        age 1-2
1974        481037069         638561        1178357         354208          0.444
1975        887444079         658459        1146283         773773          1.043
1976        277141898         763883        1610741         636786          0.894
1977        621334451         408204         705491         341809          0.836
1978       1130599427         453737         960042         431459          0.550
1979        436349810         722669        1446032         451078          0.326
1980        295499400         781540        1108659         407809          1.026
1981         89611126         277666         508981         284613          0.733
1982         51055387         162034         255479         182734          0.644
1983         73071911         179628         315523          80084          1.218
1984         27243707          85316         175325         104218          0.736
1985         20556989         102539         169900          69202          0.819
1986         92629166          38808          72258          27252          0.819
1987         50215195         130188         300993          46361          0.288
1988         59478920         133619         229478          73342          0.856
1989         81098885          75115         153875          72798          0.374
1990         87122251         116945         236934          82313          0.997
1991        110766663          84145         172857         118017          0.564
1992         95076343         117500         245969         133330          0.405
1993        177107194         142805         245323         196481          1.007
1994        130543276         143593         291990         396974          0.442
1995         27230535         211499         345689         407769          1.085
1996         47883071         117320         181820         143651          0.934
1997         45731097          70297         139809         118277          0.656
1998         98206485         148547         271010         154505          1.188
1999         74097756         102855         219031         214119          0.732
2000         61330752         124254         210418         215482          0.918
2001         61086241         106582         188140         196622          1.091
2002         60748530         189190         372326         153710          1.057
2003         76311120          86603         166098         176392          0.922
2004        177770819         174359         348527         113696          1.003
2005         55420971         155316         334462         241424          0.797
2006         66394339         165083         267750         124161          1.174
2007         45356653         156755         312283          95525          0.863
2008        134520305          72087         130411          60789          0.814
2009        108832930         241545         520754         140648          0.461
2010        114684172         202693         347539         150586          0.579
2011         74937732         188423         341851         142520          0.600
2012         60400670         227745         386236          93354          0.725
2013        173197893          78394         139765          62518          0.817
2014        161862267         381049         840318         127560          0.207
2015         85827167         375868         642413         288272          0.885
2016         96024173         193030         300600         211103          1.639
2017        147393660         104147         207591         113925          0.796
2018        144250028         174640         335680         158846          0.789
2019        106691108         212700         375940         134858          0.596
2020         62366467         212514         339872         181117          1.035
2021         98253911         117448         190988          76133          1.008
2022        276464611         113027         219532          81600          0.161
2023                          322957

 

Year         Recruits          SSB            TSB          Yield           mean-F
              (1000)        (tonnes)       (tonnes)       (tonnes)        age 2-6
1974          1927462         498363         775086         157427          0.285
1975          1557408         511753         837060         195349          0.337
1976          2252233         524831         816271         166997          0.270
1977          1843213         517915         800165         176623          0.295
1978          1936021         503151         772048         159539          0.269
1979          2602689         477267         758943         213145          0.408
1980          2258822         466980         733468         171852          0.325
1981          4887889         442659         683243         174140          0.339
1982          3315102         429378         810972         205329          0.375
1983          3108047         518588         886710         220537          0.359
1984          3997502         536480         919226         236422          0.374
1985          9649356         568401         961141         232241          0.344
1986          4516524         599051        1218929         308262          0.429
1987          4547895         691676        1192050         358749          0.438
1988          3309750         599177        1053481         324772          0.461
1989          2845634         627757         959986         286704          0.409
1990          2696718         566785         865196         240832          0.401
1991          2302685         533683         830927         237986          0.470
1992          1465330         455744         706822         193692          0.498
1993          1351438         402750         612006         163524          0.480
1994          2084610         340501         522970         145745          0.482
1995          2044740         316754         511820         131248          0.459
1996          5790315         282362         471005         143394          0.520
1997          2213624         264524         576373         192969          0.583
1998          2013357         311157         559979         183655          0.500
1999          2261152         294417         533532         160881          0.508
2000          1381113         303747         512857         135015          0.371
2001          3895358         330293         538634         193367          0.455
2002          1272526         292018         574113         134404          0.425
2003          2680758         335559         560282         154023          0.377
2004          1850910         316245         580203         127824          0.264
2005          2013322         367296         579496         118885          0.261
2006          3168375         394281         637120         131169          0.253
2007          2738151         378204         637685         101029          0.255
2008          2609636         444894         728488         105289          0.190
2009          3294883         521137         833713         108299          0.213
2010          3835000         580053         906787         116972          0.187
2011          3187441         557142         868801         118106          0.230
2012          3417222         537977         866203         141842          0.223
2013          3549888         580183         904527         126360          0.194
2014          1976517         631490         971779         133664          0.207
2015          2142584         556188         729840         134577          0.225
2016          2973173         530868         692453         136931          0.258
2017          1961619         502904         673018         114281          0.209
2018          4335639         431454         589718         105954          0.235
2019          2648804         397234         575525          86015          0.185
2020          2179965         417377         588192          79079          0.183
2021          7061289         434593         626618          73222          0.146
2022          3145664         427470         666590          64879          0.134
2023                          520361

H.porpoise

Year         Recruits          SSB            TSB          Yield           mean-F
              (1000)        (tonnes)       (tonnes)       (tonnes)        age 2-6
1974            49347          41113          59656          17986          0.460
1975           111655          43369          58644          20770          0.467
1976           139800          43000          52736          17322          0.435
1977            51274          35231          53986          18001          0.396
1978            15071          40178          58582          20276          0.485
1979           149572          46299          53462          22595          0.477
1980           156925          36420          44001          15803          0.479
1981           146287          25312          50375          15400          0.476
1982           148725          34157          58637          21575          0.536
1983            77651          41703          66363          24924          0.505
1984            93301          45124          65805          26837          0.579
1985           149586          41846          54750          24245          0.542
1986            69076          36606          54376          18198          0.592
1987           502732          30650          53712          17365          0.486
1988           112846          38102          69903          21587          0.496
1989           226087          33944          96736          21801          0.410
1990            84360          91222         116324          35118          0.426
1991           400816          77576         108168          33511          0.474
1992            83567          76696         106868          29339          0.464
1993            59172          53390         100690          31489          0.503
1994            97867          73823          86713          33000          0.538
1995            61656          57932          70109          30466          0.505
1996           249504          39365          54426          22648          0.716
1997           112730          28134          47731          14899          0.605
1998            91294          21363          56052          20865          0.646
1999           122610          37483          54204          23473          0.577
2000            66874          34261          50759          22639          0.637
2001           182990          27970          45955          19942          0.531
2002            84822          30713          47582          18659          0.530
2003            46217          26035          52569          19286          0.522
2004            50104          36772          48761          20942          0.515
2005           179568          31287          39512          17696          0.555
2006            71566          24043          38822          13588          0.474
2007            69109          17692          44135          15505          0.480
2008            85421          32828          45415          14615          0.411
2009           173025          30949          43317          15214          0.472
2010           217525          28225          47199          14850          0.528
2011            55249          24549          55443          13189          0.462
2012            94236          28691          40660          14695          0.524
2013           142318          34267          40480          15958          0.480
2014            99396          29115          38376          14640          0.468
2015            64711          26095          41725          14590          0.447
2016           104462          30265          36508          15323          0.538
2017            78178          25073          31192          13574          0.549
2018           209415          20337          29655          12266          0.560
2019            33172          17582          27793          10605          0.627
2020            62082          16790          31494          10489          0.467
2021            96087          28605          34067           9143          0.319
2022            93634          26969          45188           5827          0.199
2023                           27464

