Species.n Year  Rec SSB TSB SOP SOP.hat SOP.core Yield Yield.hat Yield.core mean.F Eaten
16 1974  5.12996e+06 187047 408746 252714 241273 252714 252714 241273 252714 0.74173 0
16 1975  3.13597e+06 174958 418331 241132 252957 241132 241132 252957 241132 0.775297 0
16 1976  7.63811e+06 158287 445637 305329 261931 305329 305329 261931 305329 0.866468 0
16 1977  5.0044e+06 125631 427688 347182 283505 347182 347182 283505 347182 0.829353 0
16 1978  5.07528e+06 120128 507853 327061 386580 327061 327061 386580 327061 0.974332 0
16 1979  8.02207e+06 112995 468752 428086 314609 428086 428086 314609 428086 0.785588 0
16 1980  3.39813e+06 125349 515371 587443 366462 587443 587443 366462 587443 0.88165 0
16 1981  5.88151e+06 133064 548938 390754 368468 390754 390754 368468 390754 0.900925 0
16 1982  3.36609e+06 127224 444046 356376 372646 356376 356376 372646 356376 1.0208 0
16 1983  5.62549e+06 107253 401928 279032 323167 279032 279032 323167 279032 1.01669 0
16 1984  1.85129e+06 93400.2 356797 378275 271891 378275 378275 271891 378275 0.915675 0
16 1985  6.42205e+06 94502.5 358690 245642 238998 245642 245642 238998 245642 0.902596 0
16 1986  2.87147e+06 81855.8 306890 339692 240136 339692 339692 240136 339692 0.963174 0
16 1987  2.05185e+06 85419 360291 243840 261333 243840 243840 261333 243840 0.936651 0
16 1988  2.98932e+06 82169.4 276839 193767 211471 193767 193767 211471 193767 0.942242 0
16 1989  1.52463e+06 77092.9 230768 201155 186446 201155 201155 186446 201155 0.961774 0
16 1990  1.73259e+06 74220.8 222572 151592 145844 151592 151592 145844 151592 0.908386 0
16 1991  3.01088e+06 70131.8 179100 119678 131953 119678 119678 131953 119678 0.881961 0
16 1992  1.59338e+06 69374.6 194456 148985 146022 148985 148985 146022 148985 0.797751 0
16 1993  2.90349e+06 75880.5 222382 141383 135224 141383 141383 135224 141383 0.916479 0
16 1994  2.29259e+06 79059.7 216830 208173 126114 208173 208173 126114 208173 0.85934 0
16 1995  1.80126e+06 92828.8 258962 168055 146852 168055 168055 146852 168055 0.8425 0
16 1996  4.10098e+06 101911 251129 138777 160374 138777 138777 160374 138777 0.909811 0
16 1997  783736 101491 253780 155600 153719 155600 155600 153719 155600 0.875424 0
16 1998  1.15568e+06 107061 278518 184807 163242 184807 184807 163242 184807 1.16182 0
16 1999  1.88342e+06 76526.2 146119 107734 97167.9 107734 107734 97167.9 107734 1.14487 0
16 2000  762514 57487 129107 82922.2 87890.1 82922.2 82922.2 87890.1 82922.2 1.1132 0
16 2001  757795 56934.1 136115 61986.7 59041.6 61986.7 61986.7 59041.6 61986.7 0.785381 0
16 2002  601128 54987.1 105414 65036.4 61008.9 65036.4 65036.4 61008.9 65036.4 1.04097 0
16 2003  903816 42698.5 81715.7 34437 35074.2 34437 34437 35074.2 34437 0.666294 0
16 2004  822461 43347.9 82504 36471.4 33549.3 36471.4 36471.4 33549.3 36471.4 0.73866 0
16 2005  1.49684e+06 45561.7 90999.8 38104.1 41975.2 38104.1 38104.1 41975.2 38104.1 0.73754 0
16 2006  738788 47595.1 101314 37577 35491.4 37577 37577 35491.4 37577 0.770108 0
16 2007  711630 55094.9 119369 54641.2 46064.1 54641.2 54641.2 46064.1 54641.2 0.605726 0
16 2008  817066 61041.8 110439 51795 54931.5 51795 51795 54931.5 51795 0.679902 0
16 2009  1.06469e+06 62170.5 108149 54026.1 55249.4 54026.1 54026.1 55249.4 54026.1 0.675453 0
16 2010  556306 59243.2 110347 49105.7 48895.7 49105.7 49105.7 48895.7 49105.7 0.621562 0
16 2011  719877 63361.4 117615 40686.8 43516 40686.8 40686.8 43516 40686.8 0.496661 0
16 2012  988323 68025.5 113093 40764 41454.3 40764 40764 41454.3 40764 0.475247 0
16 2013  1.02795e+06 73081.3 122955 40757.4 42013.4 40757.4 40757.4 42013.4 40757.4 0.44931 0
16 2014  610319 78284.9 139474 45192.4 45377.3 45192.4 45192.4 45377.3 45192.4 0.439741 0
16 2015  407790 87864.6 149676 49899.9 50310.2 49899.9 49899.9 50310.2 49899.9 0.458356 0
16 2016  765825 85693.8 134320 50310.5 49096.2 50310.5 50310.5 49096.2 50310.5 0.452288 0
16 2017  287707 87464.9 129776 46368.7 45625.3 46368.7 46368.7 45625.3 46368.7 0.491991 0
16 2018  484603 79000.7 120947 47904.1 50702.3 47904.1 47904.1 50702.3 47904.1 0.704676 0
16 2019  654370 64759.4 95169.3 35390.2 34423.7 35390.2 35390.2 34423.7 35390.2 0.575056 0
16 2020  476960 56720.3 91595.6 23607.4 22085.2 23607.4 23607.4 22085.2 23607.4 0.413046 0
16 2021  708274 62276.2 107301 18227.9 19332.3 18227.9 18227.9 19332.3 18227.9 0.248419 0
16 2022  1.15586e+06 66404.4 116121 21127.7 22671.8 21127.7 21127.7 22671.8 21127.7 0.258811 0
16 2023  NA 79320.5 NA NA NA NA NA NA NA NA NA
17 1974  2.63506e+07 265825 348443 319955 275749 319955 319955 275749 319955 1.06551 0
17 1975  2.01485e+07 243941 401675 275667 307788 275667 275667 307788 275667 1.07579 0
17 1976  2.48749e+07 304474 435522 325609 306965 325609 325609 306965 325609 0.997289 0
17 1977  3.7531e+07 325654 480670 289306 286216 289306 289306 286216 289306 0.743844 0
17 1978  2.08071e+07 407276 645323 188049 191941 188049 188049 191941 188049 0.476768 0
17 1979  1.76893e+07 439363 751726 244055 240965 244055 244055 240965 244055 0.545366 0
17 1980  6.89911e+06 437940 647600 223016 212990 223016 223016 212990 223016 0.512817 0
17 1981  6.648e+06 400586 499449 192209 189870 192209 192209 189870 192209 0.537024 0
17 1982  5.68299e+06 305594 378790 140246 132256 140246 140246 132256 140246 0.468212 0
17 1983  9.62653e+06 245798 336890 161686 140363 161686 161686 140363 161686 0.622882 0
17 1984  6.70913e+06 186774 308686 145646 127156 145646 145646 127156 145646 0.708627 0
17 1985  1.33555e+07 186777 282987 100207 99208.4 100207 100207 99208.4 100207 0.535799 0
17 1986  1.29347e+07 196621 393323 161469 148992 161469 161469 148992 161469 0.687714 0
17 1987  9.84063e+06 210649 357155 138906 133275 138906 138906 133275 138906 0.631245 0
17 1988  1.41571e+07 237511 344819 133010 128833 133010 133010 128833 133010 0.58776 0
17 1989  7.57413e+06 240748 385727 123530 128792 123530 123530 128792 123530 0.509778 0
17 1990  7.13188e+06 264117 363434 152969 134927 152969 152969 134927 152969 0.570671 0
17 1991  7.50161e+06 243974 349122 126467 106297 126467 126467 106297 126467 0.38855 0
17 1992  8.97137e+06 239719 331449 108738 111198 108738 108738 111198 108738 0.430632 0
17 1993  8.49941e+06 219591 312044 116871 116381 116871 116871 116381 116871 0.502313 0
17 1994  7.81448e+06 215844 315014 101628 109056 101628 101628 109056 101628 0.467002 0
17 1995  5.5371e+06 218909 314705 106220 92903.6 106220 106220 92903.6 106220 0.379956 0
17 1996  4.624e+06 201422 273879 76090.3 76543.8 76090.3 76090.3 76543.8 76090.3 0.342557 0
17 1997  6.25696e+06 183571 243097 61474.6 62828.6 61474.6 61474.6 62828.6 61474.6 0.303609 0
17 1998  1.0413e+07 158831 226776 47404.6 49104.9 47404.6 47404.6 49104.9 47404.6 0.265956 0
17 1999  1.21995e+07 153666 245558 60836.3 63577.3 60836.3 60836.3 63577.3 60836.3 0.347168 0
17 2000  1.00538e+07 189019 340385 63907.5 69868.6 63907.5 63907.5 69868.6 63907.5 0.288525 0
17 2001  8.74978e+06 215253 329718 45177.2 49745.1 45177.2 45177.2 49745.1 45177.2 0.185878 0
17 2002  3.7816e+06 208154 278477 46411.9 42660.9 46411.9 46411.9 42660.9 46411.9 0.178698 0
17 2003  4.01639e+06 199897 236351 45645.6 49387.5 45645.6 45645.6 49387.5 45645.6 0.261705 0
17 2004  4.75821e+06 161198 200600 33564.4 34009.3 33564.4 33564.4 34009.3 33564.4 0.204424 0
17 2005  4.99095e+06 141148 189356 28873.3 27937.7 28873.3 28873.3 27937.7 28873.3 0.187961 0
17 2006  4.04029e+06 127667 178488 36746.2 35009.2 36746.2 36746.2 35009.2 36746.2 0.245317 0
17 2007  6.66005e+06 117356 150845 26968 26149 26968 26968 26149 26968 0.225107 0
17 2008  6.12082e+06 124287 175302 28250.7 26538.9 28250.7 28250.7 26538.9 28250.7 0.213079 0
17 2009  5.81768e+06 137052 181903 28361.9 26390.1 28361.9 28361.9 26390.1 28361.9 0.191307 0
17 2010  6.74069e+06 179856 230341 34440.7 34370.2 34440.7 34440.7 34370.2 34440.7 0.189006 0
17 2011  4.00962e+06 174072 230317 30673.4 30292.8 30673.4 30673.4 30292.8 30673.4 0.169368 0
17 2012  3.10954e+06 186375 221334 30223.7 34135.8 30223.7 30223.7 34135.8 30223.7 0.181394 0
17 2013  5.60995e+06 174865 202453 26639.4 27518.5 26639.4 26639.4 27518.5 26639.4 0.153465 0
17 2014  5.69063e+06 170385 223651 28373.1 27659.9 28373.1 28373.1 27659.9 28373.1 0.15841 0
17 2015  5.3848e+06 176536 230237 36255 34800.7 36255 36255 34800.7 36255 0.199915 0
17 2016  6.46642e+06 185831 236513 33370.8 32929.8 33370.8 33370.8 32929.8 33370.8 0.181035 0
17 2017  4.23803e+06 198688 241292 29347.8 29501.2 29347.8 29347.8 29501.2 29347.8 0.146067 0
17 2018  5.67682e+06 205954 247945 28437.9 28222.1 28437.9 28437.9 28222.1 28437.9 0.135129 0
17 2019  1.19747e+07 214507 265673 30510.3 30437.4 30510.3 30510.3 30437.4 30510.3 0.139859 0
17 2020  9.60863e+06 275368 382922 34996.4 33432.2 34996.4 34996.4 33432.2 34996.4 0.118332 0
17 2021  2.97594e+06 346822 456396 33193.3 31633.4 33193.3 33193.3 31633.4 33193.3 0.0919322 0
17 2022  7.70563e+06 377977 433495 27891.4 23740.2 27891.4 27891.4 23740.2 27891.4 0.0591024 0
17 2023  NA 402290 NA NA NA NA NA NA NA NA NA
18 1974  4.11868e+07 376172 883747 396271 337995 396271 396271 337995 396271 0.757443 0
18 1975  3.07574e+06 329717 1.59439e+06 494728 441560 494728 494728 441560 494728 0.928563 0
18 1976  3.12638e+06 507752 1.02081e+06 402849 425035 402849 402849 425035 402849 0.856297 0
18 1977  5.06906e+06 379033 511589 240340 267081 240340 240340 267081 240340 0.850793 0
18 1978  9.46085e+06 170169 338458 146706 144035 146706 146706 144035 146706 0.887065 0
18 1979  1.91749e+07 135885 439348 149064 149200 149064 149064 149200 149064 0.860493 0
18 1980  4.09019e+06 188245 796504 202451 210019 202451 202451 210019 202451 0.805559 0
18 1981  6.3762e+06 317024 649504 226485 232345 226485 226485 232345 226485 0.628489 0
18 1982  3.97852e+06 370638 604510 256108 224792 256108 256108 224792 256108 0.619309 0
18 1983  1.38661e+07 284064 473441 253230 235924 253230 253230 235924 253230 0.793622 0
18 1984  2.9494e+06 226012 643469 247089 257213 247089 247089 257213 247089 0.87148 0
18 1985  3.63161e+06 255876 507257 247098 268060 247098 247098 268060 247098 0.831724 0
18 1986  8.28309e+06 244633 391922 223727 193322 223727 223727 193322 223727 0.860765 0
18 1987  992031 175505 452449 194995 181825 194995 194995 181825 194995 0.930877 0
18 1988  968791 182050 328236 179974 176206 179974 179974 176206 179974 0.950566 0
18 1989  1.67614e+06 142029 188650 127719 113320 127719 127719 113320 127719 0.927498 0
18 1990  4.20755e+06 76988.2 137708 86747.9 73674.1 86747.9 86747.9 73674.1 86747.9 0.868829 0
18 1991  4.73198e+06 63536.3 204489 97264.3 90229.9 97264.3 97264.3 90229.9 97264.3 0.898581 0
18 1992  6.86094e+06 100670 295184 135185 119769 135185 135185 119769 135185 0.813571 0
18 1993  2.87452e+06 161067 426681 180218 182582 180218 180218 182582 180218 0.927393 0
18 1994  1.01255e+07 200915 388983 169436 193408 169436 169436 193408 169436 0.876221 0
18 1995  3.33571e+06 193300 518914 168928 178104 168928 168928 178104 168928 0.786161 0
18 1996  3.75225e+06 248781 494182 204683 254115 204683 204683 254115 204683 0.95226 0
18 1997  1.93306e+06 233547 390325 170009 175958 170009 170009 175958 170009 0.730842 0
18 1998  1.28552e+06 197999 305399 161929 152839 161929 161929 152839 161929 0.797068 0
18 1999  1.70453e+07 144307 206759 123489 128991 123489 123489 128991 123489 0.983816 0
18 2000  3.87299e+06 110662 586617 126823 132123 126823 126823 132123 126823 0.886582 0
18 2001  664294 342923 640025 173366 196659 173366 173366 196659 173366 0.712007 0
18 2002  772725 382673 450774 155333 206296 155333 155333 206296 155333 0.636085 0
18 2003  622048 241928 271707 74350.3 87740.9 74350.3 74350.3 87740.9 74350.3 0.358819 0
18 2004  532104 163702 188566 72513.1 65465.9 72513.1 72513.1 65465.9 72513.1 0.39739 0
18 2005  3.97186e+06 117192 137746 64115.2 47715 64115.2 64115.2 47715 64115.2 0.41467 0
18 2006  868389 87449.8 202368 66967.2 58279.5 66967.2 66967.2 58279.5 66967.2 0.660242 0
18 2007  610401 128960 185406 67425.3 60429.1 67425.3 67425.3 60429.1 67425.3 0.60087 0
18 2008  459588 124123 149620 49900.4 46747.8 49900.4 49900.4 46747.8 49900.4 0.403033 0
18 2009  3.34331e+06 88278.6 106960 46492.1 34193.5 46492.1 46492.1 34193.5 46492.1 0.369327 0
18 2010  353422 81669.1 180886 41303.5 35761.8 41303.5 41303.5 35761.8 41303.5 0.408322 0
18 2011  167500 122026 164891 42868 42703.2 42868 42868 42703.2 42868 0.378996 0
18 2012  366452 132283 142890 42919.8 43749.2 42919.8 42919.8 43749.2 42919.8 0.323914 0
18 2013  304955 100015 112852 46685.3 31805.5 46685.3 46685.3 31805.5 46685.3 0.286448 0
18 2014  2.58896e+06 73323 86489.2 45914.5 35384.7 45914.5 45914.5 35384.7 45914.5 0.457947 0
18 2015  594862 59759.6 140314 41474.8 42647.7 41474.8 41474.8 42647.7 41474.8 0.671811 0
18 2016  937213 90358.3 136616 42943.5 52756.7 42943.5 42943.5 52756.7 42943.5 0.529134 0
18 2017  445563 107619 144784 40861.1 49895.8 40861.1 40861.1 49895.8 40861.1 0.474808 0
18 2018  1.06584e+06 92671.2 118049 39694 43720.4 39694 39694 43720.4 39694 0.453549 0
18 2019  4.90168e+06 79932.5 119779 36305.3 37912.4 36305.3 36305.3 37912.4 36305.3 0.452729 0
18 2020  4.58927e+06 93445.6 264363 38943.8 43201.1 38943.8 38943.8 43201.1 38943.8 0.367699 0
18 2021  1.26053e+06 193938 411860 44128.5 55900.1 44128.5 44128.5 55900.1 44128.5 0.240271 0
18 2022  2.33155e+06 319055 433023 56889.5 46351.5 56889.5 56889.5 46351.5 56889.5 0.130493 0
18 2023  NA 397067 NA NA NA NA NA NA NA NA NA
19 1974  274687 561742 871860 341457 277550 341457 341457 277550 341457 0.461703 0
19 1975  154852 490868 844834 308362 275043 308362 308362 275043 308362 0.52956 0
19 1976  201682 376164 758880 432832 277517 432832 432832 277517 432832 0.583775 0
19 1977  173456 301499 624196 242626 296858 242626 242626 296858 242626 0.734332 0
19 1978  413534 257518 474912 179361 144793 179361 179361 144793 179361 0.422554 0
19 1979  303737 253901 519097 144250 164145 144250 144250 164145 144250 0.460866 0
19 1980  281800 236659 512208 146784 173083 146784 146784 173083 146784 0.526006 0
19 1981  235669 229892 616394 150025 194930 150025 150025 194930 150025 0.485394 0
19 1982  289289 216754 636829 205438 229126 205438 205438 229126 205438 0.522536 0
19 1983  612169 221877 589441 205616 291952 205616 205616 291952 205616 0.783234 0
19 1984  320847 171590 448959 245308 177737 245308 245308 177737 245308 0.631111 0
19 1985  290819 144646 438235 280080 146824 280080 280080 146824 280080 0.611812 0
19 1986  169826 126978 509542 236972 219817 236972 236972 219817 236972 0.758787 0
19 1987  160218 134206 424271 195418 181651 195418 195418 181651 195418 0.67612 0
19 1988  197077 135337 382783 156418 184776 156418 156418 184776 156418 0.772637 0
19 1989  170619 112092 305413 126442 133609 126442 126442 133609 126442 0.70783 0
19 1990  199517 103609 273515 126902 102847 126902 126902 102847 126902 0.611972 0
19 1991  162209 95560.6 269650 133739 95755.2 133739 133739 95755.2 133739 0.567393 0
19 1992  470937 93671.3 286835 117430 76803.6 117430 117430 76803.6 117430 0.530594 0
19 1993  199385 104363 327391 135112 111877 135112 135112 111877 135112 0.689097 0
19 1994  299542 104181 346671 128816 85351.2 128816 128816 85351.2 128816 0.505876 0
19 1995  137727 128379 537704 143477 151649 143477 143477 151649 143477 0.634234 0
19 1996  273252 142777 478348 130551 154463 130551 130551 154463 130551 0.575821 0
19 1997  146893 172941 467556 121523 116566 121523 121523 116566 121523 0.41009 0
19 1998  328811 175160 408391 118480 110570 118480 118480 110570 118480 0.425707 0
19 1999  336553 181515 429830 120395 136301 120395 120395 136301 120395 0.567415 0
19 2000  245875 171815 433728 94675.6 103696 94675.6 94675.6 103696 94675.6 0.417725 0
19 2001  181566 181538 480206 104100 83792 104100 104100 83792 104100 0.315723 0
19 2002  294653 216610 563507 129849 136431 129849 129849 136431 129849 0.426275 0
19 2003  127921 206348 479094 121658 128515 121658 121658 128515 121658 0.44015 0
19 2004  154830 258740 531495 113792 109698 113792 113792 109698 113792 0.314238 0
19 2005  108680 243412 498319 119234 120776 119234 119234 120776 119234 0.369573 0
19 2006  109686 265590 485494 128711 118717 128711 128711 118717 128711 0.348195 0
19 2007  195937 248527 424752 106333 91049.6 106333 106333 91049.6 106333 0.299362 0
19 2008  103117 236437 399365 129887 117996 129887 129887 117996 129887 0.441515 0
19 2009  157189 225543 375613 114519 115567 114519 114519 115567 114519 0.462112 0
19 2010  149292 209649 387787 104723 118350 104723 104723 118350 104723 0.469242 0
19 2011  110703 163211 323713 102008 94208 102008 102008 94208 102008 0.44284 0
19 2012  130948 147099 305755 87049.1 81199.4 87049.1 87049.1 81199.4 87049.1 0.417682 0
19 2013  202858 147344 306216 87269.8 74878.2 87269.8 87269.8 74878.2 87269.8 0.370582 0
19 2014  192721 164023 319665 82171.6 84922.6 82171.6 82171.6 84922.6 82171.6 0.383502 0
19 2015  113038 167315 328851 81446.6 84929.9 81446.6 81446.6 84929.9 81446.6 0.39694 0
19 2016  101521 155919 348014 77671.3 82445.6 77671.3 77671.3 82445.6 77671.3 0.378596 0
19 2017  90573.7 174103 378667 94585.1 112757 94585.1 94585.1 112757 94585.1 0.459669 0
19 2018  107083 171335 338187 95446.2 105056 95446.2 95446.2 105056 95446.2 0.444153 0
19 2019  153211 181305 325079 96645.8 103642 96645.8 96645.8 103642 96645.8 0.443146 0
19 2020  182877 173456 304265 76819.8 73238 76819.8 76819.8 73238 76819.8 0.328645 0
19 2021  182888 169230 305313 50950.7 48923.2 50950.7 50950.7 48923.2 50950.7 0.221061 0
19 2022  182878 190405 363173 53805.5 54462.6 53805.5 53805.5 54462.6 53805.5 0.210635 0
19 2023  NA 217273 NA NA NA NA NA NA NA NA NA
20 1974  4.78565e+06 4.98961e+06 5.64303e+06 604750 594444 604750 604750 594444 604750 0.122838 0
20 1975  4.49727e+06 4.81242e+06 5.60117e+06 780518 779098 780518 780518 779098 780518 0.162897 0
20 1976  3.00513e+06 4.60815e+06 5.47708e+06 826864 804129 826864 826864 804129 826864 0.18429 0
20 1977  767603 4.44563e+06 5.21981e+06 619776 605578 619776 619776 605578 619776 0.143934 0
20 1978  2.54512e+06 4.34157e+06 4.85371e+06 735619 732687 735619 735619 732687 735619 0.181441 0
20 1979  4.75765e+06 3.83216e+06 4.22754e+06 840578 807870 840578 840578 807870 840578 0.223663 0
20 1980  5.32866e+06 2.76889e+06 3.33252e+06 733063 715189 733063 733063 715189 733063 0.236287 0
20 1981  6.54412e+06 2.53264e+06 3.34871e+06 750656 669025 750656 750656 669025 750656 0.244702 0
20 1982  1.75717e+06 2.53815e+06 3.50565e+06 716385 649820 716385 716385 649820 716385 0.244061 0
20 1983  1.27063e+06 2.70391e+06 3.49933e+06 671927 551294 671927 671927 551294 671927 0.208812 0
20 1984  6.25988e+06 2.72112e+06 3.13182e+06 633027 583311 633027 633027 583311 633027 0.214977 0
20 1985  2.87004e+06 2.60987e+06 3.2094e+06 609877 593474 609877 609877 593474 609877 0.190503 0
20 1986  3.39393e+06 2.68942e+06 3.41387e+06 600246 551830 600246 600246 551830 600246 0.179117 0
20 1987  4.83684e+06 2.717e+06 3.3062e+06 654429 610834 654429 654429 610834 654429 0.196504 0
20 1988  3.1296e+06 2.70715e+06 3.42463e+06 677317 689608 677317 677317 689608 677317 0.214984 0
20 1989  4.09551e+06 2.57717e+06 3.32274e+06 582714 571235 582714 582714 571235 582714 0.183046 0
20 1990  3.05879e+06 2.7369e+06 3.37416e+06 624046 618008 624046 624046 618008 624046 0.197866 0
20 1991  3.3449e+06 2.85521e+06 3.4787e+06 674986 746643 674986 674986 746643 674986 0.23694 0
20 1992  4.06306e+06 2.81053e+06 3.31116e+06 758475 836112 758475 758475 836112 758475 0.276037 0
20 1993  4.5593e+06 2.67461e+06 3.22342e+06 823385 842379 823385 823385 842379 823385 0.313735 0
20 1994  3.83444e+06 2.58449e+06 3.15813e+06 817922 882035 817922 817922 882035 817922 0.340608 0
20 1995  3.45286e+06 2.58341e+06 3.17289e+06 755210 778471 755210 755210 778471 755210 0.323631 0
20 1996  3.41662e+06 2.45023e+06 2.96766e+06 561267 560702 561267 561267 560702 561267 0.239442 0
20 1997  2.7975e+06 2.47169e+06 2.9721e+06 570291 545721 570291 570291 545721 570291 0.233754 0
20 1998  2.86233e+06 2.4571e+06 2.86703e+06 662343 622512 662343 662343 622512 662343 0.266244 0
20 1999  3.26134e+06 2.39281e+06 2.78978e+06 636297 633472 636297 636297 633472 636297 0.273395 0
20 2000  1.96044e+06 2.25323e+06 2.64366e+06 736472 711440 736472 736472 711440 736472 0.326374 0
20 2001  4.24962e+06 2.09245e+06 2.42704e+06 735748 728894 735748 735748 728894 735748 0.367869 0
20 2002  5.76262e+06 1.80036e+06 2.1899e+06 770238 770945 770238 770238 770945 770238 0.441028 0
20 2003  3.6413e+06 1.79882e+06 2.39419e+06 678030 724868 678030 678030 724868 678030 0.423821 0
20 2004  5.0052e+06 2.14396e+06 2.61403e+06 684412 608049 684412 684412 608049 684412 0.449019 0
20 2005  8.1083e+06 2.07364e+06 2.65305e+06 549854 464305 549854 549854 464305 549854 0.320878 0
20 2006  9.67313e+06 2.32623e+06 3.23018e+06 478373 444379 478373 478373 444379 478373 0.260879 0
20 2007  8.37113e+06 2.83065e+06 4.12044e+06 588318 614683 588318 588318 614683 588318 0.293723 0
20 2008  8.306e+06 3.39656e+06 4.78396e+06 622041 687788 622041 622041 687788 622041 0.262334 0
20 2009  7.51452e+06 3.99442e+06 5.26582e+06 738620 736228 738620 738620 736228 738620 0.239127 0
20 2010  1.09241e+07 4.53434e+06 5.53749e+06 879073 805875 879073 879073 805875 879073 0.221009 0
20 2011  1.0638e+07 5.26441e+06 6.4755e+06 950185 873603 950185 950185 873603 950185 0.206685 0
20 2012  6.63733e+06 5.42972e+06 6.90503e+06 900343 858429 900343 900343 858429 900343 0.182175 0
20 2013  5.17383e+06 5.78004e+06 6.86056e+06 939365 933921 939365 939365 933921 939365 0.181782 0
20 2014  6.07299e+06 5.88228e+06 6.67681e+06 1.40348e+06 1.25669e+06 1.40348e+06 1.40348e+06 1.25669e+06 1.40348e+06 0.229976 0
20 2015  2.73293e+06 5.94111e+06 6.58787e+06 1.22245e+06 1.16256e+06 1.22245e+06 1.22245e+06 1.16256e+06 1.22245e+06 0.213332 0
20 2016  4.97901e+06 5.61508e+06 6.21254e+06 1.10266e+06 1.06438e+06 1.10266e+06 1.10266e+06 1.06438e+06 1.10266e+06 0.201027 0
20 2017  3.43253e+06 4.88387e+06 5.43013e+06 1.15921e+06 1.15097e+06 1.15921e+06 1.15921e+06 1.15097e+06 1.15921e+06 0.222033 0
20 2018  2.98293e+06 4.39156e+06 5.11049e+06 1.02296e+06 995924 1.02296e+06 1.02296e+06 995924 1.02296e+06 0.207594 0
20 2019  4.96021e+06 4.05714e+06 4.58468e+06 839839 818469 839839 839839 818469 839839 0.185946 0
20 2020  5.65131e+06 3.83342e+06 4.42442e+06 1.0395e+06 944727 1.0395e+06 1.0395e+06 944727 1.0395e+06 0.238451 0
20 2021  2.89338e+06 3.62557e+06 4.36076e+06 1.08167e+06 1.03481e+06 1.08167e+06 1.08167e+06 1.03481e+06 1.08167e+06 0.293451 0
20 2022  4.13548e+06 3.42816e+06 4.03164e+06 1.04695e+06 930567 1.04695e+06 1.04695e+06 930567 1.04695e+06 0.319425 0
20 2023  NA 3.09967e+06 NA NA NA NA NA NA NA NA NA
21 1974  7.94661e+06 239976 286126 266013 222176 266013 266013 222176 266013 0.67633 0
21 1975  3.39432e+06 171246 219979 253937 227299 253937 253937 227299 253937 1.08453 0
21 1976  1.87968e+06 99113.2 120704 159255 83503 159255 159255 83503 159255 0.615662 0
21 1977  1.41845e+06 78216.8 92090.8 39314.4 17105.1 39314.4 39314.4 17105.1 39314.4 0.140521 0
21 1978  1.22123e+06 93426.4 108992 0 0 0 0 0 0 0 0
21 1979  3.76451e+06 125057 141327 0 0 0 0 0 0 0 0
21 1980  7.67204e+06 154489 190908 73449.9 30324.6 73449.9 73449.9 30324.6 73449.9 0.104269 0
21 1981  1.27369e+07 211541 285084 208745 74745.3 208745 208745 74745.3 208745 0.156358 0
21 1982  2.42074e+07 332842 452511 277070 107449 277070 277070 107449 277070 0.131016 0
21 1983  2.50546e+07 548779 769905 430216 274011 430216 430216 274011 430216 0.270117 0
21 1984  2.40635e+07 896214 1.15247e+06 460933 525639 460933 460933 525639 460933 0.40247 0
21 1985  4.44297e+07 1.0302e+06 1.31e+06 659339 684891 659339 659339 684891 659339 0.46479 0
21 1986  5.53388e+07 1.04591e+06 1.39955e+06 752731 699760 752731 752731 699760 752731 0.402517 0
21 1987  3.51632e+07 1.27238e+06 1.74477e+06 1.00873e+06 850497 1.00873e+06 1.00873e+06 850497 1.00873e+06 0.401141 0
21 1988  2.02853e+07 1.70335e+06 2.08922e+06 1.14087e+06 938257 1.14087e+06 1.14087e+06 938257 1.14087e+06 0.405091 0
21 1989  1.52373e+07 1.74165e+06 2.01049e+06 910318 751747 910318 910318 751747 910318 0.340855 0
21 1990  1.4807e+07 1.71598e+06 1.85794e+06 739056 644964 739056 739056 644964 739056 0.329392 0
21 1991  1.63331e+07 1.47337e+06 1.6089e+06 685045 572174 685045 685045 572174 685045 0.339098 0
21 1992  2.48382e+07 1.16061e+06 1.40231e+06 764432 664420 764432 764432 664420 764432 0.454721 0
21 1993  2.70895e+07 828224 1.21572e+06 687902 728083 687902 687902 728083 687902 0.617375 0
21 1994  2.10074e+07 840378 1.10251e+06 597208 636070 597208 597208 636070 597208 0.565601 0
21 1995  1.91518e+07 803031 1.06187e+06 595417 645067 595417 595417 645067 595417 0.61193 0
21 1996  2.36165e+07 752888 981868 274372 277695 274372 274372 277695 274372 0.234664 0
21 1997  1.35799e+07 896832 1.19966e+06 264056 275196 264056 264056 275196 264056 0.218141 0
21 1998  1.18884e+07 1.18644e+06 1.50768e+06 380193 371593 380193 380193 371593 380193 0.365074 0
21 1999  3.89604e+07 1.25658e+06 1.49064e+06 369622 296594 369622 369622 296594 369622 0.257721 0
21 2000  2.20885e+07 1.30914e+06 1.70632e+06 421779 359650 421779 421779 359650 421779 0.274743 0
21 2001  6.61599e+07 1.71956e+06 2.12341e+06 363691 366815 363691 363691 366815 363691 0.216453 0
21 2002  2.12302e+07 2.11253e+06 2.69542e+06 390438 403994 390438 390438 403994 390438 0.205069 0
21 2003  1.30241e+07 2.38421e+06 3.4615e+06 487432 552378 487432 487432 552378 487432 0.235738 0
21 2004  1.643e+07 2.52598e+06 3.30546e+06 589576 661270 589576 589576 661270 589576 0.25424 0
21 2005  1.15703e+07 2.47258e+06 2.72346e+06 665396 728324 665396 665396 728324 665396 0.318053 0
21 2006  1.40669e+07 1.80654e+06 2.04592e+06 513247 474638 513247 513247 474638 513247 0.246303 0
21 2007  1.94886e+07 1.41329e+06 1.62496e+06 406368 332267 406368 406368 332267 406368 0.207028 0
21 2008  1.88544e+07 1.30847e+06 1.49728e+06 258713 210181 258713 258713 210181 258713 0.136439 0
21 2009  2.36576e+07 1.52166e+06 1.70568e+06 168589 148025 168589 168589 148025 168589 0.079962 0
21 2010  2.0598e+07 1.56771e+06 2.0412e+06 186255 184522 186255 186255 184522 186255 0.0970772 0
21 2011  1.42331e+07 2.03639e+06 2.34696e+06 224049 202768 224049 224049 202768 224049 0.0979818 0
21 2012  1.48009e+07 2.30049e+06 2.45567e+06 434509 399607 434509 434509 399607 434509 0.181327 0
21 2013  3.01868e+07 2.05204e+06 2.24905e+06 511220 448488 511220 511220 448488 511220 0.217169 0
21 2014  3.54215e+07 1.83343e+06 2.10128e+06 518042 418459 518042 518042 418459 518042 0.209859 0
21 2015  9.74692e+06 1.7895e+06 2.31162e+06 494949 441116 494949 494949 441116 494949 0.233156 0
21 2016  1.26841e+07 2.08838e+06 2.50695e+06 563618 463143 563618 563618 463143 563618 0.226276 0
21 2017  6.43838e+06 1.954e+06 2.20671e+06 490975 327938 490975 490975 327938 490975 0.167435 0
21 2018  1.302e+07 1.74036e+06 2.03141e+06 591798 385393 591798 591798 385393 591798 0.19967 0
21 2019  1.17605e+07 1.49904e+06 1.68012e+06 432123 309378 432123 432123 309378 432123 0.174129 0
21 2020  1.32102e+07 1.40408e+06 1.58831e+06 427687 304713 427687 427687 304713 427687 0.198714 0
21 2021  1.03196e+07 1.33093e+06 1.51789e+06 374908 253981 374908 374908 253981 374908 0.178209 0
21 2022  1.50821e+07 1.33321e+06 1.54321e+06 445987 318152 445987 445987 318152 445987 0.241158 0
21 2023  NA 1.24515e+06 NA NA NA NA NA NA NA NA NA
22 1974  6.24754e+07 139743 420346 220388 173698 220388 220388 173698 220388 0.618843 0
22 1975  8.02218e+07 168295 299003 196585 169944 196585 196585 169944 196585 0.836899 0
22 1976  1.59259e+08 101829 237157 110245 99315.5 110245 110245 99315.5 110245 0.490127 0
22 1977  9.39638e+07 118122 390148 271729 265648 271729 271729 265648 271729 1.08832 0
22 1978  1.15592e+08 104736 272354 133700 116003 133700 133700 116003 133700 0.531107 0
22 1979  1.29489e+08 127227 333157 202374 83516.6 202374 202374 83516.6 202374 0.244984 0
22 1980  5.63384e+07 196397 440296 303285 290442 303285 303285 290442 303285 1.11692 0
22 1981  5.09501e+07 107339 213401 152257 135555 152257 152257 135555 152257 1.00614 0
22 1982  7.72666e+07 59086.4 148149 87780.1 91763.6 87780.1 87780.1 91763.6 87780.1 0.905714 0
22 1983  1.04406e+08 48777.3 180759 81410.9 77964.4 81410.9 81410.9 77964.4 81410.9 0.580724 0
22 1984  4.91536e+07 79667.6 266262 97872.5 85358.9 97872.5 97872.5 85358.9 97872.5 0.442195 0
22 1985  2.79538e+08 122669 227497 89680 78166.1 89680 89680 78166.1 89680 0.343036 0
22 1986  3.86752e+08 137461 615748 380423 402410 380423 380423 402410 380423 0.92067 0
22 1987  6.46547e+07 205472 874182 406697 428258 406697 406697 428258 406697 0.898611 0
22 1988  2.34003e+08 253751 415683 372984 290049 372984 372984 290049 372984 0.958621 0
22 1989  9.60661e+07 124315 509469 492321 324676 492321 492321 324676 492321 1.18508 0
22 1990  2.05153e+08 116215 294669 220066 204718 220066 220066 204718 220066 0.928549 0
22 1991  1.30042e+08 93458 435040 376987 263161 376987 376987 263161 376987 0.82825 0
22 1992  1.93663e+08 137302 377102 178362 185376 178362 178362 185376 178362 0.734111 0
22 1993  2.55861e+08 131593 465511 247966 148037 247966 247966 148037 247966 0.398794 0
22 1994  2.32067e+08 212505 672477 499686 397650 499686 499686 397650 499686 1.32427 0
22 1995  9.01506e+07 130108 516438 407424 319812 407424 407424 319812 407424 0.889483 0
22 1996  7.88782e+08 135286 308461 286113 251503 286113 286113 251503 286113 0.764071 0
22 1997  6.19049e+07 150125 1.43889e+06 581619 406653 581619 581619 406653 581619 0.59887 0
22 1998  1.04459e+08 456009 683019 506445 339130 506445 506445 339130 506445 0.804106 0
22 1999  2.07599e+08 176689 358107 261940 198327 261940 261940 198327 261940 0.628138 0
22 2000  1.09048e+08 139834 511355 273480 304023 273480 273480 304023 273480 1.05945 0
22 2001  1.02768e+08 113782 324663 234252 132702 234252 234252 132702 234252 0.719082 0
22 2002  1.69239e+07 100682 301576 162661 180411 162661 162661 180411 162661 1.18459 0
22 2003  4.89207e+07 56524.8 98038.6 58421.6 39998.9 58421.6 58421.6 39998.9 58421.6 0.583549 0
22 2004  2.86148e+07 35951.5 131033 77882.4 78884.9 77882.4 77882.4 78884.9 77882.4 1.25989 0
22 2005  3.29038e+07 25367.1 83367.8 23886.7 23703.7 23886.7 23886.7 23703.7 23886.7 0.449222 0
22 2006  5.25793e+07 33799.4 105929 16483.1 12790.2 16483.1 16483.1 12790.2 16483.1 0.152909 0
22 2007  3.23805e+07 56512.6 173092 90990 66684.3 90990 90990 66684.3 90990 0.444622 0
22 2008  6.1634e+07 67824.5 147463 88488.6 109791 88488.6 88488.6 109791 88488.6 1.06364 0
22 2009  1.36655e+08 36154.8 170304 29844.7 20570 29844.7 29844.7 20570 29844.7 0.19228 0
22 2010  1.17945e+07 92964.4 399921 76705.8 82998.4 76705.8 76705.8 82998.4 76705.8 0.283457 0
22 2011  7.79252e+06 169930 233046 95913.9 103168 95913.9 95913.9 103168 95913.9 0.476064 0
22 2012  5.33154e+07 81893.2 101498 43055.2 16109.3 43055.2 43055.2 16109.3 43055.2 0.11475 0
22 2013  9.14053e+07 64049.6 181501 25480.3 45187.7 25480.3 25480.3 45187.7 25480.3 0.357476 0
22 2014  1.14086e+08 79777.9 292153 137976 164947 137976 137976 164947 137976 1.00665 0
22 2015  7.65468e+06 78957 342565 119697 107221 119697 119697 107221 119697 0.434827 0
22 2016  3.7076e+08 127653 173276 46907.6 43702 46907.6 46907.6 43702 46907.6 0.29442 0
22 2017  2.14788e+07 118197 927879 204511 240361 204511 204511 240361 204511 0.515773 0
22 2018  8.55394e+07 324351 458992 112208 70635.8 112208 112208 70635.8 112208 0.233722 0
22 2019  2.09452e+08 219486 411104 145579 127770 145579 145579 127770 145579 0.432997 0
22 2020  5.48679e+07 185028 658380 304897 237799 304897 304897 237799 304897 0.538237 0
22 2021  5.91491e+07 218442 383529 182528 128333 182528 182528 128333 182528 0.445625 0
22 2022  1.11143e+08 145118 284250 140040 141841 140040 140040 141841 140040 0.64362 0
22 2023  NA 99325.2 NA NA NA NA NA NA NA NA NA
23 1974  3.92762e+08 304073 573707 118670 89568.9 118670 118670 89568.9 118670 0.164674 0
23 1975  1.72996e+08 280076 937204 162704 149782 162704 162704 149782 162704 0.211323 0
23 1976  3.45232e+08 426961 766461 316414 287618 316414 316414 287618 316414 0.472863 0
23 1977  6.6842e+08 274519 855532 314952 256341 314952 314952 256341 314952 0.432395 0
23 1978  3.2536e+08 349089 1.4795e+06 665810 545492 665810 665810 545492 665810 0.636219 0
23 1979  3.92085e+08 507431 1.11741e+06 481048 499540 481048 481048 499540 481048 0.700776 0
23 1980  1.63396e+08 338401 1.01454e+06 420808 378427 420808 420808 378427 420808 0.60326 0
23 1981  9.64065e+08 350464 668369 375286 282841 375286 375286 282841 375286 0.613183 0
23 1982  8.38753e+07 238583 1.83942e+06 537998 677631 537998 537998 677631 537998 0.719147 0
23 1983  6.36398e+08 639918 898339 455491 284663 455491 455491 284663 455491 0.403589 0
23 1984  2.19125e+08 340173 1.40734e+06 569182 408881 569182 569182 408881 569182 0.482691 0
23 1985  1.18341e+09 571739 1.0314e+06 532829 517524 532829 532829 517524 532829 0.829189 0
23 1986  1.58622e+08 290033 2.28772e+06 465159 448696 465159 465159 448696 465159 0.349954 0
23 1987  1.37081e+08 1.05595e+06 1.51709e+06 415769 351914 415769 415769 351914 415769 0.263554 0
23 1988  4.38894e+08 634459 893886 518102 348150 518102 518102 348150 518102 0.435564 0
23 1989  2.23962e+08 332921 1.1003e+06 536102 360780 536102 536102 360780 536102 0.586403 0
23 1990  3.91188e+08 393617 838492 370075 433121 370075 370075 433121 370075 0.877256 0
23 1991  5.44721e+08 217214 913933 464214 397577 464214 464214 397577 464214 0.540455 0
23 1992  1.36149e+08 357905 1.35327e+06 673907 490118 673907 673907 490118 673907 0.466338 0
23 1993  4.68707e+08 520576 836955 281050 275747 281050 281050 275747 281050 0.378847 0
23 1994  6.69979e+08 320362 1.15073e+06 283238 258722 283238 283238 258722 283238 0.350353 0
23 1995  1.92702e+08 486369 1.71317e+06 496112 437791 496112 496112 437791 496112 0.31961 0
23 1996  1.15517e+09 683708 1.11518e+06 452057 399050 452057 452057 399050 452057 0.490232 0
23 1997  1.6226e+08 390485 2.40053e+06 552475 425421 552475 552475 425421 552475 0.279381 0
23 1998  2.2183e+08 971341 1.41674e+06 485678 510891 485678 485678 510891 485678 0.489803 0
23 1999  3.80754e+08 442940 843254 471932 432560 471932 471932 432560 471932 0.817933 0
23 2000  4.8262e+08 207002 877453 370347 312466 370347 370347 312466 370347 0.544848 0
23 2001  5.69925e+08 292993 1.15681e+06 595721 452208 595721 595721 452208 595721 0.944888 0
23 2002  5.33148e+07 281932 1.28359e+06 645902 488581 645902 645902 488581 645902 0.694814 0
23 2003  1.94188e+08 365624 514898 232654 264285 232654 232654 264285 232654 1.03485 0
23 2004  1.09078e+08 89389.8 415903 264457 166295 264457 264457 166295 264457 0.827316 0
23 2005  2.34354e+08 110775 309202 143318 156048 143318 143318 156048 143318 0.797049 0
23 2006  1.53571e+08 85218.1 480000 267630 248953 267630 267630 248953 267630 0.919085 0
23 2007  3.05738e+08 122263 392472 114319 123625 114319 114319 123625 114319 0.453093 0
23 2008  1.64144e+08 149720 661105 245289 254276 245289 245289 254276 245289 0.567733 0
23 2009  7.4536e+08 224170 521929 304305 344211 304305 304305 344211 304305 0.990497 0
23 2010  6.33176e+07 133183 1.32893e+06 324785 282836 324785 324785 282836 324785 0.326606 0
23 2011  7.17708e+07 547034 749276 340287 217764 340287 340287 217764 340287 0.34337 0
23 2012  1.70592e+08 285603 407460 56692.5 41518.9 56692.5 56692.5 41518.9 56692.5 0.0865692 0
23 2013  1.01276e+08 216062 496411 236658 236536 236658 236658 236536 236658 0.934449 0
23 2014  2.97808e+08 107801 282276 91156 89984 91156 91156 89984 91156 0.485488 0
23 2015  6.34991e+07 105681 586979 188928 168232 188928 188928 168232 188928 0.490274 0
23 2016  3.77772e+08 211348 347777 22561 19564.1 22561 22561 19564.1 22561 0.0552043 0
23 2017  3.83409e+07 191561 799459 276566 246522 276566 276566 246522 276566 0.542464 0
23 2018  6.33785e+07 263524 367770 150533 154551 150533 150533 154551 150533 0.752247 0
23 2019  1.49836e+08 85440.7 190184 66204.3 55951.9 66204.3 66204.3 55951.9 66204.3 0.497118 0
23 2020  7.08391e+07 65470.8 312941 129666 117789 129666 129666 117789 129666 0.536088 0
23 2021  1.17984e+08 102527 233546 46720 39713.2 46720 46720 39713.2 46720 0.2133 0
23 2022  1.09947e+08 101702 303218 11759.9 10546.4 11759.9 11759.9 10546.4 11759.9 0.0356123 0
23 2023  NA 153117 NA NA NA NA NA NA NA NA NA
24 1974  1.105e+08 226154 821711 732535 711170 732535 732535 711170 732535 1.90809 0
24 1975  1.24452e+08 246945 631475 508262 446356 508262 508262 446356 508262 1.25364 0
24 1976  1.09227e+08 278424 733470 472608 497885 472608 472608 497885 472608 1.21683 0
24 1977  5.46335e+07 299937 700444 383967 349362 383967 383967 349362 383967 0.796808 0
24 1978  1.10652e+08 303126 510051 253756 271875 253756 253756 271875 253756 0.812247 0
24 1979  1.17308e+08 244534 663126 339898 353465 339898 339898 353465 339898 0.817445 0
24 1980  3.32686e+07 362141 805736 534650 459303 534650 534650 459303 534650 1.0107 0
24 1981  1.26299e+08 266053 389989 431928 243161 431928 431928 243161 431928 0.972243 0
24 1982  1.01865e+08 195920 667821 390197 400943 390197 390197 400943 390197 0.983628 0
24 1983  6.40042e+07 338196 718468 475746 464473 475746 475746 464473 475746 1.20766 0
24 1984  3.09945e+07 231724 466576 376484 246626 376484 376484 246626 376484 1.25738 0
24 1985  1.99915e+07 131535 244832 227635 175459 227635 227635 175459 227635 1.59034 0
24 1986  3.99051e+07 56315.6 127565 180330 88164.2 180330 180330 88164.2 180330 0.931699 0
24 1987  1.00868e+07 77518.2 227087 148943 123145 148943 148943 123145 148943 1.02281 0
24 1988  3.73344e+07 85185.3 122727 109219 56145.1 109219 109219 56145.1 109219 0.547169 0
24 1989  3.3732e+07 72585.5 216767 166974 103788 166974 166974 103788 166974 0.655725 0
24 1990  4.88816e+07 129364 258534 138841 130519 138841 138841 130519 138841 0.798905 0
24 1991  7.77995e+07 130039 315149 189819 204624 189819 189819 204624 189819 0.862633 0
24 1992  3.34927e+07 182209 475375 302275 204593 302275 302275 204593 302275 0.582977 0
24 1993  2.87222e+07 247700 376684 181098 218086 181098 181098 218086 181098 1.02102 0
24 1994  8.62069e+07 102617 209531 183618 139480 183618 183618 139480 183618 0.765794 0
24 1995  3.02433e+07 151817 479114 231894 157122 231894 231894 157122 231894 0.46377 0
24 1996  7.13303e+07 287247 404808 156224 142045 156224 156224 142045 156224 0.470852 0
24 1997  1.47518e+07 195738 472858 156781 122095 156781 156781 122095 156781 0.414918 0
24 1998  2.90738e+07 247340 304903 73980.5 71787.5 73980.5 73980.5 71787.5 73980.5 0.352669 0
24 1999  5.82226e+07 116661 230664 92388.1 81972 92388.1 92388.1 81972 92388.1 0.480068 0
24 2000  1.36244e+07 148940 374973 185103 118408 185103 185103 118408 185103 0.443734 0
24 2001  1.51874e+07 200827 253871 64358.3 45807.8 64358.3 64358.3 45807.8 64358.3 0.228845 0
24 2002  9.26244e+06 103152 163286 77138.2 64356.3 77138.2 77138.2 64356.3 77138.2 0.568874 0
24 2003  3.63925e+06 57167 92877.1 24569.2 30257.4 24569.2 24569.2 30257.4 24569.2 0.510712 0
24 2004  4.73825e+06 33464.2 47909.9 13487.8 14308.6 13487.8 13487.8 14308.6 13487.8 0.346962 0
24 2005  1.48532e+07 20429.2 39332.8 41.44 0 41.44 41.44 0 41.44 0 0
24 2006  1.00842e+07 39545.9 99423.2 46529 37634.8 46529 46529 37634.8 46529 0.458518 0
24 2007  1.62396e+07 57318.4 97412 5799.45 0 5799.45 5799.45 0 5799.45 0 0
24 2008  3.32434e+07 75127.5 140594 34843.6 23209.3 34843.6 34843.6 23209.3 34843.6 0.187871 0
24 2009  4.32235e+07 104154 237423 45821.5 37248.6 45821.5 45821.5 37248.6 45821.5 0.160444 0
24 2010  5.18017e+06 185278 358699 131191 142390 131191 131191 142390 131191 0.516515 0
24 2011  7.33135e+06 140570 161120 6839.87 4556.19 6839.87 6839.87 4556.19 6839.87 0.0284872 0
24 2012  2.47131e+07 68036.2 97566.2 26946.1 4611.88 26946.1 26946.1 4611.88 26946.1 0.0435365 0
24 2013  8.05453e+06 62586.8 162085 82179.4 58711.7 82179.4 82179.4 58711.7 82179.4 0.460903 0
24 2014  3.9576e+07 86073.2 118095 44189.1 44330.2 44189.1 44189.1 44330.2 44189.1 0.419841 0
24 2015  1.49777e+07 73481.6 231019 57351.2 60123.6 57351.2 57351.2 60123.6 57351.2 0.372084 0
24 2016  2.189e+07 145483 205192 60202.7 86343.4 60202.7 60202.7 86343.4 60202.7 0.624637 0
24 2017  9.72186e+06 70208.4 156790 33940.9 30330.6 33940.9 33940.9 30330.6 33940.9 0.244178 0
24 2018  3.88854e+07 94682.8 133590 36151.5 40311.6 36151.5 36151.5 40311.6 36151.5 0.415889 0
24 2019  4.79165e+07 78701.4 233509 97554.6 75469.3 97554.6 97554.6 75469.3 97554.6 0.499114 0
24 2020  2.27475e+07 163062 353332 129545 137275 129545 129545 137275 129545 0.602571 0
24 2021  1.19535e+07 158090 248126 71943.1 95691.1 71943.1 71943.1 95691.1 71943.1 0.622318 0
24 2022  3.71824e+07 80338.7 127622 35717.9 36222.3 35717.9 35717.9 36222.3 35717.9 0.338511 0
24 2023  NA 85226.2 NA NA NA NA NA NA NA NA NA
25 1974  4.81037e+08 638561 1.17836e+06 354208 370698 354208 354208 370698 354208 0.443798 0
25 1975  8.87444e+08 658459 1.14628e+06 773773 696079 773773 773773 696079 773773 1.04258 0
25 1976  2.77142e+08 763883 1.61074e+06 636786 649004 636786 636786 649004 636786 0.894425 0
25 1977  6.21334e+08 408204 705491 341809 345639 341809 341809 345639 341809 0.836266 0
25 1978  1.1306e+09 453737 960042 431459 320185 431459 431459 320185 431459 0.549815 0
25 1979  4.3635e+08 722669 1.44603e+06 451078 399045 451078 451078 399045 451078 0.325693 0
25 1980  2.95499e+08 781540 1.10866e+06 407809 460532 407809 407809 460532 407809 1.02599 0
25 1981  8.96111e+07 277666 508981 284613 266202 284613 284613 266202 284613 0.733391 0
25 1982  5.10554e+07 162034 255479 182734 120368 182734 182734 120368 182734 0.643995 0
25 1983  7.30719e+07 179628 315523 80083.6 94672.2 80083.6 80083.6 94672.2 80083.6 1.2182 0
25 1984  2.72437e+07 85315.8 175325 104218 63562.8 104218 104218 63562.8 104218 0.736265 0
25 1985  2.0557e+07 102539 169900 69201.7 47989.3 69201.7 69201.7 47989.3 69201.7 0.818704 0
25 1986  9.26292e+07 38808.5 72257.8 27252.1 18016 27252.1 27252.1 18016 27252.1 0.819265 0
25 1987  5.02152e+07 130188 300993 46361.4 24058.4 46361.4 46361.4 24058.4 46361.4 0.288247 0
25 1988  5.94789e+07 133619 229478 73341.6 55834.6 73341.6 73341.6 55834.6 73341.6 0.856085 0
25 1989  8.10989e+07 75115.4 153875 72798.5 20724.2 72798.5 72798.5 20724.2 72798.5 0.373828 0
25 1990  8.71223e+07 116945 236934 82312.6 48651.3 82312.6 82312.6 48651.3 82312.6 0.996678 0
25 1991  1.10767e+08 84144.9 172857 118017 79908.9 118017 118017 79908.9 118017 0.564487 0
25 1992  9.50763e+07 117500 245969 133330 75574.4 133330 133330 75574.4 133330 0.405315 0
25 1993  1.77107e+08 142805 245323 196481 158624 196481 196481 158624 196481 1.00742 0
25 1994  1.30543e+08 143593 291990 396974 97744.1 396974 396974 97744.1 396974 0.442129 0
25 1995  2.72305e+07 211499 345689 407769 217606 407769 407769 217606 407769 1.0848 0
25 1996  4.78831e+07 117320 181820 143651 85291.6 143651 143651 85291.6 143651 0.933674 0
25 1997  4.57311e+07 70297.3 139809 118277 62551.1 118277 118277 62551.1 118277 0.656195 0
25 1998  9.82065e+07 148547 271010 154505 125688 154505 154505 125688 154505 1.18846 0
25 1999  7.40978e+07 102855 219031 214119 105676 214119 214119 105676 214119 0.731729 0
25 2000  6.13308e+07 124254 210418 215482 162809 215482 215482 162809 215482 0.917668 0
25 2001  6.10862e+07 106582 188140 196622 122004 196622 196622 122004 196622 1.09124 0
25 2002  6.07485e+07 189190 372326 153710 116486 153710 153710 116486 153710 1.05741 0
25 2003  7.63111e+07 86603.2 166098 176392 107458 176392 176392 107458 176392 0.921718 0
25 2004  1.77771e+08 174359 348527 113696 126463 113696 113696 126463 113696 1.00292 0
25 2005  5.5421e+07 155316 334462 241424 195851 241424 241424 195851 241424 0.796913 0
25 2006  6.63943e+07 165083 267750 124161 182566 124161 124161 182566 124161 1.17427 0
25 2007  4.53567e+07 156755 312283 95525 97407.2 95525 95525 97407.2 95525 0.863006 0
25 2008  1.3452e+08 72086.7 130411 60788.6 70962.9 60788.6 60788.6 70962.9 60788.6 0.813578 0
25 2009  1.08833e+08 241545 520754 140648 97743.8 140648 140648 97743.8 140648 0.460975 0
25 2010  1.14684e+08 202693 347539 150586 130086 150586 150586 130086 150586 0.578659 0
25 2011  7.49377e+07 188423 341851 142520 114491 142520 142520 114491 142520 0.599731 0
25 2012  6.04007e+07 227745 386236 93353.8 98130.8 93353.8 93353.8 98130.8 93353.8 0.724991 0
25 2013  1.73198e+08 78393.5 139765 62517.8 83202.8 62517.8 62517.8 83202.8 62517.8 0.816571 0
25 2014  1.61862e+08 381049 840318 127560 57899.9 127560 127560 57899.9 127560 0.207018 0
25 2015  8.58272e+07 375868 642413 288272 315638 288272 288272 315638 288272 0.884751 0
25 2016  9.60242e+07 193030 300600 211103 246909 211103 211103 246909 211103 1.63886 0
25 2017  1.47394e+08 104147 207591 113925 118062 113925 113925 118062 113925 0.795638 0
25 2018  1.4425e+08 174640 335680 158846 154923 158846 158846 154923 158846 0.789492 0
25 2019  1.06691e+08 212700 375940 134858 145843 134858 134858 145843 134858 0.595754 0
25 2020  6.23665e+07 212514 339872 181117 274429 181117 181117 274429 181117 1.03516 0
25 2021  9.82539e+07 117448 190988 76132.8 125797 76132.8 76132.8 125797 76132.8 1.0077 0
25 2022  2.76465e+08 113027 219532 81599.6 40572.5 81599.6 81599.6 40572.5 81599.6 0.160753 0
25 2023  NA 322957 NA NA NA NA NA NA NA NA NA
26 1974  1.92746e+06 498363 775086 157427 160240 157427 157427 160240 157427 0.284809 0
26 1975  1.55741e+06 511753 837060 195349 193754 195349 195349 193754 195349 0.337333 0
26 1976  2.25223e+06 524831 816271 166997 162744 166997 166997 162744 166997 0.270118 0
26 1977  1.84321e+06 517915 800165 176623 160186 176623 176623 160186 176623 0.295193 0
26 1978  1.93602e+06 503151 772048 159539 148937 159539 159539 148937 159539 0.269261 0
26 1979  2.60269e+06 477267 758943 213145 201272 213145 213145 201272 213145 0.408262 0
26 1980  2.25882e+06 466980 733468 171852 163896 171852 171852 163896 171852 0.32545 0
26 1981  4.88789e+06 442659 683243 174140 174793 174140 174140 174793 174140 0.338554 0
26 1982  3.3151e+06 429378 810972 205329 203741 205329 205329 203741 205329 0.374854 0
26 1983  3.10805e+06 518588 886710 220537 219400 220537 220537 219400 220537 0.358671 0
26 1984  3.9975e+06 536480 919226 236422 235599 236422 236422 235599 236422 0.373706 0
26 1985  9.64936e+06 568401 961141 232241 227146 232241 232241 227146 232241 0.343648 0
26 1986  4.51652e+06 599051 1.21893e+06 308262 302127 308262 308262 302127 308262 0.429424 0
26 1987  4.5479e+06 691676 1.19205e+06 358749 327428 358749 358749 327428 358749 0.43763 0
26 1988  3.30975e+06 599177 1.05348e+06 324772 324179 324772 324772 324179 324772 0.461295 0
26 1989  2.84563e+06 627757 959986 286704 285568 286704 286704 285568 286704 0.409423 0
26 1990  2.69672e+06 566785 865196 240832 240758 240832 240832 240758 240832 0.401473 0
26 1991  2.30268e+06 533683 830927 237986 250748 237986 237986 250748 237986 0.469947 0
26 1992  1.46533e+06 455744 706822 193692 221670 193692 193692 221670 193692 0.497549 0
26 1993  1.35144e+06 402750 612006 163524 196722 163524 163524 196722 163524 0.47955 0
26 1994  2.08461e+06 340501 522970 145745 169802 145745 145745 169802 145745 0.481597 0
26 1995  2.04474e+06 316754 511820 131248 142458 131248 131248 142458 131248 0.458824 0
26 1996  5.79032e+06 282362 471005 143394 144956 143394 143394 144956 143394 0.520452 0
26 1997  2.21362e+06 264524 576373 192969 158745 192969 192969 158745 192969 0.582858 0
26 1998  2.01336e+06 311157 559979 183655 163074 183655 183655 163074 183655 0.499738 0
26 1999  2.26115e+06 294417 533532 160881 174221 160881 160881 174221 160881 0.507672 0
26 2000  1.38111e+06 303747 512857 135015 128118 135015 135015 128118 135015 0.371059 0
26 2001  3.89536e+06 330293 538634 193367 145397 193367 193367 145397 193367 0.454521 0
26 2002  1.27253e+06 292018 574113 134404 131124 134404 134404 131124 134404 0.424982 0
26 2003  2.68076e+06 335559 560282 154023 130530 154023 154023 130530 154023 0.377276 0
26 2004  1.85091e+06 316245 580203 127824 96550 127824 127824 96550 127824 0.264102 0
26 2005  2.01332e+06 367296 579496 118885 102318 118885 118885 102318 118885 0.26054 0
26 2006  3.16837e+06 394281 637120 131169 105731 131169 131169 105731 131169 0.25274 0
26 2007  2.73815e+06 378204 637685 101029 108115 101029 101029 108115 101029 0.255094 0
26 2008  2.60964e+06 444894 728488 105289 95692.4 105289 105289 95692.4 105289 0.190492 0
26 2009  3.29488e+06 521137 833713 108299 121098 108299 108299 121098 108299 0.212884 0
26 2010  3.835e+06 580053 906787 116972 115362 116972 116972 115362 116972 0.186804 0
26 2011  3.18744e+06 557142 868801 118106 139763 118106 118106 139763 118106 0.230489 0
26 2012  3.41722e+06 537977 866203 141842 137725 141842 141842 137725 141842 0.222673 0
26 2013  3.54989e+06 580183 904527 126360 123862 126360 126360 123862 126360 0.194319 0
26 2014  1.97652e+06 631490 971779 133664 129771 133664 133664 129771 133664 0.206902 0
26 2015  2.14258e+06 556188 729840 134577 137833 134577 134577 137833 134577 0.22526 0
26 2016  2.97317e+06 530868 692453 136931 142547 136931 136931 142547 136931 0.258066 0
26 2017  1.96162e+06 502904 673018 114281 107404 114281 114281 107404 114281 0.208578 0
26 2018  4.33564e+06 431454 589718 105954 104460 105954 105954 104460 105954 0.234518 0
26 2019  2.6488e+06 397234 575525 86015.4 83291.1 86015.4 86015.4 83291.1 86015.4 0.185226 0
26 2020  2.17997e+06 417377 588192 79078.7 84738.9 79078.7 79078.7 84738.9 79078.7 0.183194 0
26 2021  7.06129e+06 434593 626618 73222.5 71455.6 73222.5 73222.5 71455.6 73222.5 0.145793 0
26 2022  3.14566e+06 427470 666590 64879 66756.6 64879 64879 66756.6 64879 0.134454 0
26 2023  NA 520361 NA NA NA NA NA NA NA NA NA
27 1974  49346.9 41113.4 59656.3 17985.6 18551.7 17985.6 17985.6 18551.7 17985.6 0.460084 0
27 1975  111655 43369.2 58643.8 20769.5 20004.9 20769.5 20769.5 20004.9 20769.5 0.467495 0
27 1976  139800 43000.2 52736.5 17322.2 17525.5 17322.2 17322.2 17525.5 17322.2 0.435064 0
27 1977  51273.8 35231.2 53986 18000.7 15071 18000.7 18000.7 15071 18000.7 0.39568 0
27 1978  15070.9 40178.5 58582.2 20275.7 20957.9 20275.7 20275.7 20957.9 20275.7 0.485303 0
27 1979  149572 46299.1 53461.9 22594.9 21740.3 22594.9 22594.9 21740.3 22594.9 0.477357 0
27 1980  156925 36420.2 44001.3 15803.2 16105.7 15803.2 15803.2 16105.7 15803.2 0.479337 0
27 1981  146287 25311.6 50375.4 15399.8 14025.9 15399.8 15399.8 14025.9 15399.8 0.47613 0
27 1982  148725 34157.2 58637.2 21574.5 20608.4 21574.5 21574.5 20608.4 21574.5 0.536017 0
27 1983  77650.8 41702.8 66362.8 24924.2 22985.6 24924.2 24924.2 22985.6 24924.2 0.505398 0
27 1984  93301 45124.1 65805.1 26836.7 26838.7 26836.7 26836.7 26838.7 26836.7 0.57867 0
27 1985  149586 41845.5 54749.7 24245.4 23229 24245.4 24245.4 23229 24245.4 0.542091 0
27 1986  69076.1 36606.3 54376.2 18197.7 20953.1 18197.7 18197.7 20953.1 18197.7 0.591909 0
27 1987  502732 30650 53711.8 17365.1 16995.6 17365.1 17365.1 16995.6 17365.1 0.485668 0
27 1988  112846 38101.7 69903 21586.8 19135.8 21586.8 21586.8 19135.8 21586.8 0.496489 0
27 1989  226087 33943.6 96736.2 21801.5 24149.7 21801.5 21801.5 24149.7 21801.5 0.409568 0
27 1990  84360.5 91222.2 116324 35118.1 36953.7 35118.1 35118.1 36953.7 35118.1 0.425541 0
27 1991  400816 77575.6 108168 33511.2 39296.2 33511.2 33511.2 39296.2 33511.2 0.47411 0
27 1992  83567 76695.8 106868 29338.8 33461.5 29338.8 29338.8 33461.5 29338.8 0.464268 0
27 1993  59172.4 53390.4 100690 31489.1 33854 31489.1 31489.1 33854 31489.1 0.503196 0
27 1994  97867 73823.3 86712.9 33000 35655.2 33000 33000 35655.2 33000 0.537888 0
27 1995  61655.9 57932.2 70109.5 30466.3 26974.7 30466.3 30466.3 26974.7 30466.3 0.504818 0
27 1996  249504 39364.9 54426 22648.1 25911 22648.1 22648.1 25911 22648.1 0.715517 0
27 1997  112730 28134.3 47730.9 14899.4 16312.5 14899.4 14899.4 16312.5 14899.4 0.60495 0
27 1998  91294.4 21363 56052.5 20864.9 20410.7 20864.9 20864.9 20410.7 20864.9 0.645883 0
27 1999  122610 37483.4 54203.7 23473.2 21959.1 23473.2 23473.2 21959.1 23473.2 0.577386 0
27 2000  66874.1 34261.4 50759.5 22639.1 21619.1 22639.1 22639.1 21619.1 22639.1 0.636521 0
27 2001  182990 27969.6 45954.9 19941.8 17222.9 19941.8 19941.8 17222.9 19941.8 0.531055 0
27 2002  84821.9 30712.9 47582.3 18659.3 14608.4 18659.3 18659.3 14608.4 18659.3 0.530067 0
27 2003  46216.8 26034.9 52569.5 19285.6 16325.4 19285.6 19285.6 16325.4 19285.6 0.522068 0
27 2004  50104.4 36772.5 48760.6 20941.8 16610.2 20941.8 20941.8 16610.2 20941.8 0.515043 0
27 2005  179568 31286.9 39512 17696.1 15149 17696.1 17696.1 15149 17696.1 0.554895 0
27 2006  71565.9 24042.8 38822.2 13588.3 11345.5 13588.3 13588.3 11345.5 13588.3 0.474441 0
27 2007  69108.9 17691.6 44134.9 15504.8 12142.7 15504.8 15504.8 12142.7 15504.8 0.480355 0
27 2008  85421.5 32827.6 45415.3 14615.1 13547.4 14615.1 14615.1 13547.4 14615.1 0.41117 0
27 2009  173025 30949.1 43317.1 15213.9 14341 15213.9 15213.9 14341 15213.9 0.471917 0
27 2010  217525 28225.3 47199.4 14850.2 13500.7 14850.2 14850.2 13500.7 14850.2 0.527818 0
27 2011  55248.6 24549 55443.2 13188.5 12237.2 13188.5 13188.5 12237.2 13188.5 0.461951 0
27 2012  94236.5 28690.7 40659.8 14694.8 16547.2 14694.8 14694.8 16547.2 14694.8 0.523893 0
27 2013  142318 34267 40479.6 15958.1 16498.7 15958.1 15958.1 16498.7 15958.1 0.48025 0
27 2014  99396.3 29114.8 38375.7 14639.6 15419.1 14639.6 14639.6 15419.1 14639.6 0.468336 0
27 2015  64711.4 26094.8 41725.4 14590.4 14053 14590.4 14590.4 14053 14590.4 0.44696 0
27 2016  104462 30264.9 36508.2 15323.4 16974.6 15323.4 15323.4 16974.6 15323.4 0.538081 0
27 2017  78177.8 25073.2 31191.5 13573.9 14752.5 13573.9 13573.9 14752.5 13573.9 0.549067 0
27 2018  209415 20336.9 29654.7 12265.7 12961 12265.7 12265.7 12961 12265.7 0.559713 0
27 2019  33172.2 17582.3 27792.8 10605.2 11750.7 10605.2 10605.2 11750.7 10605.2 0.626895 0
27 2020  62082.1 16790.3 31494.3 10489 10782.3 10489 10489 10782.3 10489 0.466541 0
27 2021  96087 28604.7 34067.5 9143.03 9456.22 9143.03 9143.03 9456.22 9143.03 0.319279 0
27 2022  93633.6 26969.4 45188.1 5826.91 6091.7 5826.91 5826.91 6091.7 5826.91 0.199244 0
27 2023  NA 27464 NA NA NA NA NA NA NA NA NA
