# log(Survey observed CPUE) - log(expected CPUE):
######################################################
# Species: 16
# No. of fleets: 2
# Fleet no.: 1
# First and last year: 1983,2022
# First and last age: 1,7
# Species, Fleet, Year, , ,Age_1 ,Age_2 ,Age_3 ,Age_4 ,Age_5 ,Age_6 ,Age_7
      16,1,1983       ,-0.3666,0.3358,0.1639,-0.4597,-0.1956,0.6361,-0.0292
16,1,1984       ,0.1595,-0.0428,-0.3493,-0.2858,-0.4285,0.0025,0.2858
16,1,1985       ,-1.6626,0.3615,0.0954,-0.1334,-0.0096,-0.0034,-0.2686
16,1,1986       ,0.0233,-0.2303,-0.0163,0.4399,-0.0056,0.7642,-0.1220
16,1,1987       ,0.1225,0.2732,-0.5659,-0.5308,-0.2768,-0.0255,0.5872
16,1,1988       ,-0.0182,-0.3132,-0.1380,-0.3180,-0.3375,0.5745,0.2443
16,1,1989       ,0.4322,-0.0309,0.4145,-0.2445,0.0997,0.2207,0.6042
16,1,1990       ,-0.4286,0.3565,-0.0783,-0.3113,-0.3027,0.2839,0.4721
16,1,1991       ,-0.1348,-0.1861,-0.0468,-0.1046,-0.3910,-0.0493,1.1106
16,1,1992       ,0.3669,-0.0736,-0.3877,-0.3368,-0.4052,-0.4934,0.0390
16,1,1993       ,0.2769,0.4458,-0.1879,-0.2452,-0.2779,-0.0585,-0.2641
16,1,1994       ,0.2090,-0.5360,-0.3581,0.0573,0.3411,0.0243,0.2766
16,1,1995       ,0.2839,0.4860,0.1942,-0.3170,0.0393,0.1604,-0.1052
16,1,1996       ,-0.4989,0.0102,-0.1336,-0.2961,-0.2396,0.0652,0.6434
16,1,1997       ,0.4291,-0.2261,-0.5771,-0.5854,-0.1494,-0.1846,0.2112
16,1,1998       ,-0.7453,0.1892,-0.3207,-0.4829,-0.2464,0.1748,0.0398
16,1,1999       ,-0.2486,-0.6269,0.2325,-0.2411,-0.0113,-0.3416,1.2057
16,1,2000       ,-0.2465,-0.0292,-0.2538,0.2488,0.5086,0.5943,0.7895
16,1,2001       ,-0.0708,0.0057,-0.0262,0.0551,-0.3531,0.2606,0.4290
16,1,2002       ,0.9338,-0.0787,0.1474,-0.0990,0.0171,-0.4503,0.4264
16,1,2003       ,-0.9664,0.1620,-0.1374,0.0404,0.5215,0.6439,0.2390
16,1,2004       ,0.7420,-0.2408,0.1508,-0.2110,-0.0690,0.4312,0.8248
16,1,2005       ,-0.2579,-0.1651,-0.2181,0.1582,-0.2710,0.0687,0.3463
16,1,2006       ,0.3340,-0.6803,-0.1656,-0.2939,-0.3201,0.1108,0.3914
16,1,2007       ,0.2038,-0.0214,-0.0073,-0.2645,0.0141,0.1376,0.7532
16,1,2008       ,0.2296,-0.5103,-0.2228,-0.1047,0.2630,0.1653,-0.0231
16,1,2009       ,-0.3667,-0.0807,-0.2562,-0.3289,-0.0177,0.2209,1.0472
16,1,2010       ,0.2072,0.0378,0.0474,-0.3033,-0.3414,0.3647,-0.0249
16,1,2011       ,-0.4867,0.2157,-0.1422,0.0287,0.1180,0.0508,0.1298
16,1,2012       ,0.2947,0.0951,0.6133,0.3463,0.2667,-0.0150,-0.6538
16,1,2013       ,-0.2907,0.0789,0.2044,0.0861,0.4674,0.0362,0.1605
16,1,2014       ,-0.0539,-0.1588,-0.0305,0.0524,0.1241,-0.1058,-0.2907
16,1,2015       ,0.0445,0.4248,0.1742,-0.0147,-0.1927,-0.4740,-0.9945
16,1,2016       ,-0.1196,-0.1807,0.4364,0.1240,0.1862,0.1214,-0.1395
16,1,2017       ,1.1884,0.0446,0.5596,0.4874,0.4250,-0.1659,-0.0198
16,1,2018       ,-0.2853,0.5003,0.1939,0.0212,-0.3281,-0.0035,-0.0428
16,1,2019       ,-0.0040,-0.2788,0.2014,-0.4906,-0.5134,-0.8085,-1.0618
16,1,2020       ,0.6721,-0.0569,-0.1834,-0.2325,-0.3790,-1.3521,-0.7038
16,1,2021       ,0.3375,0.5892,0.4278,0.2547,-0.5635,0.1771,0.2034
16,1,2022       ,-0.2340,0.1338,0.5465,0.1371,-0.0929,-0.5611,0.1151
# Fleet no.: 2
# First and last year: 1992,2022
# First and last age: 0,7
# Species, Fleet, Year, , ,Age_0 ,Age_1 ,Age_2 ,Age_3 ,Age_4 ,Age_5 ,Age_6 ,Age_7
      16,2,1992       ,0.9432,0.6250,-0.1127,-0.2600,-0.4332,-0.1483,0.0092,-0.2073
16,2,1993       ,0.3109,-0.3695,0.0411,0.0115,-0.0401,-0.5184,-0.4311,0.6316
16,2,1994       ,1.1715,0.7111,0.0560,-0.1470,-0.1538,-0.3940,-0.6464,0.1876
16,2,1995       ,0.8523,0.2652,0.3468,0.0689,-0.1042,-0.3258,-0.5364,0.0955
16,2,1996       ,0.9081,-0.1909,-0.3675,-0.5660,-0.0687,-0.2304,-0.3565,-0.0469
16,2,1997       ,-1.9015,0.7501,-0.1285,-0.2392,-0.2696,-0.2781,-0.5179,0.2913
16,2,1998       ,1.3519,-1.0506,0.4368,-0.1541,-0.5423,-0.4296,-0.0973,-0.2302
16,2,1999       ,-0.5047,0.0331,-0.6728,0.2115,-0.0834,-0.8283,-1.1769,-0.5881
16,2,2000       ,-0.0036,0.0690,-0.2376,-0.8077,0.0238,-0.3935,0.0016,0.3359
16,2,2001       ,2.2828,-0.3260,-0.2689,-0.1901,0.1037,-0.7401,0.4051,1.1226
16,2,2002       ,-0.8276,0.7377,-0.0688,-0.0329,0.6204,0.7708,-0.8591,-0.4437
16,2,2003       ,0.9899,-0.9144,0.0590,-0.2962,-0.2000,0.6980,1.9534,0.3483
16,2,2004       ,0.0980,0.1927,-0.1956,0.1191,-0.2482,-0.3383,-0.0569,-0.2730
16,2,2005       ,0.1325,-0.7305,-0.4946,-0.3169,-0.1443,-0.5555,-0.2196,0.0450
16,2,2006       ,0.6734,0.0201,-0.3994,0.2415,0.0590,-1.1858,-0.3488,-0.6522
16,2,2007       ,1.6028,0.0899,0.1501,0.1013,0.1297,0.5425,0.4555,0.9007
16,2,2008       ,-0.9441,0.2340,0.0001,0.1702,0.4296,0.3717,0.3994,-0.0394
16,2,2009       ,-0.3886,-0.1280,-0.2178,-0.4276,-0.1317,-0.0474,-0.0745,1.1853
16,2,2010       ,-1.7780,-0.2281,0.2065,0.1432,0.1545,-0.2248,-0.1883,-1.2001
16,2,2011       ,1.1677,-0.3549,0.4933,0.7299,0.6753,0.4660,0.4876,0.0461
16,2,2012       ,-0.6636,0.1291,0.0670,0.4478,0.5304,0.0599,-0.5837,-0.2321
16,2,2013       ,-1.9301,-0.3137,-0.1027,0.1055,0.4567,0.1603,0.2329,0.3326
16,2,2014       ,-0.6584,-0.1265,-0.1185,0.1052,0.3857,0.0604,0.3681,0.7202
16,2,2015       ,-2.6474,-0.2419,0.5440,0.2930,0.4738,0.2400,0.2499,0.2809
16,2,2016       ,0.8446,-0.1482,0.0347,0.5420,0.9141,0.2647,0.7001,0.2727
16,2,2017       ,-0.6719,0.7798,-0.1801,-0.0523,0.1561,0.2763,-0.4193,0.4299
16,2,2018       ,-1.4563,-0.1585,0.4715,0.1307,0.4523,0.1385,0.2162,-0.8981
16,2,2019       ,0.6530,0.0599,-0.1625,-0.0057,0.1899,-0.0864,-0.5224,-0.4251
16,2,2020       ,0.0770,0.4000,0.2320,-0.3032,-0.0051,0.2440,-0.4004,-0.3695
16,2,2021       ,0.2489,-0.0711,0.5773,0.2023,0.2963,-0.1830,-0.6054,-0.2146
16,2,2022       ,0.0524,0.2551,0.0099,0.1738,0.2235,0.1223,-0.1701,-0.0275
######################################################
# Species: 17
# No. of fleets: 2
# Fleet no.: 1
# First and last year: 1983,2022
# First and last age: 1,5
# Species, Fleet, Year, , ,Age_1 ,Age_2 ,Age_3 ,Age_4 ,Age_5
      17,1,1983       ,-1.1382,-1.0380,-0.1966,-0.2082,-0.0607
17,1,1984       ,-0.4376,-0.5613,-0.4033,-0.1995,-0.0397
17,1,1985       ,-0.3439,-0.3410,-0.4683,-0.5115,-0.1309
17,1,1986       ,-0.7108,-0.2281,0.1274,0.2211,-0.0155
17,1,1987       ,-0.2770,-0.2602,-0.3906,-0.0713,-0.2509
17,1,1988       ,-0.4373,0.1946,0.1249,-0.0774,0.2311
17,1,1989       ,0.3937,-0.0117,0.3820,0.3581,0.4965
17,1,1990       ,0.0052,0.0883,-0.0979,0.2167,-0.2176
17,1,1991       ,0.6784,0.6309,0.1580,0.1825,0.2670
17,1,1992       ,0.7055,0.1604,0.3230,-0.3134,0.8375
17,1,1993       ,0.6100,0.3364,0.1721,0.4682,-0.0063
17,1,1994       ,0.3200,0.2398,0.1911,0.3570,-0.3680
17,1,1995       ,0.3202,0.1288,0.0918,0.2878,-0.2623
17,1,1996       ,0.3764,0.2230,0.1757,0.0880,0.5723
17,1,1997       ,0.1729,0.0133,-0.0588,0.2619,-0.1235
17,1,1998       ,0.3831,-0.2436,-0.0166,-0.2300,-0.2502
17,1,1999       ,0.0889,-0.0156,0.3965,0.4107,-0.0393
17,1,2000       ,0.2618,0.1127,0.4393,-0.0568,-0.0456
17,1,2001       ,0.2617,0.1987,0.2697,0.5154,0.6417
17,1,2002       ,0.2444,-0.0546,0.1261,-0.4575,-0.5756
17,1,2003       ,-0.2410,-0.1237,0.3037,0.3261,0.1252
17,1,2004       ,0.0509,-0.3013,0.1194,0.1612,0.0337
17,1,2005       ,-0.4727,-0.5617,-0.1568,-0.2478,-0.1256
17,1,2006       ,-0.0926,-0.3980,-0.2834,-0.0448,-0.5307
17,1,2007       ,-0.9705,-0.0945,-0.1138,-0.0620,0.0336
17,1,2008       ,-0.0801,0.3842,-0.3406,-0.3878,-0.1387
17,1,2009       ,-0.1854,0.2124,0.0361,-0.5437,0.2241
17,1,2010       ,0.3369,-0.1157,0.4088,0.6976,1.6072
17,1,2011       ,-0.4660,0.4934,0.2131,0.4563,0.3907
17,1,2012       ,0.2815,0.7873,-0.0786,-0.0981,0.2502
17,1,2013       ,-0.9067,0.0494,0.6450,0.4465,0.4562
17,1,2014       ,0.0828,0.4147,0.2091,0.1495,0.4157
17,1,2015       ,0.2720,-0.1191,-0.2133,-0.2731,-0.1811
17,1,2016       ,0.3762,0.2130,-0.2941,-0.0155,-0.1207
17,1,2017       ,0.6288,0.0034,-0.1614,-0.3899,-0.0976
17,1,2018       ,-0.5347,-0.2387,-0.4752,-0.3933,-0.6701
17,1,2019       ,-0.2995,-0.1426,-0.2435,-0.1009,-0.6898
17,1,2020       ,-0.2342,-0.3439,-0.2620,-0.1515,-0.4538
17,1,2021       ,0.1304,0.0935,-0.2573,-0.1062,-0.7629
17,1,2022       ,0.8456,0.2100,-0.3989,-0.5145,-0.5762
# Fleet no.: 2
# First and last year: 1991,2022
# First and last age: 0,5
# Species, Fleet, Year, , ,Age_0 ,Age_1 ,Age_2 ,Age_3 ,Age_4 ,Age_5
      17,2,1991       ,-0.5697,0.1506,-0.5188,-0.5351,-0.0646,0.1960
17,2,1992       ,0.2169,-0.0949,0.0764,-0.1228,0.0481,0.8870
17,2,1993       ,-0.1327,-0.1037,-0.2480,-0.5095,-0.0655,-0.1588
17,2,1994       ,-0.4773,0.0822,-0.1285,-0.3632,-0.2188,0.0542
17,2,1995       ,0.0859,0.0818,0.0614,-0.2136,-0.1840,-0.0596
17,2,1996       ,-0.6366,0.1142,0.3279,0.3589,0.0451,-0.1063
17,2,1997       ,1.0104,-0.0957,0.0037,0.3474,-0.2727,0.2855
17,2,1998       ,0.7681,-0.2679,0.0306,-0.1188,-0.0903,-0.2878
17,2,1999       ,0.5510,0.5686,0.0573,0.0980,-0.0489,-0.4420
17,2,2000       ,0.5081,0.2079,0.1420,-0.0238,-0.0797,-0.2643
17,2,2001       ,1.2612,0.1039,-0.1386,-0.1848,-0.1593,-0.1458
17,2,2002       ,-0.4831,0.4596,-0.0287,0.0514,-0.2873,-0.5860
17,2,2003       ,-0.2296,0.2246,0.3298,0.2686,0.2778,-0.1867
17,2,2004       ,0.2758,-0.4103,-0.3146,-0.1549,0.1023,-0.0285
17,2,2005       ,-1.1901,-0.5189,-0.0613,0.0057,0.2884,0.4648
17,2,2006       ,-0.8302,-0.4245,-0.2505,-0.0980,0.5497,0.1365
17,2,2007       ,0.0810,-0.8842,-0.5571,-0.0888,0.1638,0.2551
17,2,2008       ,0.1013,-0.0190,-0.3719,-0.3166,-0.1670,0.0319
17,2,2009       ,-0.1182,0.5064,0.7781,0.3839,-0.2858,0.1356
17,2,2010       ,-0.4266,-0.3774,-0.0945,-0.3268,-0.1856,0.3273
17,2,2011       ,-0.6226,0.0838,-0.0632,0.0226,-0.3353,0.0533
17,2,2012       ,-0.1681,0.1105,0.1982,0.0986,-0.1828,0.0561
17,2,2013       ,-0.6754,-1.0361,-0.6079,-0.0996,-0.2703,-0.6343
17,2,2014       ,1.1439,-0.4521,0.0772,0.3125,0.0457,-0.3378
17,2,2015       ,1.1882,-0.1430,0.3124,0.4927,0.3466,0.0903
17,2,2016       ,0.2332,-0.1830,0.3345,0.0991,0.3245,-0.0610
17,2,2017       ,-1.0166,0.7479,0.1993,0.2546,-0.0514,0.4063
17,2,2018       ,-1.3347,-0.1901,0.3582,0.2302,0.0636,0.3584
17,2,2019       ,-0.0039,0.0579,0.0699,0.0328,-0.3050,-0.0647
17,2,2020       ,0.1060,0.4689,0.0713,0.0634,0.1125,0.7566
17,2,2021       ,0.5697,0.4496,-0.0869,-0.2485,-0.2813,-0.7376
17,2,2022       ,0.8137,0.7801,0.0430,0.2847,0.5517,0.2219
######################################################
# Species: 18
# No. of fleets: 2
# Fleet no.: 1
# First and last year: 1983,2022
# First and last age: 1,8
# Species, Fleet, Year, , ,Age_1 ,Age_2 ,Age_3 ,Age_4 ,Age_5 ,Age_6 ,Age_7 ,Age_8
      18,1,1983       ,-0.5900,-0.0443,-0.3805,-0.3581,-0.2359,0.0649,-0.6178,1.2164
18,1,1984       ,-0.1659,-0.1517,-0.2242,-0.0014,-0.6397,-0.5545,-0.3980,0.1873
18,1,1985       ,-0.2046,-0.1294,0.2600,0.2918,-0.0800,-0.7533,-0.7768,0.1466
18,1,1986       ,0.2810,-0.0720,-0.0879,0.2053,-0.0116,-0.2381,-1.0078,-1.0217
18,1,1987       ,-0.1127,-0.0907,-0.1921,-0.1547,-0.3113,-0.4421,-0.9735,-0.6287
18,1,1988       ,0.1648,-0.3437,-0.0630,0.0845,-0.5795,-0.3963,-1.1847,1.0819
18,1,1989       ,0.2288,0.0147,-0.1109,-0.0278,-0.3808,-0.2355,-0.2678,-0.2513
18,1,1990       ,0.0389,0.1104,0.3355,-0.0467,-0.3435,-0.4198,-0.3665,-0.2557
18,1,1991       ,0.1340,0.0868,0.1796,0.5290,-0.3649,0.1695,-0.8705,-0.4722
18,1,1992       ,0.3676,-0.1058,-0.2562,-0.4618,0.4600,-0.8196,-0.7879,0.7077
18,1,1993       ,0.4785,0.2882,0.1010,0.4565,-0.4800,-0.1500,-0.2739,1.0952
18,1,1994       ,-0.3260,-0.1515,-0.2064,-0.1198,0.0448,0.3939,-0.9587,0.3434
18,1,1995       ,0.2982,-0.1817,-0.2627,-0.0961,-0.1258,0.1358,0.4157,1.8015
18,1,1996       ,0.3232,-0.2596,-0.1205,-0.0861,-0.3417,-0.4118,-0.1626,0.5482
18,1,1997       ,0.7324,0.2189,-0.1669,0.3008,-0.1221,-0.1066,-0.1369,0.1211
18,1,1998       ,0.4216,0.1215,-0.1336,-0.0331,0.2667,-0.3233,0.1339,0.1738
18,1,1999       ,0.1248,0.0318,-0.1697,0.0856,-0.2051,0.0833,-0.3130,0.4186
18,1,2000       ,0.7553,0.1919,-0.1156,-0.1299,-0.0731,-0.3991,0.2091,-0.1837
18,1,2001       ,0.4976,0.0501,0.5899,0.1540,-0.0551,0.2820,-0.3432,1.3963
18,1,2002       ,-0.0701,0.2981,-0.1351,0.3373,0.4854,0.0455,0.7909,0.0964
18,1,2003       ,-0.2577,0.2212,0.3047,0.1807,0.1115,0.1348,0.2964,1.4092
18,1,2004       ,-0.3556,0.1435,0.1376,0.4313,-0.1455,-0.4200,0.0427,0.3296
18,1,2005       ,-0.1344,-0.1682,-0.1934,-0.0219,-0.0308,-0.3761,0.4427,0.7506
18,1,2006       ,-0.4979,0.0206,-0.1911,-0.3378,-0.1735,-0.3790,-0.5381,1.1336
18,1,2007       ,-0.3859,-0.1571,0.1075,0.0902,-0.1846,0.0342,-0.0491,-0.0343
18,1,2008       ,-0.3007,-0.1072,-0.2033,0.3851,-0.0931,-0.3110,0.1905,0.7802
18,1,2009       ,-0.2613,-0.1162,-0.0594,-0.2485,-0.0328,-0.3179,-0.1518,1.6740
18,1,2010       ,-0.3463,0.0519,0.0048,-0.0407,-0.2996,0.1630,-0.1431,0.9924
18,1,2011       ,-0.4078,-0.2303,0.4745,0.0955,0.1946,0.0277,-0.5337,0.6403
18,1,2012       ,-0.0976,0.0769,-0.0193,0.4683,0.4090,0.2504,-0.2397,0.3372
18,1,2013       ,-0.0237,0.1873,0.0660,-0.1985,0.2890,0.1787,-0.1701,-0.1326
18,1,2014       ,0.1203,-0.2367,0.1767,0.2430,-0.4435,-0.3009,-0.2823,0.6900
18,1,2015       ,0.0419,0.2458,0.0168,0.2529,0.5404,-0.1733,-0.4170,0.7764
18,1,2016       ,0.1133,-0.2154,0.3095,0.0012,0.5445,0.0930,0.0832,0.1627
18,1,2017       ,-0.0154,0.3395,-0.1642,0.5364,0.1277,0.2959,0.2493,0.1349
18,1,2018       ,-0.0734,-0.1116,0.3082,-0.2550,0.0945,-0.1112,-0.3414,1.7388
18,1,2019       ,0.3399,-0.2554,-0.2837,-0.2001,-0.4065,-0.1817,-0.5042,1.2986
18,1,2020       ,-0.8967,0.0207,-0.1791,-0.2412,-0.1539,-0.2315,-0.8635,0.1546
18,1,2021       ,-0.0146,-0.2223,-0.0424,-0.2357,-0.1162,-0.2736,-0.0964,-0.2753
18,1,2022       ,0.0802,0.6297,0.5891,-0.4452,0.3021,-0.2670,-0.7498,-0.0878
# Fleet no.: 2
# First and last year: 1991,2022
# First and last age: 0,8
# Species, Fleet, Year, , ,Age_0 ,Age_1 ,Age_2 ,Age_3 ,Age_4 ,Age_5 ,Age_6 ,Age_7 ,Age_8
      18,2,1991       ,0.6191,-0.1771,-0.3052,-0.8982,-0.5878,-0.2935,-1.3299,-1.0241,-0.1383
18,2,1992       ,0.8905,0.6663,0.0781,-0.6265,-0.8102,-0.4689,-0.3294,-1.5318,0.6524
18,2,1993       ,-0.0903,0.2326,0.2087,-0.3335,-0.9778,0.1710,-1.1764,-0.8972,-0.3726
18,2,1994       ,-0.1660,0.1170,-0.0539,-0.4470,-0.2768,-0.6457,-1.3001,-2.0100,-0.3105
18,2,1995       ,0.7928,0.2584,0.1440,-0.1172,-0.5435,-0.0233,0.3592,-2.1100,2.5007
18,2,1996       ,-0.1481,0.2166,-0.0663,0.0751,-0.1395,-0.3295,-0.4635,-0.7341,0.2821
18,2,1997       ,-0.1332,0.3017,0.1211,0.0059,-0.2750,-0.2760,-0.3888,-0.0524,-0.0759
18,2,1998       ,0.1160,-0.0061,0.0012,-0.1818,-0.4929,-0.2969,-0.3887,-0.9470,-0.0639
18,2,1999       ,0.3484,0.1496,0.0317,-0.1661,-0.2782,-0.3379,-0.3606,-0.4599,0.3051
18,2,2000       ,0.3412,0.5379,-0.0749,-0.3169,-0.4739,-0.2110,-0.3814,-0.4837,-0.5599
18,2,2001       ,-0.6973,0.2347,0.3442,0.4375,0.1455,0.1285,0.3890,-0.1386,0.2312
18,2,2002       ,-0.1374,0.1531,0.3113,0.3527,0.3626,0.5529,0.5647,0.4158,0.2655
18,2,2003       ,-0.4582,0.3313,0.5059,0.3457,-0.2344,-0.0547,0.3319,-0.3284,0.3536
18,2,2004       ,-0.0882,0.0722,0.5441,0.2972,0.0357,-0.0397,0.0291,0.0596,0.2661
18,2,2005       ,-1.0095,0.0185,0.1968,-0.0524,0.0181,-0.2016,-0.9450,-0.9552,-0.2082
18,2,2006       ,-0.2309,-1.0111,0.1471,-0.3086,-0.2119,0.2306,-0.3451,-0.6795,-0.3853
18,2,2007       ,-0.0730,-0.2590,0.0875,0.3651,0.3693,-0.1351,0.1168,-0.4483,-0.7619
18,2,2008       ,-0.3374,-0.4726,-0.0749,-0.1168,0.1279,0.5083,0.5240,0.2946,0.3331
18,2,2009       ,-0.9486,-0.6183,-0.0516,-0.2009,-0.4355,-0.2010,0.2233,0.0915,0.7044
18,2,2010       ,-0.7820,-0.3874,0.4502,0.3794,0.1204,0.0296,0.0761,-0.2181,0.3693
18,2,2011       ,-0.1274,-0.3759,0.2943,0.6610,0.3400,0.1289,0.0556,-0.2075,0.3349
18,2,2012       ,-0.0360,-0.0463,0.1154,0.1640,-0.0178,0.1011,0.1226,-0.2860,-0.2724
18,2,2013       ,0.2530,-0.6604,0.4807,-0.0636,-0.1261,-0.2626,0.0189,-0.5968,-0.3583
18,2,2014       ,0.8287,0.0137,0.0344,0.2752,-0.0107,0.1016,-0.2443,-0.3712,0.4663
18,2,2015       ,0.2823,0.1378,0.9327,0.2896,0.2350,0.5727,0.2908,0.0057,0.4022
18,2,2016       ,0.2766,0.0672,0.3144,0.7754,0.0957,0.3653,0.7232,0.1120,0.2791
18,2,2017       ,0.0297,-0.0108,0.8929,0.3706,0.6177,0.0983,0.2289,0.7424,0.0346
18,2,2018       ,0.2783,-0.3930,-0.0524,0.4997,0.1869,0.1140,0.2271,-0.8931,0.8504
18,2,2019       ,-0.0397,0.3285,-0.1215,-0.0142,0.4392,0.2768,0.0606,-1.6899,0.4798
18,2,2020       ,0.2047,0.3145,0.5419,0.2401,0.1409,0.3636,0.4331,-0.5511,-0.6141
18,2,2021       ,-0.0346,0.0386,0.5087,0.3559,0.1758,0.0781,0.1289,-0.0679,-0.4659
18,2,2022       ,0.2731,0.2276,0.4894,0.4893,0.1640,0.0459,-0.2267,-1.0466,-0.4475
######################################################
# Species: 19
# No. of fleets: 1
# Fleet no.: 1
# First and last year: 1974,2022
# First and last age: 3,9
# Species, Fleet, Year, , ,Age_3 ,Age_4 ,Age_5 ,Age_6 ,Age_7 ,Age_8 ,Age_9
      19,1,1974       ,0.3604,-0.0103,0.3926,-0.2542,-0.2661,-0.0236,-0.5088
19,1,1975       ,1.0126,-0.4412,1.2286,0.2762,-0.5515,-0.3738,0.9473
19,1,1976       ,-0.0893,0.2444,0.4282,0.3908,0.8758,-0.4589,-0.7187
19,1,1977       ,-0.7693,0.7839,-0.1816,-0.5948,-0.5996,0.6237,0.0420
19,1,1978       ,0.5703,0.1973,-0.0736,0.8317,-0.7440,0.1985,-0.2523
19,1,1979       ,-0.3146,0.5061,0.3012,-0.6424,-0.3372,0.5493,0.4367
19,1,1980       ,-0.2323,-0.5467,-0.4490,-0.3762,0.0439,-0.7411,-0.2424
19,1,1981       ,0.4343,0.2682,0.0417,-0.1326,0.1822,-0.3625,0.0521
19,1,1982       ,-0.2806,0.6750,0.6743,-0.5479,0.0717,0.6259,-0.1120
19,1,1983       ,0.3283,-0.1817,1.0005,0.3242,0.6179,-0.1864,-0.1337
19,1,1984       ,0.0148,-0.6836,0.6551,-0.1964,-0.3941,0.1750,-0.2164
19,1,1985       ,0.1960,0.7585,0.1523,-0.0959,0.1222,-0.1259,0.1571
19,1,1986       ,-0.5476,0.2188,-0.9427,-0.9982,-1.1309,-0.4619,0.8604
19,1,1987       ,0.1003,0.0322,-0.1456,-0.1629,-0.1625,0.3195,-0.0086
19,1,1988       ,0.1083,0.2647,0.6398,0.0196,-0.0766,-0.2221,-0.0409
19,1,1989       ,-0.4904,1.0525,0.0166,-0.1930,0.0911,-0.1636,0.4972
19,1,1990       ,-0.0993,0.6554,-0.0365,-0.3737,-0.0717,-0.1713,-0.6796
19,1,1991       ,0.3140,0.6784,-0.6098,-0.2731,-0.3715,-0.3075,-0.2321
19,1,1992       ,0.1035,-0.1596,0.4878,-0.0154,-0.4162,-0.0279,-0.1608
19,1,1993       ,-0.6639,-1.1536,0.4418,0.2078,0.3884,0.0742,0.0080
19,1,1994       ,0.4256,-0.0464,0.0302,0.5653,-0.2741,-0.6943,0.7440
19,1,1995       ,-0.6326,0.5791,0.3345,0.0109,0.3734,-1.1052,-0.2482
19,1,1996       ,-0.7342,-0.0118,-0.1557,-0.3239,0.5558,-0.5240,0.3660
19,1,1997       ,0.9993,-0.7060,-0.0622,0.3426,-0.0013,0.0200,-0.5649
19,1,1998       ,0.0717,-0.9703,-0.0185,0.3560,-0.0955,0.3422,0.3536
19,1,1999       ,-0.4223,0.0996,1.3925,-0.3719,0.5671,-0.3367,-0.2934
19,1,2000       ,0.3344,-0.7961,-0.0209,1.0848,0.8869,-0.1016,-0.3003
19,1,2001       ,0.5473,0.3143,0.5189,-0.0844,0.0931,0.1139,0.1059
19,1,2002       ,0.2598,0.1739,0.4479,-0.1534,0.1702,-0.0513,-0.2617
19,1,2003       ,-0.1344,-0.9346,0.2700,0.2881,0.4675,-0.1355,-0.1910
19,1,2004       ,-0.0485,-0.0905,0.0187,-0.2954,-0.2516,0.6140,-0.1978
19,1,2005       ,-0.7298,-0.3811,0.2424,-0.1600,-0.0986,-0.1355,-0.0538
19,1,2006       ,0.2463,0.4017,0.0537,0.2211,0.6125,0.1307,-0.6523
19,1,2007       ,-0.0210,-0.2630,0.3544,-0.0289,-0.4455,-0.2567,0.0523
19,1,2008       ,-0.0835,0.4970,-0.1318,-0.0417,-0.1405,-0.5485,-1.0366
19,1,2009       ,0.2594,1.2739,0.4956,0.7561,0.0354,0.2733,0.5454
19,1,2010       ,0.5819,-0.4380,-0.8641,0.5758,0.4725,-0.0929,0.3940
19,1,2011       ,0.2090,-0.1782,-0.2583,0.1444,-0.4603,0.2188,0.5877
19,1,2012       ,0.2498,0.5129,0.1045,-0.4715,-0.5598,-0.3295,0.7466
19,1,2013       ,-0.4459,-0.5979,0.9091,0.4778,0.0512,0.3125,-0.0615
19,1,2014       ,-0.1273,-1.2345,-0.5942,-0.0943,0.2800,-0.6473,-0.0060
19,1,2015       ,0.0169,0.4279,-0.2800,0.2863,-1.1893,1.0104,0.7534
19,1,2016       ,0.4090,-0.1380,0.5629,0.0408,-0.0266,0.9250,-0.5933
19,1,2017       ,-0.6763,-0.2001,-0.2283,-0.1689,-0.3842,-0.7731,0.6781
19,1,2018       ,0.2108,-0.7155,0.7670,-0.0966,-0.5855,-0.5220,0.2988
19,1,2019       ,-0.4725,-0.3633,0.4259,-0.8298,-0.1536,0.2700,-0.2648
19,1,2020       ,-0.2221,-0.4676,0.0611,0.2376,-0.5500,0.7596,0.5698
19,1,2021       ,-0.6738,-0.0706,-0.6695,-0.2789,0.3338,0.0617,0.5510
19,1,2022       ,-0.1270,-0.6337,0.1972,0.4866,0.0856,0.2618,-1.8993
######################################################
# Species: 20
# No. of fleets: 1
# Fleet no.: 1
# First and last year: 1980,2022
# First and last age: 1,9
# Species, Fleet, Year, , ,Age_1 ,Age_2 ,Age_3 ,Age_4 ,Age_5 ,Age_6 ,Age_7 ,Age_8 ,Age_9
      20,1,1980       ,0.2755,0.4828,0.6047,0.4631,0.4883,0.0305,0.6296,0.6707,1.0141
20,1,1981       ,0.4338,0.2223,0.0149,0.7794,0.3585,0.6381,1.3576,0.1533,0.2936
20,1,1982       ,-0.3189,0.3481,0.5161,0.3810,0.5362,-0.1790,1.0429,0.8648,0.5010
20,1,1983       ,1.0505,-0.4514,-0.4452,0.3610,-0.4723,0.3486,-0.1773,0.2344,0.7515
20,1,1984       ,0.8111,-0.0196,-0.5221,0.7630,-0.3658,-0.0754,-0.3192,0.2930,0.9652
20,1,1985       ,-0.2221,0.7709,-0.4488,0.3922,-0.1030,0.3249,0.1300,0.8674,-0.2047
20,1,1986       ,-0.4460,-0.3354,0.5615,0.2761,0.8772,-0.4227,0.5124,0.3128,0.8397
20,1,1987       ,0.1747,0.2575,-0.2188,0.1844,-0.2400,0.3938,0.5189,0.2829,0.5147
20,1,1988       ,0.4634,0.1011,0.2794,1.1894,0.0293,0.6355,0.3321,0.3227,-0.0644
20,1,1989       ,-0.6468,-0.2972,0.0964,-0.0624,-0.0865,-0.3221,0.0373,0.4547,0.4869
20,1,1990       ,-0.2968,0.1580,0.5401,-0.1162,-0.0891,0.8245,-0.1017,0.5752,0.1264
20,1,1991       ,-0.6371,-0.3092,0.0888,0.6724,-0.0638,-0.5424,-0.3031,-0.6711,0.0882
20,1,1992       ,0.0802,0.1171,-0.6999,0.5435,0.3067,0.5336,-0.1922,-0.1334,-0.4817
20,1,1993       ,-0.6110,-0.3104,-0.1739,0.8728,-0.6119,-0.1372,0.2458,-0.5281,-1.0429
20,1,1994       ,-0.4717,0.1819,-0.4993,0.6168,0.1866,-0.3161,0.1294,0.7735,0.3433
20,1,1995       ,-0.2498,-0.5033,0.1649,-0.3787,0.0938,-0.1964,-0.7089,-0.0147,0.3683
20,1,1996       ,-0.7132,-0.9033,-0.3552,0.0029,-0.3893,-0.1026,0.9825,-0.3903,-0.9846
20,1,1997       ,-0.6189,-0.0211,0.1909,-0.7837,0.0762,-0.3076,0.5221,-0.0468,0.3074
20,1,1998       ,0.1485,-0.9585,-0.3033,-0.3844,-0.1097,-0.5217,0.2133,0.4729,0.1666
20,1,1999       ,0.6758,-1.0471,-0.5856,-0.5716,-1.1784,0.1397,-0.3993,0.0777,-0.0446
20,1,2000       ,0.4180,0.2494,-0.9663,0.5995,0.4372,-0.1115,0.2460,-0.4111,0.4365
20,1,2001       ,-0.2508,-0.6358,-0.3345,-0.6268,0.5795,0.4159,-0.1072,-0.0975,0.1624
20,1,2002       ,0.4518,-0.8063,-0.2731,0.5179,-0.2474,0.4682,-0.5406,0.3598,-0.2568
20,1,2003       ,0.4258,0.8984,-0.5187,1.1017,-0.4426,0.7389,0.6259,0.4138,-0.3999
20,1,2004       ,-0.4813,0.4143,0.3976,-0.7376,0.1278,0.0329,0.4888,-0.0183,0.3725
20,1,2005       ,-0.4714,-0.1401,0.2972,0.4953,0.5541,-0.0741,-0.1954,-0.0131,-0.3759
20,1,2006       ,0.0117,0.1146,-0.2544,1.0581,0.4841,0.0154,-0.1009,-0.0174,-0.1709
20,1,2007       ,-0.0719,-0.6078,-0.2132,-0.4366,-0.2395,-0.2477,0.0683,0.3884,0.2971
20,1,2008       ,-0.3559,-0.5629,-0.1038,-0.6392,-0.2274,-0.7102,-0.7971,-0.6325,-0.3431
20,1,2009       ,-0.7133,-0.9261,-0.6741,0.1503,-0.5234,-0.1742,-0.2993,0.5271,0.2533
20,1,2010       ,-0.0268,-0.4139,-0.8830,-0.7320,0.5946,-0.3894,0.0570,-0.2574,-0.6518
20,1,2011       ,-0.6671,-0.1947,-0.2108,-0.4685,1.2779,-0.5032,0.2006,0.0854,-0.0149
20,1,2012       ,-0.2666,-0.2498,-0.4976,-0.1494,-0.1667,-0.1634,-0.4049,0.5195,0.4484
20,1,2013       ,-0.4224,-0.5871,-0.0319,-0.8683,-0.4628,-0.0893,-0.1519,0.4460,0.2706
20,1,2014       ,-0.1838,-0.5200,0.3439,-0.2282,-0.4014,-0.1704,0.3018,0.4231,-0.2973
20,1,2015       ,0.8377,0.1483,-0.2105,-0.2694,-0.2315,-0.2752,0.6432,0.7818,0.0432
20,1,2016       ,-0.1451,0.2472,-0.6081,0.5742,-0.3966,-0.8733,0.3356,-0.2305,0.3900
20,1,2017       ,-0.4995,0.8253,-0.1426,-0.1921,-0.2203,-0.2594,1.2582,-0.0252,1.0372
20,1,2018       ,0.9056,-0.0247,-1.1180,-0.6459,-0.7219,0.1336,-0.5126,-0.1267,-0.2635
20,1,2019       ,-0.1711,-0.2685,0.1037,-1.2165,-1.2423,-0.3597,-0.4005,0.5069,0.9973
20,1,2020       ,0.0221,-0.5495,-0.6731,-0.2974,0.1758,-0.4483,-0.4460,-0.0138,0.4585
20,1,2021       ,0.1394,-0.0565,0.3128,-0.4048,-0.5768,0.0702,0.2060,0.0408,-0.0316
20,1,2022       ,1.1129,0.7298,0.5759,0.0195,-0.4125,-0.3042,0.1072,-0.6992,-0.2751
######################################################
# Species: 21
# No. of fleets: 3
# Fleet no.: 1
# First and last year: 1989,2022
# First and last age: 1,8
# Species, Fleet, Year, , ,Age_1 ,Age_2 ,Age_3 ,Age_4 ,Age_5 ,Age_6 ,Age_7 ,Age_8
      21,1,1989  ,-99.9,-0.3267,-0.3637,-0.2746,-0.1481,-0.1251,-0.4055,-0.3535
21,1,1990  ,-99.9,-0.0367,-0.0860,0.1238,0.1673,0.2120,0.1552,0.1281
21,1,1991  ,-99.9,-0.0310,-0.3180,-0.0572,0.1245,-0.0042,0.2408,-0.2741
21,1,1992  ,-99.9,0.3616,-0.2574,-0.0553,0.0505,0.3490,0.1157,0.0717
21,1,1993  ,-99.9,0.1439,0.0836,0.1109,0.3039,0.4267,0.2757,0.1073
21,1,1994  ,-99.9,-0.0701,-0.4772,-0.4261,0.1671,0.3349,0.4131,0.1777
21,1,1995  ,-99.9,0.0952,0.1113,0.1779,0.1732,0.3774,0.3174,-0.0559
21,1,1996  ,-99.9,0.4016,0.3452,0.2821,0.2285,-0.1607,0.2412,0.7943
21,1,1997       ,-0.0124,0.5668,0.2748,0.1860,0.1917,0.3317,-0.4677,0.5344
21,1,1998       ,-0.2260,0.0834,0.0053,0.2112,0.3629,0.4227,0.6157,0.2663
21,1,1999       ,0.0112,-0.0633,0.1462,-0.2651,-0.3362,-0.0413,-0.0172,0.2770
21,1,2000       ,0.3934,-0.0138,-0.1875,0.2315,0.1797,0.2411,0.4042,0.4702
21,1,2001       ,-0.3024,0.2348,0.2758,-0.0781,0.1500,0.0021,-0.1885,-0.0831
21,1,2002       ,-0.1808,-0.0900,0.0561,-0.0496,-0.1820,0.2284,-0.0577,0.2131
21,1,2003       ,0.1141,0.1884,-0.3159,-0.1373,-0.2550,-0.0857,0.1887,0.1559
21,1,2004       ,-0.0175,-0.3632,-0.2810,-0.1555,-0.0604,-0.3889,0.1089,0.2480
21,1,2005       ,-0.7422,-0.3472,-0.0196,-0.1966,-0.1308,-0.1751,-0.5464,-0.4597
21,1,2006       ,0.4091,0.0471,-0.0873,-0.0046,0.1104,-0.0758,-0.1981,-0.6739
21,1,2007       ,0.1078,0.0790,-0.4111,-0.3682,-0.3944,-0.4021,-0.3868,-0.9067
21,1,2008       ,-0.7526,-0.1214,-0.1708,-0.1525,0.0387,0.0501,0.4331,-0.1348
21,1,2009       ,-0.5152,0.1964,-0.0446,-0.2631,-0.0382,0.3244,0.3974,0.4838
21,1,2010       ,0.3806,-0.0910,0.0728,0.3042,0.3298,0.5834,0.7440,0.9922
21,1,2011       ,0.1529,-0.3606,-0.4386,-0.1961,-0.1716,0.1079,0.3408,0.6672
21,1,2012       ,0.2110,-0.0972,-0.2070,-0.4039,-0.3477,-0.2523,-0.4115,-0.2454
21,1,2013       ,0.0327,-0.2879,-0.3312,-0.0819,-0.0109,-0.1363,0.0600,0.1433
21,1,2014       ,-0.0828,0.2884,-0.0194,0.1190,-0.0287,0.3676,0.2206,-0.3412
21,1,2015       ,-0.8065,0.2265,-0.0486,-0.1132,0.0139,-0.0866,0.0969,-0.2828
21,1,2016       ,0.7712,0.2841,-0.0414,-0.3564,-0.2238,0.1060,-0.3200,-0.5150
21,1,2017       ,-0.5979,-0.3677,-0.1895,-0.1876,-0.3150,-0.4403,-0.4205,-0.7896
21,1,2018       ,1.2277,0.2209,-0.2183,0.0895,0.0485,0.1343,0.4638,-0.4727
21,1,2019       ,0.5305,-0.3197,-0.1794,-0.0919,0.2097,0.2286,0.0953,-0.2833
21,1,2020       ,0.2599,-0.2965,-0.2504,-0.2638,0.7254,0.0134,-0.4215,-0.4277
21,1,2021       ,-0.1329,-0.1836,-0.5189,-0.1927,-0.2051,0.6892,0.0849,-0.2299
21,1,2022       ,-0.2347,0.0497,0.0984,-0.0869,0.3812,0.0809,1.0071,-0.1092
# Fleet no.: 2
# First and last year: 1984,2023
# First and last age: 1,1
# Species, Fleet, Year, , ,Age_1
      21,2,1984       ,-0.3460
21,2,1985       ,0.0985
21,2,1986       ,-0.3271
21,2,1987       ,0.0615
21,2,1988       ,-0.2366
21,2,1989       ,0.3857
21,2,1990       ,-0.1161
21,2,1991       ,0.2604
21,2,1992       ,0.2061
21,2,1993       ,0.3389
21,2,1994       ,0.7247
21,2,1995       ,0.6978
21,2,1996       ,0.2796
21,2,1997       ,-0.5669
21,2,1998       ,0.5523
21,2,1999       ,-0.0649
21,2,2000       ,-0.2146
21,2,2001       ,0.0980
21,2,2002       ,-0.9027
21,2,2003       ,-0.0267
21,2,2004       ,-0.0732
21,2,2005       ,-0.1263
21,2,2006       ,0.0299
21,2,2007       ,-0.0070
21,2,2008       ,-0.5258
21,2,2009       ,-0.5147
21,2,2010       ,-0.5630
21,2,2011       ,0.1332
21,2,2012       ,-0.1489
21,2,2013       ,-0.6348
21,2,2014       ,-0.1513
21,2,2015       ,-0.1647
21,2,2016       ,-0.1290
21,2,2017       ,0.4956
21,2,2018       ,0.4372
21,2,2019       ,0.0908
21,2,2020       ,0.3224
21,2,2021       ,0.3198
21,2,2022       ,-0.0894
21,2,2023       ,0.3963
# Fleet no.: 3
# First and last year: 1992,2023
# First and last age: 0,0
# Species, Fleet, Year, , ,Age_0
      21,3,1992       ,0.3290
21,3,1993       ,0.4252
21,3,1994       ,0.4503
21,3,1995       ,0.6382
21,3,1996       ,-0.0548
21,3,1997       ,0.7330
21,3,1998       ,-0.0822
21,3,1999       ,0.3269
21,3,2000       ,0.0583
21,3,2001       ,0.0889
21,3,2002       ,0.4073
21,3,2003       ,0.1634
21,3,2004       ,-0.5879
21,3,2005       ,0.2292
21,3,2006       ,0.0125
21,3,2007       ,-0.5952
21,3,2008       ,-0.8132
21,3,2009       ,-0.1905
21,3,2010       ,-0.5429
21,3,2011       ,0.1437
21,3,2012       ,-0.0713
21,3,2013       ,-0.8401
21,3,2014       ,-0.3858
21,3,2015       ,-0.7494
21,3,2016       ,0.3103
21,3,2017       ,-0.0887
21,3,2018       ,0.5074
21,3,2019       ,-0.0732
21,3,2020       ,-0.0001
21,3,2021       ,0.6457
21,3,2022       ,-0.3944
######################################################
# Species: 22
# No. of fleets: 5
# Fleet no.: 1
# First and last year: 2004,2022
# First and last age: 0,1
# Species, Fleet, Year, , ,Age_0 ,Age_1
      22,1,2004       ,0.4869,0.8417
22,1,2005       ,2.2713,0.6396
22,1,2006       ,0.4233,-1.5779
22,1,2007       ,0.3017,0.1270
22,1,2008       ,-0.8162,0.8045
22,1,2009       ,-0.3262,0.0085
22,1,2010       ,-0.7662,-0.0939
22,1,2011       ,-0.5117,0.0129
22,1,2012       ,0.0991,-1.0587
22,1,2013       ,0.1754,-1.7227
22,1,2014       ,-0.0815,-0.5595
22,1,2015       ,-0.8280,-0.0595
22,1,2016       ,0.1920,0.6164
22,1,2017       ,-1.2499,-0.6799
22,1,2018       ,0.8650,1.9610
22,1,2019       ,-0.0590,0.7905
22,1,2020       ,0.8288,0.2678
22,1,2021       ,-0.0095,0.2198
22,1,2022       ,-1.0015,-0.5185
# Fleet no.: 2
# First and last year: 1983,2002
# First and last age: 1,3
# Species, Fleet, Year, , ,Age_1 ,Age_2 ,Age_3
      22,2,1983       ,0.4766,0.8436,-0.0552
22,2,1984       ,0.4418,0.0035,-0.3428
22,2,1985       ,-0.3383,0.1976,0.6201
22,2,1986       ,0.2150,0.8099,-1.3379
22,2,1987       ,-0.4611,0.4892,0.0790
22,2,1988       ,-0.4622,0.2443,-0.6955
22,2,1989       ,0.0141,-0.3413,0.0451
22,2,1990       ,0.1199,-0.2272,1.0216
22,2,1991       ,-0.0555,-0.6290,-0.5039
22,2,1992       ,0.1629,0.2654,0.6375
22,2,1993       ,-0.4098,-1.1901,-1.1012
22,2,1994       ,0.3980,0.0990,1.4228
22,2,1995       ,0.1175,-0.5442,-0.5110
22,2,1996       ,-0.1638,-0.2301,-0.0293
22,2,1997       ,-0.5443,-0.7403,0.1386
22,2,1998       ,-0.8353,-0.3959,0.4183
22,2,1999       ,-0.1218,0.4021,-0.2940
22,2,2000       ,0.0583,0.2126,0.2574
22,2,2001       ,0.2803,0.2225,-0.3063
22,2,2002       ,1.1097,0.5107,0.5383
# Fleet no.: 3
# First and last year: 2003,2022
# First and last age: 1,3
# Species, Fleet, Year, , ,Age_1 ,Age_2 ,Age_3
      22,3,2003       ,0.1885,-0.1854,-0.3581
22,3,2004       ,0.5605,0.3665,-0.3304
22,3,2005       ,0.8757,0.3955,0.5426
22,3,2006       ,0.7028,-0.1274,-0.1889
22,3,2007       ,0.9281,-0.6120,-1.0073
22,3,2008       ,0.8231,0.4566,0.5479
22,3,2009       ,0.8727,0.0817,-1.4778
22,3,2010       ,-0.8396,-0.5089,0.3442
22,3,2011       ,-0.0864,0.5007,-0.2747
22,3,2012       ,-0.8902,0.0841,0.6296
22,3,2013       ,0.6152,1.7787,0.6413
22,3,2014       ,0.3836,0.8542,1.7342
22,3,2015       ,-0.2981,-0.1511,0.0117
22,3,2016       ,0.3017,0.3044,-0.0028
22,3,2017       ,-0.4292,0.1257,-1.0193
22,3,2018       ,-1.2659,-0.6614,1.2317
22,3,2019       ,-0.4804,-0.2526,-0.1770
22,3,2020       ,-0.6740,-1.2833,-0.1372
22,3,2021       ,-0.9507,-0.6847,0.0816
22,3,2022       ,-0.3374,-0.4855,-0.7926
# Fleet no.: 4
# First and last year: 1976,2004
# First and last age: 0,0
# Species, Fleet, Year, , ,Age_0
      22,4,1976       ,-0.5343
22,4,1977       ,-1.2439
22,4,1978       ,0.2649
22,4,1979       ,0.9501
22,4,1980       ,0.8294
22,4,1981       ,1.0590
22,4,1982       ,2.0544
22,4,1983       ,1.5321
22,4,1984       ,-1.3955
22,4,1985       ,-2.1738
22,4,1986       ,-1.3809
22,4,1987       ,-1.9520
22,4,1988       ,-0.1530
22,4,1989       ,-0.5858
22,4,1990       ,-0.0358
22,4,1991       ,0.4463
22,4,1992       ,0.5977
22,4,1993       ,0.2649
22,4,1994       ,-3.1590
22,4,1995       ,0.1061
22,4,1996       ,-0.7897
22,4,1997       ,-0.4195
22,4,1998       ,1.3134
22,4,1999       ,0.6677
22,4,2000       ,-1.4845
22,4,2001       ,2.0623
22,4,2002       ,0.4155
22,4,2003       ,1.4347
22,4,2004       ,1.3100
# Fleet no.: 5
# First and last year: 2009,2022
# First and last age: 1,4
# Species, Fleet, Year, , ,Age_1 ,Age_2 ,Age_3 ,Age_4
      22,5,2009       ,0.2114,1.4253,0.6399,-0.7358
22,5,2010       ,0.2330,0.4578,0.7120,0.9426
22,5,2011       ,-0.2681,0.2012,-0.5471,-0.2258
22,5,2012       ,0.0404,-1.1835,-0.0069,-0.5325
22,5,2013       ,-0.8534,-0.6405,-1.4665,-0.9471
22,5,2014       ,1.1926,-0.0310,0.3863,-1.4190
22,5,2015       ,-0.1030,-0.2621,0.3655,-2.5870
22,5,2016       ,-2.2363,0.0432,-0.5667,0.3389
22,5,2017       ,0.0661,-1.0624,0.4451,0.4422
22,5,2018       ,-0.3260,-0.1336,-0.6740,-0.6605
22,5,2019       ,0.1945,-0.9346,0.6843,-0.4351
22,5,2020       ,0.8243,0.9709,0.2985,1.5184
22,5,2021       ,1.0641,0.3344,0.7506,-0.9045
22,5,2022       ,-0.0386,0.8081,0.6782,1.4759
######################################################
# Species: 23
# No. of fleets: 3
# Fleet no.: 1
# First and last year: 2004,2022
# First and last age: 0,1
# Species, Fleet, Year, , ,Age_0 ,Age_1
      23,1,2004       ,0.5076,0.8169
23,1,2005       ,-0.2077,1.6476
23,1,2006       ,0.5877,0.2422
23,1,2007       ,-0.0908,0.5608
23,1,2008       ,0.0167,-0.8240
23,1,2009       ,-2.0086,0.1035
23,1,2010       ,1.5232,-2.1714
23,1,2011       ,0.4699,0.5660
23,1,2012       ,-0.1347,0.5814
23,1,2013       ,0.3311,0.0159
23,1,2014       ,-0.8206,0.0240
23,1,2015       ,1.1876,-1.2810
23,1,2016       ,-1.3155,0.1835
23,1,2017       ,0.6609,-1.4544
23,1,2018       ,0.3528,1.1246
23,1,2019       ,-0.5935,0.4966
23,1,2020       ,-0.0026,-0.6038
23,1,2021       ,-0.4429,0.0532
23,1,2022       ,-0.0147,-0.0859
# Fleet no.: 2
# First and last year: 1983,2002
# First and last age: 1,3
# Species, Fleet, Year, , ,Age_1 ,Age_2 ,Age_3
      23,2,1983       ,-1.0871,0.0840,-0.2661
23,2,1984       ,0.0228,-0.6027,0.1033
23,2,1985       ,-0.9426,0.4053,0.9180
23,2,1986       ,-0.4655,0.3583,-0.7492
23,2,1987       ,-0.3859,-0.1572,-0.0526
23,2,1988       ,-1.5429,0.3323,-0.0597
23,2,1989       ,0.6386,0.2286,-0.3677
23,2,1990       ,0.1347,0.1454,0.7312
23,2,1991       ,-0.0372,0.7421,-0.2794
23,2,1992       ,0.2934,-0.4143,-0.5907
23,2,1993       ,-0.4045,-0.0848,0.3172
23,2,1994       ,0.4897,0.3438,-0.0849
23,2,1995       ,0.0982,-0.5682,-0.1321
23,2,1996       ,0.3037,-0.1596,0.2558
23,2,1997       ,-0.0746,-0.4453,-0.0561
23,2,1998       ,0.1341,-0.1383,0.2128
23,2,1999       ,0.9964,0.1422,0.0109
23,2,2000       ,0.4926,-0.2956,0.0642
23,2,2001       ,0.5885,0.1077,0.1365
23,2,2002       ,0.7394,-0.0240,-0.1130
# Fleet no.: 3
# First and last year: 2003,2022
# First and last age: 1,3
# Species, Fleet, Year, , ,Age_1 ,Age_2 ,Age_3
      23,3,2003       ,-0.1683,-0.5981,-0.2992
23,3,2004       ,-0.0364,-0.6728,-0.6554
23,3,2005       ,0.2033,-0.0903,0.3304
23,3,2006       ,0.3754,-0.1037,-0.3108
23,3,2007       ,0.4480,0.4676,0.1411
23,3,2008       ,0.1943,-0.0211,-0.2264
23,3,2009       ,0.2934,0.5264,0.2106
23,3,2010       ,-0.3159,-0.5101,-0.4647
23,3,2011       ,-1.1450,0.0343,-0.1288
23,3,2012       ,-1.1256,-0.3906,-0.1225
23,3,2013       ,0.1950,0.9437,0.7429
23,3,2014       ,0.3456,0.1700,-0.0762
23,3,2015       ,0.3050,-0.1077,-0.0027
23,3,2016       ,-0.8362,0.0694,0.1256
23,3,2017       ,0.2923,0.4338,0.1359
23,3,2018       ,-0.2014,0.4938,0.4777
23,3,2019       ,0.3039,0.1068,-0.0904
23,3,2020       ,0.3126,-0.1943,0.3777
23,3,2021       ,0.5235,-0.0062,0.0213
23,3,2022       ,0.0434,-0.5522,-0.1829
######################################################
# Species: 24
# No. of fleets: 4
# Fleet no.: 1
# First and last year: 1992,2022
# First and last age: 0,1
# Species, Fleet, Year, , ,Age_0 ,Age_1
      24,1,1992       ,-0.1592,0.0532
24,1,1993       ,0.2151,0.4706
24,1,1994       ,0.0555,-0.5559
24,1,1995       ,0.5531,0.2211
24,1,1996       ,0.1034,-0.5958
24,1,1997       ,-1.2486,0.0873
24,1,1998       ,-0.7784,-1.1753
24,1,1999       ,0.5939,-0.6831
24,1,2000       ,0.4682,0.7353
24,1,2001       ,0.3484,0.2046
24,1,2002       ,1.6330,-0.0494
24,1,2003       ,-0.1606,-0.3019
24,1,2004       ,-0.5748,0.5481
24,1,2005       ,0.7847,-0.0762
24,1,2006       ,0.5452,0.4219
24,1,2007       ,-0.0506,0.2201
24,1,2008       ,-1.7082,-0.1123
24,1,2009       ,0.0777,0.1323
24,1,2010       ,-1.6566,0.1247
24,1,2011       ,-0.9694,0.1381
24,1,2012       ,0.4260,-0.3164
24,1,2013       ,-0.5222,0.1757
24,1,2014       ,0.9011,-0.3778
24,1,2015       ,-0.0984,0.2117
24,1,2016       ,1.1493,0.2991
24,1,2017       ,0.2334,0.9466
24,1,2018       ,0.2290,-0.3800
24,1,2019       ,-0.1529,-0.9436
24,1,2020       ,0.2767,0.2755
24,1,2021       ,-1.0682,0.4051
24,1,2022       ,0.5577,-0.1031
# Fleet no.: 2
# First and last year: 1984,2023
# First and last age: 1,3
# Species, Fleet, Year, , ,Age_1 ,Age_2 ,Age_3
      24,2,1984       ,-0.1803,-0.7048,-0.5242
24,2,1985       ,-0.2098,0.1973,0.0408
24,2,1986       ,0.1287,-0.1108,-0.5395
24,2,1987       ,-0.1845,0.0589,0.5652
24,2,1988       ,-2.0518,-0.2106,-0.2467
24,2,1989       ,-0.6002,-0.2241,0.2103
24,2,1990       ,-0.9334,-0.4546,0.5183
24,2,1991       ,-0.6646,-0.2608,0.3025
24,2,1992       ,-0.3901,-0.3555,-0.9308
24,2,1993       ,-0.2450,0.0908,0.6441
24,2,1994       ,-0.5762,-0.7050,-0.5579
24,2,1995       ,-0.3381,-0.0090,0.0275
24,2,1996       ,-1.1865,-0.1186,0.5239
24,2,1997       ,0.3100,0.3881,0.2445
24,2,1998       ,-0.3747,0.7180,0.2582
24,2,1999       ,0.1921,0.0581,0.1663
24,2,2000       ,0.3323,0.4299,-0.0171
24,2,2001       ,-0.0349,0.3019,0.4162
24,2,2002       ,0.1515,0.3440,0.4424
24,2,2003       ,0.3097,0.1352,0.0744
24,2,2004       ,0.8968,0.1730,-0.4525
24,2,2005       ,0.3704,-0.1427,-0.3331
24,2,2006       ,0.8007,-0.7753,-0.8850
24,2,2007       ,0.2304,0.3605,-0.0443
24,2,2008       ,0.3789,-0.1212,-0.3132
24,2,2009       ,0.4912,0.7709,-0.0693
24,2,2010       ,0.1137,-0.0567,-0.3244
24,2,2011       ,0.0394,0.3698,0.7092
24,2,2012       ,0.2858,0.2261,-0.0248
24,2,2013       ,0.5663,0.3159,0.0961
24,2,2014       ,0.0020,0.0512,-0.0131
24,2,2015       ,0.5024,0.6549,0.0073
24,2,2016       ,0.4569,-0.5111,-0.1630
24,2,2017       ,0.6742,-0.0999,0.2630
24,2,2018       ,0.1382,-0.0843,0.3547
24,2,2019       ,-0.0140,-0.1751,-0.9017
24,2,2020       ,0.2255,-0.1786,0.6538
24,2,2021       ,0.5101,0.0162,0.2839
24,2,2022       ,0.2825,0.1306,0.1825
24,2,2023       ,-0.4067,-0.4916,-0.6478
# Fleet no.: 3
# First and last year: 1991,2022
# First and last age: 2,3
# Species, Fleet, Year, , ,Age_2 ,Age_3
      24,3,1991       ,0.5742,-1.0606
24,3,1992       ,0.5075,2.2460
24,3,1993       ,0.3249,1.3584
24,3,1994       ,-0.7640,-0.2917
24,3,1995       ,1.0557,2.0334
24,3,1996       ,-1.0123,0.3434
24,3,1997       ,-0.2131,-0.4306
24,3,1998       ,-0.3845,-0.7452
24,3,1999       ,0.0451,-0.1094
24,3,2000       ,0.3799,-0.4300
24,3,2001       ,-0.0080,0.1382
24,3,2002       ,-1.0205,-0.7243
24,3,2003       ,-0.0671,-1.0154
24,3,2004       ,0.4235,-0.1272
24,3,2005       ,0.3259,0.0571
24,3,2006       ,0.6406,-0.0320
24,3,2007       ,0.4156,1.3480
24,3,2008       ,0.0601,0.4581
24,3,2009       ,-0.0009,-1.0318
24,3,2010       ,0.2556,-0.3071
24,3,2011       ,0.3736,0.1690
24,3,2012       ,0.4734,-0.2004
24,3,2013       ,0.1725,-0.2880
24,3,2014       ,-0.4159,0.0119
24,3,2015       ,0.3792,0.2988
24,3,2016       ,-0.7504,0.1902
24,3,2017       ,-0.3250,-0.4221
24,3,2018       ,-0.6871,-1.3604
24,3,2019       ,-0.1108,-0.5961
24,3,2020       ,0.1455,-0.0452
24,3,2021       ,-0.6890,0.4758
24,3,2022       ,-0.1051,0.0894
# Fleet no.: 4
# First and last year: 1998,2022
# First and last age: 0,1
# Species, Fleet, Year, , ,Age_0 ,Age_1
      24,4,1998       ,-1.1306,-0.3094
24,4,1999       ,-1.5092,-0.3111
24,4,2000       ,-0.5995,0.3101
24,4,2001       ,-1.7234,-0.5203
24,4,2002       ,-0.0128,-0.0477
24,4,2003       ,0.5505,-0.0386
24,4,2004       ,-0.5963,0.7579
24,4,2005       ,-0.3033,-0.3099
24,4,2006       ,-0.9185,-0.0640
24,4,2007       ,0.0948,0.0310
24,4,2008       ,-0.9912,-0.2171
24,4,2009       ,-0.7300,-0.6064
24,4,2010       ,-0.0010,0.2600
24,4,2011       ,-0.0806,-0.8059
24,4,2012       ,0.3742,0.3890
24,4,2013       ,-0.2515,0.2383
24,4,2014       ,0.8093,-0.3174
24,4,2015       ,0.8894,0.5851
24,4,2016       ,0.8837,0.2453
24,4,2017       ,1.0102,-0.0755
24,4,2018       ,0.6390,-0.2856
24,4,2019       ,0.2858,0.1003
24,4,2020       ,1.7404,-0.2170
24,4,2021       ,1.4157,0.3602
24,4,2022       ,0.1598,0.8484
######################################################
# Species: 25
# No. of fleets: 3
# Fleet no.: 1
# First and last year: 2006,2022
# First and last age: 1,3
# Species, Fleet, Year, , ,Age_1 ,Age_2 ,Age_3
      25,1,2006       ,0.1494,0.1152,0.2662
25,1,2007       ,0.6437,0.2047,0.2966
25,1,2008       ,0.0519,0.0221,-0.1101
25,1,2009       ,-0.0614,0.9604,0.5226
25,1,2010       ,-0.6958,-0.5521,-0.7730
25,1,2011       ,-0.2959,-0.1437,-0.6427
25,1,2012       ,-0.0360,0.0258,0.1226
25,1,2013       ,-0.7444,-0.1761,-0.2573
25,1,2014       ,-0.2093,0.9863,0.7643
25,1,2015       ,-0.9442,-0.5812,0.8970
25,1,2016       ,0.4635,0.4677,0.4073
25,1,2017       ,-0.0674,-0.6964,0.2719
25,1,2018       ,0.5558,-0.3911,-0.6308
25,1,2019       ,0.4209,0.1648,0.5428
25,1,2020       ,-0.1600,-0.3329,-1.0860
25,1,2021       ,0.5763,-0.6444,-0.7947
25,1,2022       ,0.3522,0.5727,0.2000
# Fleet no.: 2
# First and last year: 1983,2023
# First and last age: 1,3
# Species, Fleet, Year, , ,Age_1 ,Age_2 ,Age_3
      25,2,1983       ,-1.4266,-0.2491,1.0046
25,2,1984       ,-0.8616,0.5564,0.8962
25,2,1985       ,-0.3110,-0.8295,0.4444
25,2,1986       ,-1.1028,-0.3098,-0.5332
25,2,1987       ,-1.1326,-0.3154,0.1564
25,2,1988       ,-1.2009,-0.0252,0.8884
25,2,1989       ,-0.2252,-0.5094,0.5868
25,2,1990       ,-1.2477,-0.7915,-0.2546
25,2,1991       ,-0.0682,-0.6584,0.2189
25,2,1992       ,-0.1768,-0.7811,-0.2696
25,2,1993       ,-0.1697,0.0010,-0.2699
25,2,1994       ,-1.2640,0.1470,0.4578
25,2,1995       ,-0.2216,-0.0418,0.4255
25,2,1996       ,0.0355,-0.0218,0.1893
25,2,1997       ,-0.4729,-0.0270,0.3048
25,2,1998       ,0.0368,0.5017,0.8226
25,2,1999       ,0.8903,0.2260,0.3051
25,2,2000       ,0.1490,-0.0571,0.6352
25,2,2001       ,0.3775,0.5291,0.6499
25,2,2002       ,-0.1882,0.4933,0.2410
25,2,2003       ,0.5972,-0.0213,0.2839
25,2,2004       ,0.8271,0.0184,0.4407
25,2,2005       ,0.7625,-0.1053,-0.6826
25,2,2006       ,-0.0163,-0.3682,-0.5277
25,2,2007       ,0.2647,0.7744,0.1758
25,2,2008       ,0.4169,0.1107,-0.4123
25,2,2009       ,0.3046,-0.5947,-1.2618
25,2,2010       ,0.3123,0.1473,-0.4549
25,2,2011       ,-0.7038,-0.4700,-0.8513
25,2,2012       ,0.8264,0.9556,-0.3163
25,2,2013       ,-0.0539,0.4666,0.0035
25,2,2014       ,-0.0862,-0.3560,-0.8629
25,2,2015       ,0.6229,-0.0982,-0.0253
25,2,2016       ,-0.0618,0.4208,0.2634
25,2,2017       ,1.4420,0.9229,0.4088
25,2,2018       ,1.0255,0.1156,-0.1630
25,2,2019       ,0.5091,0.1669,0.0216
25,2,2020       ,0.9930,-0.0800,-0.1606
25,2,2021       ,0.7362,0.4344,-0.3147
25,2,2022       ,-0.3211,0.0065,-0.9655
25,2,2023       ,0.1838,-0.2793,-1.5008
# Fleet no.: 3
# First and last year: 1992,2022
# First and last age: 1,3
# Species, Fleet, Year, , ,Age_1 ,Age_2 ,Age_3
      25,3,1992       ,-0.1425,0.1860,0.0546
25,3,1993       ,-0.9398,-0.0300,0.1865
25,3,1994       ,-0.6902,-0.6852,-0.5105
25,3,1995       ,0.4202,0.1206,0.6254
25,3,1996       ,-0.7414,-0.4018,-0.2682
25,3,1997       ,0.3544,0.0485,-0.2934
25,3,1998       ,-1.1623,-0.6146,-0.0516
25,3,1999       ,-0.2510,0.0597,-0.2027
25,3,2000       ,-0.4613,-0.1308,0.0705
25,3,2001       ,-0.1889,-0.0228,-0.0733
25,3,2002       ,-0.0967,-0.2720,-0.0463
25,3,2003       ,0.0488,-0.4140,-0.2301
25,3,2004       ,0.0921,0.0257,0.2478
25,3,2005       ,0.4904,-0.0488,0.1069
25,3,2006       ,0.0096,-0.0398,0.0871
25,3,2007       ,-0.1009,-0.0039,-0.2616
25,3,2008       ,-0.0867,-0.2189,-0.0543
25,3,2009       ,0.2416,0.2567,0.2335
25,3,2010       ,0.5052,0.1276,0.0805
25,3,2011       ,-0.0931,0.4478,0.1821
25,3,2012       ,-0.0015,0.2717,-0.0666
25,3,2013       ,-0.1088,0.2279,0.0555
25,3,2014       ,0.4064,0.2030,-0.3927
25,3,2015       ,0.5120,0.3546,0.0754
25,3,2016       ,0.5103,-0.2875,-0.3324
25,3,2017       ,0.2683,0.1796,0.0360
25,3,2018       ,-0.5557,-0.4527,-0.0866
25,3,2019       ,0.1941,0.0313,0.0810
25,3,2020       ,0.8723,0.7800,0.5416
25,3,2021       ,0.5009,0.2939,0.0895
25,3,2022       ,0.1941,0.0104,0.1215
######################################################
# Species: 26
# No. of fleets: 6
# Fleet no.: 1
# First and last year: 1985,1995
# First and last age: 1,9
# Species, Fleet, Year, , ,Age_1 ,Age_2 ,Age_3 ,Age_4 ,Age_5 ,Age_6 ,Age_7 ,Age_8 ,Age_9
      26,1,1985       ,-1.0271,0.0142,-0.2460,0.4632,-0.2289,-0.0117,-0.1984,-0.3951,-0.6518
26,1,1986       ,-0.3032,-0.4814,0.1823,0.7090,0.1274,-0.7041,-0.2476,-0.4471,-0.6197
26,1,1987       ,-0.6258,0.4321,-0.3966,0.2101,-0.1269,-0.9788,-0.5217,-0.7775,-0.4807
26,1,1988       ,0.4754,-0.4416,0.4600,0.7608,0.4509,-0.2032,-0.6013,-1.8458,-0.3426
26,1,1989       ,0.4070,0.3086,-0.3408,1.4619,0.9931,-0.0461,-0.5232,0.3689,0.0493
26,1,1990       ,-0.4165,-0.1888,0.3192,1.5910,0.0500,-0.3304,-0.9267,0.2523,-0.0887
26,1,1991       ,0.0976,0.0061,-0.2129,0.9029,0.5640,0.8498,-0.8372,-0.2645,-0.5957
26,1,1992       ,0.4727,0.1771,-0.2172,0.4398,0.4456,0.9699,-0.0251,0.1498,-1.0611
26,1,1993       ,0.2757,0.8159,0.6248,0.9104,-0.3971,0.0590,0.0682,-0.3470,-0.0442
26,1,1994       ,0.3792,-0.0357,0.1746,1.2301,0.6005,-0.2222,0.3980,1.1077,0.0396
26,1,1995       ,0.2613,-0.6072,-0.3468,1.0247,-0.2178,0.1958,-0.1451,1.2737,0.2143
# Fleet no.: 2
# First and last year: 1996,2022
# First and last age: 1,10
# Species, Fleet, Year, , ,Age_1 ,Age_2 ,Age_3 ,Age_4 ,Age_5 ,Age_6 ,Age_7 ,Age_8 ,Age_9 ,Age_10
      26,2,1996       ,-0.6301,-0.3133,-0.4779,-0.7589,-0.3288,-0.1635,-0.3900,-0.3561,-0.7149,-0.7501
26,2,1997       ,-0.4146,0.2653,-0.3911,-0.4631,0.0272,-0.0246,-0.1105,0.2416,-0.2242,-0.7837
26,2,1998       ,-0.0568,-0.1062,-0.0777,-0.3784,-0.1030,0.2529,0.0609,0.2114,0.1458,-0.4779
26,2,1999       ,-0.2799,-0.2355,-0.0863,-0.3011,-0.2445,0.1516,0.0692,0.1163,0.2503,-0.5569
26,2,2000       ,-0.2314,-0.5402,-0.2264,-0.4774,-0.5404,-0.4613,0.0789,0.4330,-0.3573,-0.4006
26,2,2001       ,-0.0819,-0.3921,-0.4451,-0.4422,-0.4256,-0.1884,-0.2884,0.5767,0.8218,0.6132
26,2,2002       ,0.5629,0.1808,-0.3252,-0.3320,-0.2001,-0.6678,-0.1987,0.2990,0.7079,0.6231
26,2,2003       ,0.1440,-0.2496,-0.0516,-0.5723,-0.4387,-0.1849,-0.4241,-0.0451,0.4709,1.0886
26,2,2004       ,-0.2425,-0.1258,-0.2513,-0.3117,-0.5509,-0.1937,0.0417,-0.1514,0.1229,1.0660
26,2,2005       ,-0.0062,-0.1372,-0.3410,-0.5680,-0.5410,-0.2034,0.0281,-0.1812,0.1239,1.0861
26,2,2006       ,-0.1319,-0.2329,-0.3172,-0.4690,-0.6613,-0.0905,0.0714,-0.0985,-0.0402,0.5491
26,2,2007       ,0.1593,0.0471,0.1012,-0.1188,-0.0290,-0.1957,0.1482,0.4358,0.0098,1.0517
26,2,2008       ,0.3481,0.3081,0.2040,0.2070,0.0191,0.1748,-0.2038,0.3236,0.4030,0.8554
26,2,2009       ,-0.0207,-0.2082,0.1598,-0.0908,0.0974,-0.1264,0.1973,0.0134,0.2443,0.8765
26,2,2010       ,0.0457,-0.2119,-0.0836,-0.0571,-0.1670,-0.0179,0.1009,0.3997,-0.1348,1.0619
26,2,2011       ,0.3136,0.0627,0.2033,-0.0359,-0.0427,-0.1035,0.0320,0.2443,0.0857,0.6711
26,2,2012       ,-0.4353,0.2247,0.4958,0.3261,0.1984,0.1182,0.1593,0.4108,0.4705,0.7386
26,2,2013       ,-0.2591,0.0199,0.3772,0.2894,0.2196,0.1031,0.0473,0.0669,0.1543,0.6598
26,2,2014       ,0.2460,0.1564,0.1838,0.1235,0.0020,-0.0799,-0.1640,-0.2753,0.0876,0.4858
26,2,2015       ,-0.3184,0.0776,0.3057,0.2121,0.2424,0.1388,0.0259,-0.0659,0.0071,0.7061
26,2,2016       ,-0.0593,0.1491,0.2753,0.2085,0.1028,0.0406,0.0788,0.1052,0.1268,0.5082
26,2,2017       ,0.2393,0.2958,0.1427,0.0001,0.0037,-0.0373,-0.2428,-0.1124,-0.1894,0.1893
26,2,2018       ,0.0201,0.2026,0.2383,0.0982,-0.0074,-0.0734,-0.0042,-0.2946,-0.0194,0.2606
26,2,2019       ,0.5301,0.3898,0.0571,-0.2149,-0.0683,-0.3760,-0.2665,-0.1143,-0.4969,-0.1765
26,2,2020       ,0.2881,0.1201,0.3434,-0.0995,-0.1548,-0.0402,-0.3572,-0.1591,-0.3081,-0.2900
26,2,2021       ,0.4043,0.2235,0.1072,0.3041,-0.0657,-0.0756,-0.0025,-0.2354,-0.3084,-0.1807
26,2,2022       ,-0.1304,0.0319,-0.1216,-0.4981,-0.1148,-0.2772,-0.0177,0.0192,-0.3778,-0.0728
# Fleet no.: 3
# First and last year: 2007,2022
# First and last age: 1,8
# Species, Fleet, Year, , ,Age_1 ,Age_2 ,Age_3 ,Age_4 ,Age_5 ,Age_6 ,Age_7 ,Age_8
      26,3,2007       ,0.0860,0.0263,0.0493,0.1474,0.2915,-0.8104,0.3811,0.3103
26,3,2008       ,0.2638,0.3567,0.3159,0.0062,-0.2289,-0.1930,-0.7214,0.5449
26,3,2009       ,0.5984,0.1701,0.3813,0.0553,-0.0767,-0.7819,-0.1346,-0.3890
26,3,2010       ,-0.6177,-0.2319,-0.0471,0.0826,0.2042,-0.2178,-0.4424,0.6595
26,3,2011       ,-0.6655,-0.2826,-0.1277,0.1609,0.1586,0.0947,0.0580,0.2161
26,3,2012       ,-0.0214,0.3799,0.5993,0.3377,0.3177,0.2640,0.3104,1.1755
26,3,2013       ,-0.3260,-0.3355,-0.0451,0.0134,-0.1155,-0.1986,-0.4973,0.2128
26,3,2014       ,0.1496,-0.0400,0.0292,0.1560,0.0874,-0.1908,-0.2554,0.0851
26,3,2015       ,-0.6522,-0.0562,0.0142,0.2119,0.0793,0.0059,-0.1103,0.3099
26,3,2016       ,0.0295,-0.1889,-0.2041,-0.0259,0.0776,-0.2963,-0.2133,0.6956
26,3,2017       ,0.1759,0.3381,-0.1488,0.0963,0.1337,0.2455,-0.1632,0.6922
26,3,2018       ,-0.4475,-0.1769,0.0756,-0.4140,-0.3620,-0.3131,-0.1245,0.6831
26,3,2019       ,0.4604,-0.1586,-0.2534,-0.2675,-0.3165,-0.6594,-0.2649,0.7956
26,3,2020       ,0.2035,-0.2457,-0.2993,-0.5545,-0.5266,-0.2097,-0.5251,0.3684
26,3,2021       ,-0.0629,0.1011,-0.1964,0.0249,-0.4877,-0.2962,-0.2846,0.4676
26,3,2022       ,0.8234,0.3510,-0.1417,-0.0301,-0.0767,-0.4390,-0.0857,1.0818
# Fleet no.: 4
# First and last year: 1974,1999
# First and last age: 1,7
# Species, Fleet, Year, , ,Age_1 ,Age_2 ,Age_3 ,Age_4 ,Age_5 ,Age_6 ,Age_7
      26,4,1974       ,-0.7395,0.0813,0.4602,0.2331,1.4710,-0.5896,0.1274
26,4,1975       ,-0.5959,-0.2773,1.3145,-0.4399,0.2309,-2.0704,-1.7311
26,4,1976       ,-0.7074,-1.1064,-0.7640,-0.4579,-0.4813,-1.0600,-1.5424
26,4,1977       ,-0.2951,-0.5511,0.3181,0.7702,1.7698,-1.4391,0.5250
26,4,1978       ,-0.3805,0.3848,-1.1051,-0.3244,0.5199,-0.4151,-0.9269
26,4,1979       ,0.0306,0.3943,0.1183,0.1298,0.0099,1.0948,-0.5517
26,4,1980       ,0.7281,0.6240,-0.7901,-0.0575,0.6346,-0.1225,-1.8039
26,4,1981       ,0.0014,0.6812,-0.3195,-1.3782,0.5978,-0.3755,-1.3568
26,4,1982       ,0.2773,0.0706,-0.1993,-0.5679,-0.5238,-0.0570,0.0182
26,4,1983       ,-0.0610,-0.2204,-1.6542,-1.0731,-0.8368,-1.6880,-1.3725
26,4,1984       ,0.2873,-0.1197,-0.1236,-1.4266,-1.1239,-1.7110,0.7161
26,4,1985       ,-0.4415,0.2196,-0.1816,-0.1488,0.0750,-1.8668,-1.1333
26,4,1986       ,-0.1000,-0.6007,-0.4109,-0.5417,-0.0891,-0.1887,0.4650
26,4,1987       ,-0.3689,0.0252,-0.5329,-0.0841,0.3755,0.0479,-1.1690
26,4,1988       ,-0.2786,-0.0277,1.0117,1.6596,1.6071,0.2079,0.1108
26,4,1989       ,-0.0387,0.1580,0.6606,2.4694,2.6051,2.5814,0.8825
26,4,1990       ,-0.2503,-0.4228,0.2768,1.0165,2.1080,1.5465,-1.2863
26,4,1991       ,0.6379,0.0903,-0.1397,1.2697,1.6665,1.1381,0.0979
26,4,1992       ,0.5980,0.3784,0.4065,1.0655,2.0069,1.5785,1.0659
26,4,1993       ,0.2976,0.1754,-0.3281,-0.6250,1.2888,1.7230,-0.7656
26,4,1994       ,0.2375,-0.0408,-0.3398,-0.8061,0.4671,-1.0061,-1.4044
26,4,1995       ,0.0567,-0.5476,-0.7125,-0.4265,1.0275,-1.6142,0.0619
26,4,1996       ,0.0098,0.3466,0.5215,-0.7256,1.4089,-1.5243,-0.9206
26,4,1997       ,0.4033,-0.4222,-0.6983,-0.9042,-0.1130,1.0375,0.8623
26,4,1998       ,0.3084,0.4180,1.6454,-0.8406,0.5280,-0.7806,-0.5531
26,4,1999       ,0.3827,0.2881,1.5647,2.2189,0.6481,-0.6801,-0.0762
# Fleet no.: 5
# First and last year: 2000,2022
# First and last age: 1,7
# Species, Fleet, Year, , ,Age_1 ,Age_2 ,Age_3 ,Age_4 ,Age_5 ,Age_6 ,Age_7
      26,5,2000       ,0.6899,0.4700,0.8745,1.8609,-0.2609,-1.5733,-0.4290
26,5,2001       ,0.5067,0.5209,0.0307,1.0177,2.2685,2.3100,-0.9453
26,5,2002       ,0.4509,0.0486,-0.3946,0.0674,0.8544,-0.0875,-1.0098
26,5,2003  ,-99.9,-99.9,-99.9,-99.9,-99.9,-99.9,-99.9
26,5,2004       ,0.2796,0.2372,0.3197,0.0566,-0.3131,0.6306,-0.4540
26,5,2005       ,0.0624,-0.2327,-0.6940,0.8362,-1.2120,-0.0964,-1.5707
26,5,2006       ,0.1615,-0.0135,-0.4704,-0.1055,-0.5004,-2.0369,0.2663
26,5,2007       ,-0.1286,0.2040,-1.1112,-0.8630,-1.3967,-1.9524,-1.5777
26,5,2008       ,0.0440,-0.0290,-0.0435,0.7016,-0.7415,-1.0716,-1.6279
26,5,2009       ,0.1060,-0.1790,-0.4585,-0.9867,-0.9562,-3.0872,0.2506
26,5,2010       ,-0.3494,-0.2462,-0.2548,-1.1011,-1.7965,-2.7767,-2.6792
26,5,2011       ,-0.0653,-0.9254,-0.7355,-0.6378,-0.4693,-0.2709,-2.3632
26,5,2012       ,-1.0174,-0.1291,-0.1509,-0.4777,-0.9957,-1.3453,-2.4838
26,5,2013       ,-0.1311,0.0711,0.5609,0.9409,0.1391,-0.4690,-0.6437
26,5,2014       ,-0.0498,-0.2906,-0.4295,0.8427,-0.5265,-1.0666,-2.8048
26,5,2015       ,0.5042,0.4863,0.8128,1.0720,0.5640,0.4946,1.3213
26,5,2016       ,-0.0481,0.3646,0.2625,1.1352,0.8908,0.6746,-0.4027
26,5,2017       ,0.0448,-0.0818,0.9574,1.1341,0.4092,0.2548,-0.7792
26,5,2018       ,-0.0563,0.7093,0.6633,1.7177,1.6031,0.4276,-0.7644
26,5,2019       ,0.2385,0.0837,0.7476,1.1407,1.2494,0.0268,-2.9461
26,5,2020       ,-0.1792,0.0120,-0.5607,1.3568,0.6000,-1.9496,1.9075
26,5,2021       ,-0.6291,-0.6280,-0.0009,0.8208,0.8730,1.2364,-0.7130
26,5,2022       ,-0.4335,-0.4568,0.0666,0.8237,-1.7131,0.6375,0.9548
# Fleet no.: 6
# First and last year: 1990,2022
# First and last age: 0,0
# Species, Fleet, Year, , ,Age_0
      26,6,1990       ,0.8854
26,6,1991       ,0.7637
26,6,1992       ,0.6042
26,6,1993       ,0.8703
26,6,1994       ,0.7040
26,6,1995       ,0.0605
26,6,1996       ,0.4645
26,6,1997       ,0.4317
26,6,1998  ,-99.9
26,6,1999  ,-99.9
26,6,2000       ,0.2965
26,6,2001       ,0.1786
26,6,2002       ,0.3620
26,6,2003       ,0.2804
26,6,2004       ,0.0181
26,6,2005       ,-0.4552
26,6,2006       ,-0.2377
26,6,2007       ,-0.6282
26,6,2008       ,-0.3023
26,6,2009       ,-0.4459
26,6,2010       ,-0.3618
26,6,2011       ,-0.8354
26,6,2012       ,-0.2381
26,6,2013       ,-0.3485
26,6,2014       ,-0.2077
26,6,2015       ,-0.3636
26,6,2016       ,-0.9407
26,6,2017       ,-0.0364
26,6,2018       ,-0.2846
26,6,2019       ,0.1168
26,6,2020       ,-0.4462
26,6,2021       ,0.0562
26,6,2022       ,0.0422
######################################################
# Species: 27
# No. of fleets: 2
# Fleet no.: 1
# First and last year: 1985,2022
# First and last age: 1,10
# Species, Fleet, Year, , ,Age_1 ,Age_2 ,Age_3 ,Age_4 ,Age_5 ,Age_6 ,Age_7 ,Age_8 ,Age_9 ,Age_10
      27,1,1985       ,-0.6888,-0.5832,-0.4438,-0.0781,-0.2011,-0.3202,-0.7412,-1.8491,-0.1900,0.2533
27,1,1986       ,-0.1582,-0.0119,0.0892,-0.0549,0.3304,-0.1165,-0.1296,-0.5154,1.0729,0.6342
27,1,1987       ,-0.8240,-0.0158,-0.1700,-0.0781,-0.0716,0.0577,0.9738,0.1622,2.7466,0.5082
27,1,1988       ,-0.1759,0.2360,0.1666,0.2830,0.3023,0.2182,0.5941,0.5753,0.2733,1.0175
27,1,1989       ,-0.0372,0.0739,0.4563,0.5116,-0.1433,0.1579,0.0247,-0.4658,-1.3757,0.8397
27,1,1990       ,-0.5353,0.5476,0.3735,0.5933,0.0622,0.5654,0.3045,-0.0275,0.0738,0.0966
27,1,1991       ,-0.3004,0.1019,0.6163,0.1407,0.0045,-0.6197,-0.2040,0.6398,0.2801,0.7482
27,1,1992       ,0.1654,0.4480,0.3261,0.1992,-0.1945,-1.3960,-0.4334,-0.7755,-0.5079,-0.6402
27,1,1993       ,0.5424,0.1880,-0.3851,0.4725,0.9202,0.5602,0.0798,0.3430,0.2686,1.2729
27,1,1994       ,0.6491,0.5766,0.6276,-1.3574,-0.1421,-0.6336,0.0904,0.9168,-0.6565,1.5210
27,1,1995       ,0.8420,0.8053,0.9276,0.2860,0.3029,0.2529,0.2903,-0.0443,0.7940,0.6763
27,1,1996       ,-0.0870,0.4469,0.1122,0.5351,0.2164,0.3947,0.1175,-0.4292,-0.1113,0.6718
27,1,1997       ,0.8203,0.0043,0.1752,0.2085,0.7795,-0.4712,-0.1495,-1.0098,0.1210,-0.7365
27,1,1998       ,-0.3644,0.2055,-0.7706,0.0808,0.0025,0.3217,-0.0831,-0.8095,-0.3084,0.2943
27,1,1999       ,-0.3244,-0.1487,0.1303,-1.0246,0.2088,-0.1989,-0.2117,0.2809,0.5256,0.6060
27,1,2000       ,-0.2972,-0.5624,-0.1837,-0.6312,-0.1377,-0.7549,0.0046,-1.4182,0.0454,0.1980
27,1,2001       ,-0.0987,-0.3633,-0.4087,0.3666,-0.2958,-0.1310,-1.9757,0.4007,0.6782,0.6448
27,1,2002       ,-0.5976,-0.6453,-0.5611,-0.3470,-0.5181,-0.3877,0.0269,0.1108,0.6366,0.4848
27,1,2003       ,0.1089,-0.8505,-0.3561,-0.4995,-0.6163,-0.3410,-0.3197,-0.6023,-0.2213,0.1197
27,1,2004       ,-0.4162,-0.4490,-0.5893,-0.2578,-0.2856,-0.4851,-0.5395,-0.9850,-1.3129,0.8878
27,1,2005       ,0.1549,0.0366,-0.3176,-0.5652,-0.2819,-0.4022,0.0810,-0.6965,-0.8915,0.9838
27,1,2006       ,-0.2048,-0.2548,-0.6977,0.0723,-0.5751,-0.2842,0.0571,-0.2863,-0.0837,-0.5486
27,1,2007       ,-0.0674,-0.1637,-0.3291,-0.3416,-0.0696,-0.1869,-0.0130,-0.0624,0.2899,0.1037
27,1,2008       ,0.2111,-0.0874,-0.1872,0.1346,-0.2821,-0.1228,0.0520,-0.2695,0.4643,0.2164
27,1,2009       ,0.2412,-0.1220,-0.1245,0.0371,-0.0535,-0.4361,0.2956,-0.0283,0.3221,0.6386
27,1,2010       ,-0.4070,-0.1859,-0.3090,-0.1822,-0.4894,0.3893,-0.2494,-0.2652,-0.3086,0.6908
27,1,2011       ,-0.7439,-0.1999,-0.1008,-0.1348,0.3065,-0.0392,-0.0061,-0.0332,0.4364,0.2229
27,1,2012       ,-0.1968,-0.0470,-0.0215,0.0476,0.2507,0.3016,-0.6493,0.2666,-0.1013,0.2135
27,1,2013       ,-0.5194,-0.1475,0.0817,-0.1653,0.0595,-0.5110,0.1440,-0.4060,-0.1266,0.4725
27,1,2014       ,-0.1813,0.2206,-0.0036,0.0796,0.1993,0.1034,-0.1658,0.4656,-0.3328,-0.5415
27,1,2015       ,0.1465,-0.0620,0.4595,0.4948,0.4345,0.2262,0.7751,0.2006,0.5423,0.2742
27,1,2016       ,-0.1801,0.1109,0.1094,0.6295,0.6395,0.4760,0.0899,-0.0752,-1.3555,0.5491
27,1,2017       ,0.8185,0.1589,0.4288,0.2146,0.4568,0.5198,0.0696,0.1373,-1.6457,0.1416
27,1,2018       ,0.4809,0.1516,0.1500,0.5736,-0.1593,0.4905,0.5517,0.1884,-1.2107,-0.9152
27,1,2019       ,0.9353,0.2405,0.3854,0.4557,0.5138,-0.2724,0.5834,0.5332,-0.1064,-0.5547
27,1,2020       ,0.6478,0.3615,0.5322,0.4518,0.3266,0.5979,-0.0258,0.1774,0.6870,0.0816
27,1,2021       ,0.3293,0.1220,-0.1593,0.1607,0.0582,-0.0391,-0.0222,-1.4006,-0.4574,0.2980
27,1,2022       ,0.3137,-0.1368,-0.0290,-0.4963,-0.1005,-0.1955,-0.6312,-0.6076,-1.4276,-0.6697
# Fleet no.: 2
# First and last year: 1974,2022
# First and last age: 1,6
# Species, Fleet, Year, , ,Age_1 ,Age_2 ,Age_3 ,Age_4 ,Age_5 ,Age_6
      27,2,1974       ,0.2772,-0.5832,-0.1943,-1.0287,-2.3101,-0.6948
27,2,1975       ,-0.4438,0.3984,0.3733,-0.8183,-1.1054,-0.0975
27,2,1976       ,-0.2808,-1.2979,0.7171,-0.8495,-1.3262,-1.0555
27,2,1977       ,0.4781,0.2304,0.6569,-0.3317,-0.1057,-1.1919
27,2,1978       ,0.5983,0.5869,0.9334,0.0221,1.1155,-0.4217
27,2,1979       ,-0.9807,0.3888,0.7641,0.3030,-1.4659,-0.0848
27,2,1980       ,0.5525,0.0893,0.7532,-0.1177,-2.1978,-1.3852
27,2,1981       ,0.3613,0.5594,1.1940,-0.2379,-2.3929,-2.1183
27,2,1982       ,0.8808,0.3184,0.4600,-0.0621,-0.2468,-2.2783
27,2,1983       ,0.0603,0.3603,-0.2213,-0.5247,-0.0768,1.0520
27,2,1984       ,0.6603,0.3426,0.8626,0.0975,-1.4051,0.0754
27,2,1985       ,0.8493,0.5530,0.2055,-0.1956,-1.9919,-2.1314
27,2,1986       ,0.4008,-0.0643,-0.0036,-0.6366,-0.5250,-2.1046
27,2,1987       ,0.5303,0.1587,-0.3129,-0.4142,-2.1815,-2.0162
27,2,1988       ,0.2970,0.4706,0.6462,0.6429,-0.4875,-0.0394
27,2,1989       ,0.4130,0.5937,1.0514,-0.3603,-0.2449,0.6600
27,2,1990       ,-0.2631,0.5968,0.4570,0.9352,0.1960,-0.0566
27,2,1991       ,-0.0995,0.7461,1.4154,0.6885,0.2840,0.5022
27,2,1992       ,0.5240,-1.1319,0.3973,1.0705,0.5738,0.6244
27,2,1993       ,-0.0601,0.4849,0.5530,0.5202,-2.3135,0.8486
27,2,1994       ,-0.3973,0.1379,0.8368,-1.4699,-0.0188,-2.1010
27,2,1995       ,-0.1643,-0.3256,0.5234,0.6946,-1.1029,0.0419
27,2,1996       ,-1.5273,-0.3263,-0.5892,-0.0449,0.0501,0.0790
27,2,1997       ,0.9236,-0.7074,0.7910,0.1199,1.3343,1.8477
27,2,1998       ,0.7986,0.9148,0.9450,0.9461,-1.0960,0.4115
27,2,1999       ,0.0982,0.5234,0.6868,-0.9330,0.2180,-0.7893
27,2,2000       ,-0.2011,-1.2957,0.4807,0.1276,-1.1941,-1.3016
27,2,2001       ,-0.1220,0.0322,0.2068,-0.3285,0.1802,-0.9244
27,2,2002       ,0.9228,0.0861,0.4710,-1.8662,0.2750,-0.1731
27,2,2003  ,-99.9,-99.9,-99.9,-99.9,-99.9,-99.9
27,2,2004       ,0.5917,0.3430,0.7523,0.7060,0.5871,-0.3085
27,2,2005       ,-0.3680,-0.3826,0.3886,-2.6120,0.2891,-0.7521
27,2,2006       ,-0.0780,-0.8143,-0.6374,-0.3683,-2.6062,-1.3840
27,2,2007       ,-0.3251,-0.0409,-0.4623,0.4566,-0.4204,-2.4476
27,2,2008       ,0.1026,-0.3997,0.4973,-1.4787,-0.2853,-1.7813
27,2,2009       ,0.3202,-0.0637,-0.2386,-0.0489,-1.5403,-1.2707
27,2,2010       ,-0.0729,-0.6308,-0.0611,0.0526,-0.8198,-1.3494
27,2,2011       ,-1.0515,-0.0369,0.8612,1.0922,-1.8037,0.3447
27,2,2012       ,-1.3856,-1.9635,-1.1981,-0.9373,-1.7213,-1.6202
27,2,2013       ,-0.4692,0.3811,0.7777,0.6569,0.8045,-0.2049
27,2,2014       ,0.1983,-0.1085,-0.2694,-0.6937,-0.3423,-1.7767
27,2,2015       ,0.6704,1.1228,0.3000,1.6123,0.9557,1.7907
27,2,2016       ,-0.3683,0.1860,1.2116,0.7423,0.0664,0.3119
27,2,2017       ,-0.5816,-0.4934,0.7586,1.0652,0.5349,-0.3630
27,2,2018       ,-0.2450,-0.1097,0.9522,0.6815,0.9073,-0.7027
27,2,2019       ,0.8356,0.1866,1.3528,0.7416,-1.1285,1.2280
27,2,2020       ,-0.6142,0.6057,0.3022,1.0350,1.2561,-1.6171
27,2,2021       ,-1.5807,-0.7379,0.4034,-0.0375,-2.0550,-1.3885
27,2,2022       ,-0.6649,0.1153,-0.5824,0.2800,-2.2488,-2.2543
